
[INFO]  (27/10/2016 - 23:59:39) -  - LogEngine - INITIALIZED! to [DEBUG]  Channel [FILE] 
[INFO]  (27/10/2016 - 23:59:39) -  - ================ [SSNETWORKMANAGER-CLIENT - INI] ================
[INFO]  (27/10/2016 - 23:59:44) -  - [SSNETWORKMANAGER::Main] OPEN PORT (20001)
[INFO]  (27/10/2016 - 23:59:45) -  - [SSNETWORKMANAGER::Main] OPEN MAP (1)
[INFO]  (27/10/2016 - 23:59:45) -  - [SSNETWORKMANAGER::Main] OPEN SESSION (1)
[INFO]  (27/10/2016 - 23:59:45) -  - [CompressPacket::Init] LZO CONF SUCCESSFUL version [2.09], version_date [Feb 04 2015]
[DEBUG] (27/10/2016 - 23:59:45) -  - [SSNETWORKMANAGER::createEnvirontment] -- SET VARIABLES ON
[DEBUG] (27/10/2016 - 23:59:46) -  - [SSNETWORKMANAGER::initConnectionUDP] --> INITCONNNECTIONUDP DONE!
[INFO]  (27/10/2016 - 23:59:46) -  - [SSNETWORKMANAGER::establishCommunicationUDP] --> QRY_CONECTION TRAMASEND[1] TRAMAGET[0]
[WARN]  (27/10/2016 - 23:59:46) -  - [CompressPacket::Compress] CANNOT COMPRESS INPUT DATA SIZE [33], OUTPUT DATA SIZE [35]
[WARN]  (27/10/2016 - 23:59:46) -  - [SSNETWORKMANAGER::sendMsgToServerUPD] --> size_data_before_compression [33] size_data_after_compression [0] 
[DEBUG] (27/10/2016 - 23:59:46) -  - [SSNETWORKMANAGER::sendMsgToServerUDP] CLIENT MSG TO SERVER [010000000000100000000000001065535] size [33]
[WARN]  (27/10/2016 - 23:59:46) -  - [SSNETWORKMANAGER::getMsgFromServerUDP] --> SOCKET INACTIVE DURING [0] MS
[WARN]  (27/10/2016 - 23:59:46) -  - [SSNETWORKMANAGER::getMsgFromServerUDP] --> SOCKET INACTIVE DURING [4] MS
[WARN]  (27/10/2016 - 23:59:46) -  - [SSNETWORKMANAGER::getMsgFromServerUDP] --> SOCKET INACTIVE DURING [8] MS
[WARN]  (27/10/2016 - 23:59:46) -  - [SSNETWORKMANAGER::getMsgFromServerUDP] --> SOCKET INACTIVE DURING [15] MS
[WARN]  (27/10/2016 - 23:59:46) -  - [SSNETWORKMANAGER::getMsgFromServerUDP] --> SOCKET INACTIVE DURING [19] MS
[WARN]  (27/10/2016 - 23:59:46) -  - [SSNETWORKMANAGER::getMsgFromServerUDP] --> SOCKET INACTIVE DURING [24] MS
[WARN]  (27/10/2016 - 23:59:46) -  - [SSNETWORKMANAGER::getMsgFromServerUDP] --> SOCKET INACTIVE DURING [29] MS
[WARN]  (27/10/2016 - 23:59:46) -  - [SSNETWORKMANAGER::getMsgFromServerUDP] --> SOCKET INACTIVE DURING [35] MS
[WARN]  (27/10/2016 - 23:59:46) -  - [SSNETWORKMANAGER::getMsgFromServerUDP] --> SOCKET INACTIVE DURING [39] MS
[WARN]  (27/10/2016 - 23:59:46) -  - [SSNETWORKMANAGER::getMsgFromServerUDP] --> SOCKET INACTIVE DURING [50] MS
[WARN]  (27/10/2016 - 23:59:46) -  - [SSNETWORKMANAGER::getMsgFromServerUDP] --> SOCKET INACTIVE DURING [55] MS
[WARN]  (27/10/2016 - 23:59:46) -  - [SSNETWORKMANAGER::getMsgFromServerUDP] --> SOCKET INACTIVE DURING [59] MS
[WARN]  (27/10/2016 - 23:59:46) -  - [SSNETWORKMANAGER::getMsgFromServerUDP] --> SOCKET INACTIVE DURING [67] MS
[WARN]  (27/10/2016 - 23:59:46) -  - [SSNETWORKMANAGER::getMsgFromServerUDP] --> SOCKET INACTIVE DURING [72] MS
[WARN]  (27/10/2016 - 23:59:46) -  - [SSNETWORKMANAGER::getMsgFromServerUDP] --> SOCKET INACTIVE DURING [76] MS
[WARN]  (27/10/2016 - 23:59:46) -  - [SSNETWORKMANAGER::getMsgFromServerUDP] --> SOCKET INACTIVE DURING [85] MS
[WARN]  (27/10/2016 - 23:59:46) -  - [SSNETWORKMANAGER::getMsgFromServerUDP] --> SOCKET INACTIVE DURING [92] MS
[WARN]  (27/10/2016 - 23:59:46) -  - [SSNETWORKMANAGER::getMsgFromServerUDP] --> SOCKET INACTIVE DURING [99] MS
[WARN]  (27/10/2016 - 23:59:46) -  - [SSNETWORKMANAGER::getMsgFromServerUDP] --> SOCKET INACTIVE DURING [103] MS
[WARN]  (27/10/2016 - 23:59:46) -  - [SSNETWORKMANAGER::getMsgFromServerUDP] --> SOCKET INACTIVE DURING [107] MS
[WARN]  (27/10/2016 - 23:59:46) -  - [SSNETWORKMANAGER::getMsgFromServerUDP] --> SOCKET INACTIVE DURING [115] MS
[WARN]  (27/10/2016 - 23:59:46) -  - [SSNETWORKMANAGER::getMsgFromServerUDP] --> SOCKET INACTIVE DURING [120] MS
[WARN]  (27/10/2016 - 23:59:46) -  - [SSNETWORKMANAGER::getMsgFromServerUDP] --> SOCKET INACTIVE DURING [124] MS
[WARN]  (27/10/2016 - 23:59:46) -  - [SSNETWORKMANAGER::getMsgFromServerUDP] --> SOCKET INACTIVE DURING [132] MS
[WARN]  (27/10/2016 - 23:59:46) -  - [SSNETWORKMANAGER::getMsgFromServerUDP] --> SOCKET INACTIVE DURING [136] MS
[WARN]  (27/10/2016 - 23:59:46) -  - [SSNETWORKMANAGER::getMsgFromServerUDP] --> SOCKET INACTIVE DURING [141] MS
[WARN]  (27/10/2016 - 23:59:46) -  - [SSNETWORKMANAGER::getMsgFromServerUDP] --> SOCKET INACTIVE DURING [147] MS
[WARN]  (27/10/2016 - 23:59:46) -  - [SSNETWORKMANAGER::getMsgFromServerUDP] --> SOCKET INACTIVE DURING [152] MS
[WARN]  (27/10/2016 - 23:59:46) -  - [SSNETWORKMANAGER::getMsgFromServerUDP] --> SOCKET INACTIVE DURING [157] MS
[WARN]  (27/10/2016 - 23:59:46) -  - [SSNETWORKMANAGER::getMsgFromServerUDP] --> SOCKET INACTIVE DURING [163] MS
[WARN]  (27/10/2016 - 23:59:46) -  - [SSNETWORKMANAGER::getMsgFromServerUDP] --> SOCKET INACTIVE DURING [167] MS
[WARN]  (27/10/2016 - 23:59:46) -  - [SSNETWORKMANAGER::getMsgFromServerUDP] --> SOCKET INACTIVE DURING [171] MS
[WARN]  (27/10/2016 - 23:59:46) -  - [SSNETWORKMANAGER::getMsgFromServerUDP] --> SOCKET INACTIVE DURING [175] MS
[WARN]  (27/10/2016 - 23:59:46) -  - [SSNETWORKMANAGER::getMsgFromServerUDP] --> SOCKET INACTIVE DURING [180] MS
[WARN]  (27/10/2016 - 23:59:46) -  - [SSNETWORKMANAGER::getMsgFromServerUDP] --> SOCKET INACTIVE DURING [184] MS
[WARN]  (27/10/2016 - 23:59:46) -  - [SSNETWORKMANAGER::getMsgFromServerUDP] --> SOCKET INACTIVE DURING [187] MS
[WARN]  (27/10/2016 - 23:59:46) -  - [SSNETWORKMANAGER::getMsgFromServerUDP] --> SOCKET INACTIVE DURING [191] MS
[WARN]  (27/10/2016 - 23:59:46) -  - [SSNETWORKMANAGER::getMsgFromServerUDP] --> SOCKET INACTIVE DURING [197] MS
[WARN]  (27/10/2016 - 23:59:46) -  - [SSNETWORKMANAGER::getMsgFromServerUDP] --> SOCKET INACTIVE DURING [201] MS
[WARN]  (27/10/2016 - 23:59:46) -  - [SSNETWORKMANAGER::getMsgFromServerUDP] --> SOCKET INACTIVE DURING [205] MS
[WARN]  (27/10/2016 - 23:59:46) -  - [SSNETWORKMANAGER::getMsgFromServerUDP] --> SOCKET INACTIVE DURING [213] MS
[WARN]  (27/10/2016 - 23:59:46) -  - [SSNETWORKMANAGER::getMsgFromServerUDP] --> SOCKET INACTIVE DURING [219] MS
[WARN]  (27/10/2016 - 23:59:46) -  - [SSNETWORKMANAGER::getMsgFromServerUDP] --> SOCKET INACTIVE DURING [223] MS
[WARN]  (27/10/2016 - 23:59:46) -  - [SSNETWORKMANAGER::getMsgFromServerUDP] --> SOCKET INACTIVE DURING [230] MS
[WARN]  (27/10/2016 - 23:59:46) -  - [SSNETWORKMANAGER::getMsgFromServerUDP] --> SOCKET INACTIVE DURING [235] MS
[WARN]  (27/10/2016 - 23:59:46) -  - [SSNETWORKMANAGER::getMsgFromServerUDP] --> SOCKET INACTIVE DURING [239] MS
[WARN]  (27/10/2016 - 23:59:46) -  - [SSNETWORKMANAGER::getMsgFromServerUDP] --> SOCKET INACTIVE DURING [245] MS
[WARN]  (27/10/2016 - 23:59:46) -  - [SSNETWORKMANAGER::getMsgFromServerUDP] --> SOCKET INACTIVE DURING [251] MS
[WARN]  (27/10/2016 - 23:59:46) -  - [SSNETWORKMANAGER::getMsgFromServerUDP] --> SOCKET INACTIVE DURING [256] MS
[WARN]  (27/10/2016 - 23:59:46) -  - [SSNETWORKMANAGER::getMsgFromServerUDP] --> SOCKET INACTIVE DURING [262] MS
[WARN]  (27/10/2016 - 23:59:46) -  - [SSNETWORKMANAGER::getMsgFromServerUDP] --> SOCKET INACTIVE DURING [266] MS
[WARN]  (27/10/2016 - 23:59:46) -  - [SSNETWORKMANAGER::getMsgFromServerUDP] --> SOCKET INACTIVE DURING [271] MS
[WARN]  (27/10/2016 - 23:59:46) -  - [SSNETWORKMANAGER::getMsgFromServerUDP] --> SOCKET INACTIVE DURING [277] MS
[WARN]  (27/10/2016 - 23:59:46) -  - [SSNETWORKMANAGER::getMsgFromServerUDP] --> SOCKET INACTIVE DURING [281] MS
[WARN]  (27/10/2016 - 23:59:46) -  - [SSNETWORKMANAGER::getMsgFromServerUDP] --> SOCKET INACTIVE DURING [286] MS
[WARN]  (27/10/2016 - 23:59:46) -  - [SSNETWORKMANAGER::getMsgFromServerUDP] --> SOCKET INACTIVE DURING [291] MS
[WARN]  (27/10/2016 - 23:59:46) -  - [SSNETWORKMANAGER::getMsgFromServerUDP] --> SOCKET INACTIVE DURING [296] MS
[WARN]  (27/10/2016 - 23:59:46) -  - [SSNETWORKMANAGER::getMsgFromServerUDP] --> SOCKET INACTIVE DURING [300] MS
[WARN]  (27/10/2016 - 23:59:46) -  - [SSNETWORKMANAGER::getMsgFromServerUDP] --> SOCKET INACTIVE DURING [304] MS
[WARN]  (27/10/2016 - 23:59:46) -  - [SSNETWORKMANAGER::getMsgFromServerUDP] --> SOCKET INACTIVE DURING [308] MS
[WARN]  (27/10/2016 - 23:59:46) -  - [SSNETWORKMANAGER::getMsgFromServerUDP] --> SOCKET INACTIVE DURING [313] MS
[WARN]  (27/10/2016 - 23:59:46) -  - [SSNETWORKMANAGER::getMsgFromServerUDP] --> SOCKET INACTIVE DURING [317] MS
[WARN]  (27/10/2016 - 23:59:46) -  - [SSNETWORKMANAGER::getMsgFromServerUDP] --> SOCKET INACTIVE DURING [321] MS
[WARN]  (27/10/2016 - 23:59:46) -  - [SSNETWORKMANAGER::getMsgFromServerUDP] --> SOCKET INACTIVE DURING [329] MS
[WARN]  (27/10/2016 - 23:59:46) -  - [SSNETWORKMANAGER::getMsgFromServerUDP] --> SOCKET INACTIVE DURING [333] MS
[WARN]  (27/10/2016 - 23:59:46) -  - [SSNETWORKMANAGER::getMsgFromServerUDP] --> SOCKET INACTIVE DURING [337] MS
[WARN]  (27/10/2016 - 23:59:46) -  - [SSNETWORKMANAGER::getMsgFromServerUDP] --> SOCKET INACTIVE DURING [344] MS
[WARN]  (27/10/2016 - 23:59:46) -  - [SSNETWORKMANAGER::getMsgFromServerUDP] --> SOCKET INACTIVE DURING [350] MS
[WARN]  (27/10/2016 - 23:59:46) -  - [SSNETWORKMANAGER::getMsgFromServerUDP] --> SOCKET INACTIVE DURING [353] MS
[WARN]  (27/10/2016 - 23:59:46) -  - [SSNETWORKMANAGER::getMsgFromServerUDP] --> SOCKET INACTIVE DURING [357] MS
[WARN]  (27/10/2016 - 23:59:46) -  - [SSNETWORKMANAGER::getMsgFromServerUDP] --> SOCKET INACTIVE DURING [363] MS
[WARN]  (27/10/2016 - 23:59:46) -  - [SSNETWORKMANAGER::getMsgFromServerUDP] --> SOCKET INACTIVE DURING [366] MS
[WARN]  (27/10/2016 - 23:59:46) -  - [SSNETWORKMANAGER::getMsgFromServerUDP] --> SOCKET INACTIVE DURING [370] MS
[WARN]  (27/10/2016 - 23:59:46) -  - [SSNETWORKMANAGER::getMsgFromServerUDP] --> SOCKET INACTIVE DURING [375] MS
[WARN]  (27/10/2016 - 23:59:46) -  - [SSNETWORKMANAGER::getMsgFromServerUDP] --> SOCKET INACTIVE DURING [380] MS
[WARN]  (27/10/2016 - 23:59:46) -  - [SSNETWORKMANAGER::getMsgFromServerUDP] --> SOCKET INACTIVE DURING [385] MS
[WARN]  (27/10/2016 - 23:59:46) -  - [SSNETWORKMANAGER::getMsgFromServerUDP] --> SOCKET INACTIVE DURING [389] MS
[WARN]  (27/10/2016 - 23:59:46) -  - [SSNETWORKMANAGER::getMsgFromServerUDP] --> SOCKET INACTIVE DURING [395] MS
[WARN]  (27/10/2016 - 23:59:46) -  - [SSNETWORKMANAGER::getMsgFromServerUDP] --> SOCKET INACTIVE DURING [400] MS
[WARN]  (27/10/2016 - 23:59:46) -  - [SSNETWORKMANAGER::getMsgFromServerUDP] --> SOCKET INACTIVE DURING [405] MS
[WARN]  (27/10/2016 - 23:59:46) -  - [SSNETWORKMANAGER::getMsgFromServerUDP] --> SOCKET INACTIVE DURING [409] MS
[WARN]  (27/10/2016 - 23:59:46) -  - [SSNETWORKMANAGER::getMsgFromServerUDP] --> SOCKET INACTIVE DURING [414] MS
[WARN]  (27/10/2016 - 23:59:46) -  - [SSNETWORKMANAGER::getMsgFromServerUDP] --> SOCKET INACTIVE DURING [418] MS
[WARN]  (27/10/2016 - 23:59:46) -  - [SSNETWORKMANAGER::getMsgFromServerUDP] --> SOCKET INACTIVE DURING [422] MS
[WARN]  (27/10/2016 - 23:59:46) -  - [SSNETWORKMANAGER::getMsgFromServerUDP] --> SOCKET INACTIVE DURING [426] MS
[WARN]  (27/10/2016 - 23:59:46) -  - [SSNETWORKMANAGER::getMsgFromServerUDP] --> SOCKET INACTIVE DURING [431] MS
[WARN]  (27/10/2016 - 23:59:46) -  - [SSNETWORKMANAGER::getMsgFromServerUDP] --> SOCKET INACTIVE DURING [435] MS
[WARN]  (27/10/2016 - 23:59:46) -  - [SSNETWORKMANAGER::getMsgFromServerUDP] --> SOCKET INACTIVE DURING [438] MS
[WARN]  (27/10/2016 - 23:59:46) -  - [SSNETWORKMANAGER::getMsgFromServerUDP] --> SOCKET INACTIVE DURING [444] MS
[WARN]  (27/10/2016 - 23:59:46) -  - [SSNETWORKMANAGER::getMsgFromServerUDP] --> SOCKET INACTIVE DURING [449] MS
[WARN]  (27/10/2016 - 23:59:46) -  - [SSNETWORKMANAGER::getMsgFromServerUDP] --> SOCKET INACTIVE DURING [452] MS
[WARN]  (27/10/2016 - 23:59:46) -  - [SSNETWORKMANAGER::getMsgFromServerUDP] --> SOCKET INACTIVE DURING [457] MS
[WARN]  (27/10/2016 - 23:59:46) -  - [SSNETWORKMANAGER::getMsgFromServerUDP] --> SOCKET INACTIVE DURING [462] MS
[WARN]  (27/10/2016 - 23:59:46) -  - [SSNETWORKMANAGER::getMsgFromServerUDP] --> SOCKET INACTIVE DURING [466] MS
[WARN]  (27/10/2016 - 23:59:46) -  - [SSNETWORKMANAGER::getMsgFromServerUDP] --> SOCKET INACTIVE DURING [470] MS
[WARN]  (27/10/2016 - 23:59:46) -  - [SSNETWORKMANAGER::getMsgFromServerUDP] --> SOCKET INACTIVE DURING [474] MS
[WARN]  (27/10/2016 - 23:59:46) -  - [SSNETWORKMANAGER::getMsgFromServerUDP] --> SOCKET INACTIVE DURING [479] MS
[WARN]  (27/10/2016 - 23:59:46) -  - [SSNETWORKMANAGER::getMsgFromServerUDP] --> SOCKET INACTIVE DURING [484] MS
[WARN]  (27/10/2016 - 23:59:46) -  - [SSNETWORKMANAGER::getMsgFromServerUDP] --> SOCKET INACTIVE DURING [488] MS
[WARN]  (27/10/2016 - 23:59:46) -  - [SSNETWORKMANAGER::getMsgFromServerUDP] --> SOCKET INACTIVE DURING [495] MS
[WARN]  (27/10/2016 - 23:59:46) -  - [SSNETWORKMANAGER::getMsgFromServerUDP] --> SOCKET INACTIVE DURING [500] MS
[WARN]  (27/10/2016 - 23:59:46) -  - [SSNETWORKMANAGER::getMsgFromServerUDP] --> SOCKET INACTIVE DURING [504] MS
[WARN]  (27/10/2016 - 23:59:46) -  - [SSNETWORKMANAGER::getMsgFromServerUDP] --> SOCKET INACTIVE DURING [511] MS
[WARN]  (27/10/2016 - 23:59:46) -  - [SSNETWORKMANAGER::getMsgFromServerUDP] --> SOCKET INACTIVE DURING [515] MS
[WARN]  (27/10/2016 - 23:59:46) -  - [SSNETWORKMANAGER::establishCommunicationUDP] --> ACK SERVER FAILED (CONNECTION FAILED)