
[INFO]  (05/10/2016 - 00:14:26) -  - LogEngine - INITIALIZED! to [DEBUG]  Channel [FILE] 
[INFO]  (05/10/2016 - 00:14:26) -  - ================ [SSNETWORKMANAGER-CLIENT - INI] ================
[INFO]  (05/10/2016 - 00:14:26) -  - [CompressPacket::Init] LZO CONF SUCCESSFUL version [2.09], version_date [Feb 04 2015]
[DEBUG] (05/10/2016 - 00:14:26) -  - [SSNETWORKMANAGER::createEnvirontment] -- SET VARIABLES ON
[DEBUG] (05/10/2016 - 00:14:26) -  - [SSNETWORKMANAGER::initConnectionUDP] --> INITCONNNECTIONUDP DONE!
[WARN]  (05/10/2016 - 00:14:26) -  - [CompressPacket::Compress] CANNOT COMPRESS INPUT DATA SIZE [33], OUTPUT DATA SIZE [35]
[WARN]  (05/10/2016 - 00:14:26) -  - [SSNETWORKMANAGER::sendMsgToServerUPD] --> size_data_before_compression [33] size_data_after_compression [0] 
[DEBUG] (05/10/2016 - 00:14:26) -  - [SSNETWORKMANAGER::sendMsgToServerUDP] CLIENT MSG TO SERVER [010000000000100000000000001065535] size [33]
[WARN]  (05/10/2016 - 00:14:26) -  - [SSNETWORKMANAGER::getMsgFromServerUDP] --> SOCKET INACTIVE DURING [0] MS
[WARN]  (05/10/2016 - 00:14:26) -  - [SSNETWORKMANAGER::getMsgFromServerUDP] --> SOCKET INACTIVE DURING [2] MS
[WARN]  (05/10/2016 - 00:14:26) -  - [SSNETWORKMANAGER::getMsgFromServerUDP] --> SOCKET INACTIVE DURING [5] MS
[WARN]  (05/10/2016 - 00:14:26) -  - [SSNETWORKMANAGER::getMsgFromServerUDP] --> SOCKET INACTIVE DURING [9] MS
[WARN]  (05/10/2016 - 00:14:26) -  - [SSNETWORKMANAGER::getMsgFromServerUDP] --> SOCKET INACTIVE DURING [12] MS
[WARN]  (05/10/2016 - 00:14:26) -  - [SSNETWORKMANAGER::getMsgFromServerUDP] --> SOCKET INACTIVE DURING [15] MS
[WARN]  (05/10/2016 - 00:14:26) -  - [SSNETWORKMANAGER::getMsgFromServerUDP] --> SOCKET INACTIVE DURING [18] MS
[WARN]  (05/10/2016 - 00:14:26) -  - [SSNETWORKMANAGER::getMsgFromServerUDP] --> SOCKET INACTIVE DURING [21] MS
[WARN]  (05/10/2016 - 00:14:26) -  - [SSNETWORKMANAGER::getMsgFromServerUDP] --> SOCKET INACTIVE DURING [26] MS
[WARN]  (05/10/2016 - 00:14:26) -  - [SSNETWORKMANAGER::getMsgFromServerUDP] --> SOCKET INACTIVE DURING [29] MS
[WARN]  (05/10/2016 - 00:14:26) -  - [SSNETWORKMANAGER::getMsgFromServerUDP] --> SOCKET INACTIVE DURING [32] MS
[WARN]  (05/10/2016 - 00:14:26) -  - [SSNETWORKMANAGER::getMsgFromServerUDP] --> SOCKET INACTIVE DURING [35] MS
[WARN]  (05/10/2016 - 00:14:26) -  - [SSNETWORKMANAGER::getMsgFromServerUDP] --> SOCKET INACTIVE DURING [38] MS
[WARN]  (05/10/2016 - 00:14:26) -  - [SSNETWORKMANAGER::getMsgFromServerUDP] --> SOCKET INACTIVE DURING [43] MS
[WARN]  (05/10/2016 - 00:14:26) -  - [SSNETWORKMANAGER::getMsgFromServerUDP] --> SOCKET INACTIVE DURING [46] MS
[WARN]  (05/10/2016 - 00:14:26) -  - [SSNETWORKMANAGER::getMsgFromServerUDP] --> SOCKET INACTIVE DURING [49] MS
[WARN]  (05/10/2016 - 00:14:26) -  - [SSNETWORKMANAGER::getMsgFromServerUDP] --> SOCKET INACTIVE DURING [52] MS
[WARN]  (05/10/2016 - 00:14:26) -  - [SSNETWORKMANAGER::getMsgFromServerUDP] --> SOCKET INACTIVE DURING [55] MS
[WARN]  (05/10/2016 - 00:14:26) -  - [SSNETWORKMANAGER::getMsgFromServerUDP] --> SOCKET INACTIVE DURING [59] MS
[WARN]  (05/10/2016 - 00:14:26) -  - [SSNETWORKMANAGER::getMsgFromServerUDP] --> SOCKET INACTIVE DURING [63] MS
[WARN]  (05/10/2016 - 00:14:26) -  - [SSNETWORKMANAGER::getMsgFromServerUDP] --> SOCKET INACTIVE DURING [66] MS
[WARN]  (05/10/2016 - 00:14:26) -  - [SSNETWORKMANAGER::getMsgFromServerUDP] --> SOCKET INACTIVE DURING [69] MS
[WARN]  (05/10/2016 - 00:14:26) -  - [SSNETWORKMANAGER::getMsgFromServerUDP] --> SOCKET INACTIVE DURING [72] MS
[WARN]  (05/10/2016 - 00:14:26) -  - [SSNETWORKMANAGER::getMsgFromServerUDP] --> SOCKET INACTIVE DURING [76] MS
[WARN]  (05/10/2016 - 00:14:26) -  - [SSNETWORKMANAGER::getMsgFromServerUDP] --> SOCKET INACTIVE DURING [79] MS
[WARN]  (05/10/2016 - 00:14:26) -  - [SSNETWORKMANAGER::getMsgFromServerUDP] --> SOCKET INACTIVE DURING [82] MS
[WARN]  (05/10/2016 - 00:14:26) -  - [SSNETWORKMANAGER::getMsgFromServerUDP] --> SOCKET INACTIVE DURING [86] MS
[WARN]  (05/10/2016 - 00:14:26) -  - [SSNETWORKMANAGER::getMsgFromServerUDP] --> SOCKET INACTIVE DURING [89] MS
[WARN]  (05/10/2016 - 00:14:26) -  - [SSNETWORKMANAGER::getMsgFromServerUDP] --> SOCKET INACTIVE DURING [93] MS
[WARN]  (05/10/2016 - 00:14:26) -  - [SSNETWORKMANAGER::getMsgFromServerUDP] --> SOCKET INACTIVE DURING [96] MS
[WARN]  (05/10/2016 - 00:14:26) -  - [SSNETWORKMANAGER::getMsgFromServerUDP] --> SOCKET INACTIVE DURING [100] MS
[WARN]  (05/10/2016 - 00:14:26) -  - [SSNETWORKMANAGER::getMsgFromServerUDP] --> SOCKET INACTIVE DURING [103] MS
[WARN]  (05/10/2016 - 00:14:26) -  - [SSNETWORKMANAGER::getMsgFromServerUDP] --> SOCKET INACTIVE DURING [106] MS
[WARN]  (05/10/2016 - 00:14:26) -  - [SSNETWORKMANAGER::getMsgFromServerUDP] --> SOCKET INACTIVE DURING [110] MS
[WARN]  (05/10/2016 - 00:14:26) -  - [SSNETWORKMANAGER::getMsgFromServerUDP] --> SOCKET INACTIVE DURING [113] MS
[WARN]  (05/10/2016 - 00:14:26) -  - [SSNETWORKMANAGER::getMsgFromServerUDP] --> SOCKET INACTIVE DURING [117] MS
[WARN]  (05/10/2016 - 00:14:26) -  - [SSNETWORKMANAGER::getMsgFromServerUDP] --> SOCKET INACTIVE DURING [120] MS
[WARN]  (05/10/2016 - 00:14:26) -  - [SSNETWORKMANAGER::getMsgFromServerUDP] --> SOCKET INACTIVE DURING [125] MS
[WARN]  (05/10/2016 - 00:14:26) -  - [SSNETWORKMANAGER::getMsgFromServerUDP] --> SOCKET INACTIVE DURING [128] MS
[WARN]  (05/10/2016 - 00:14:26) -  - [SSNETWORKMANAGER::getMsgFromServerUDP] --> SOCKET INACTIVE DURING [131] MS
[WARN]  (05/10/2016 - 00:14:26) -  - [SSNETWORKMANAGER::getMsgFromServerUDP] --> SOCKET INACTIVE DURING [135] MS
[WARN]  (05/10/2016 - 00:14:26) -  - [SSNETWORKMANAGER::getMsgFromServerUDP] --> PACKET RECEIVED [02000000000010000000000100004542100000000001000011]
[DEBUG] (05/10/2016 - 00:14:26) -  - [SSNETWORKMANAGER::establishCommunicationUDP] CRC ACK COMM FROM SERVER [B16D] COMM FROM CLIENT [B16D]
[INFO]  (05/10/2016 - 00:14:26) -  - [SSNETWORKMANAGER::establishCommunicationUDP] --> ACK SERVER ESTABLISHED
[WARN]  (05/10/2016 - 00:14:26) -  - [CompressPacket::Compress] CANNOT COMPRESS INPUT DATA SIZE [33], OUTPUT DATA SIZE [35]
[WARN]  (05/10/2016 - 00:14:26) -  - [SSNETWORKMANAGER::sendMsgToServerUPD] --> size_data_before_compression [33] size_data_after_compression [0] 
[DEBUG] (05/10/2016 - 00:14:26) -  - [SSNETWORKMANAGER::sendMsgToServerUDP] CLIENT MSG TO SERVER [030000000000100000000001001065535] size [33]
[WARN]  (05/10/2016 - 00:14:26) -  - [SSNETWORKMANAGER::getMsgFromServerUDP] --> SOCKET INACTIVE DURING [0] MS
[WARN]  (05/10/2016 - 00:14:26) -  - [SSNETWORKMANAGER::getMsgFromServerUDP] --> SOCKET INACTIVE DURING [3] MS
[WARN]  (05/10/2016 - 00:14:26) -  - [SSNETWORKMANAGER::getMsgFromServerUDP] --> SOCKET INACTIVE DURING [6] MS
[WARN]  (05/10/2016 - 00:14:26) -  - [SSNETWORKMANAGER::getMsgFromServerUDP] --> SOCKET INACTIVE DURING [10] MS
[WARN]  (05/10/2016 - 00:14:26) -  - [SSNETWORKMANAGER::getMsgFromServerUDP] --> SOCKET INACTIVE DURING [14] MS
[WARN]  (05/10/2016 - 00:14:26) -  - [SSNETWORKMANAGER::getMsgFromServerUDP] --> SOCKET INACTIVE DURING [18] MS
[WARN]  (05/10/2016 - 00:14:26) -  - [SSNETWORKMANAGER::getMsgFromServerUDP] --> SOCKET INACTIVE DURING [21] MS
[WARN]  (05/10/2016 - 00:14:26) -  - [SSNETWORKMANAGER::getMsgFromServerUDP] --> SOCKET INACTIVE DURING [25] MS
[WARN]  (05/10/2016 - 00:14:26) -  - [SSNETWORKMANAGER::getMsgFromServerUDP] --> SOCKET INACTIVE DURING [28] MS
[WARN]  (05/10/2016 - 00:14:27) -  - [SSNETWORKMANAGER::getMsgFromServerUDP] --> SOCKET INACTIVE DURING [33] MS
[WARN]  (05/10/2016 - 00:14:27) -  - [SSNETWORKMANAGER::getMsgFromServerUDP] --> SOCKET INACTIVE DURING [36] MS
[WARN]  (05/10/2016 - 00:14:27) -  - [SSNETWORKMANAGER::getMsgFromServerUDP] --> SOCKET INACTIVE DURING [39] MS
[WARN]  (05/10/2016 - 00:14:27) -  - [SSNETWORKMANAGER::getMsgFromServerUDP] --> SOCKET INACTIVE DURING [43] MS
[WARN]  (05/10/2016 - 00:14:27) -  - [SSNETWORKMANAGER::getMsgFromServerUDP] --> SOCKET INACTIVE DURING [47] MS
[WARN]  (05/10/2016 - 00:14:27) -  - [SSNETWORKMANAGER::getMsgFromServerUDP] --> SOCKET INACTIVE DURING [51] MS
[WARN]  (05/10/2016 - 00:14:27) -  - [SSNETWORKMANAGER::getMsgFromServerUDP] --> SOCKET INACTIVE DURING [54] MS
[WARN]  (05/10/2016 - 00:14:27) -  - [SSNETWORKMANAGER::getMsgFromServerUDP] --> SOCKET INACTIVE DURING [57] MS
[WARN]  (05/10/2016 - 00:14:27) -  - [SSNETWORKMANAGER::getMsgFromServerUDP] --> SOCKET INACTIVE DURING [61] MS
[WARN]  (05/10/2016 - 00:14:27) -  - [SSNETWORKMANAGER::getMsgFromServerUDP] --> SOCKET INACTIVE DURING [66] MS
[WARN]  (05/10/2016 - 00:14:27) -  - [SSNETWORKMANAGER::getMsgFromServerUDP] --> SOCKET INACTIVE DURING [70] MS
[WARN]  (05/10/2016 - 00:14:27) -  - [SSNETWORKMANAGER::getMsgFromServerUDP] --> SOCKET INACTIVE DURING [73] MS
[WARN]  (05/10/2016 - 00:14:27) -  - [SSNETWORKMANAGER::getMsgFromServerUDP] --> SOCKET INACTIVE DURING [77] MS
[WARN]  (05/10/2016 - 00:14:27) -  - [SSNETWORKMANAGER::getMsgFromServerUDP] --> SOCKET INACTIVE DURING [81] MS
[WARN]  (05/10/2016 - 00:14:27) -  - [SSNETWORKMANAGER::getMsgFromServerUDP] --> SOCKET INACTIVE DURING [85] MS
[WARN]  (05/10/2016 - 00:14:27) -  - [SSNETWORKMANAGER::getMsgFromServerUDP] --> PACKET RECEIVED [040000000000100000000002001020345001001001004000002004000000000000000000000000]
[DEBUG] (05/10/2016 - 00:14:27) -  - [SSNETWORKMANAGER::LISTACTIVESESSION] CRC GET ACTIVE SESSION COMM FROM SERVER [4F79] COMM FROM CLIENT [4F79]
[INFO]  (05/10/2016 - 00:14:27) -  - [SSNETWORKMANAGER::LISTACTIVESESSION] *** LIST ACTIVE MAPS - ACTIVE SESSION FROM SERVER *** -INI- *** 
[INFO]  (05/10/2016 - 00:14:27) -  - [SSNETWORKMANAGER::LISTACTIVESESSION] mapa_ID [1] session [1] max_Players [4] act_Players[0]
[INFO]  (05/10/2016 - 00:14:27) -  - [SSNETWORKMANAGER::LISTACTIVESESSION] mapa_ID [1] session [2] max_Players [4] act_Players[0]
[INFO]  (05/10/2016 - 00:14:27) -  - [SSNETWORKMANAGER::LISTACTIVESESSION] mapa_ID [0] session [0] max_Players [0] act_Players[0]
[INFO]  (05/10/2016 - 00:14:27) -  - [SSNETWORKMANAGER::LISTACTIVESESSION] mapa_ID [0] session [0] max_Players [0] act_Players[0]
[INFO]  (05/10/2016 - 00:14:27) -  - [SSNETWORKMANAGER::LISTACTIVESESSION] *** LIST ACTIVE MAPS - ACTIVE SESSION FROM SERVER *** -END- *** 
[DEBUG] (05/10/2016 - 00:14:27) -  - [CompressPacket::Compress] INPUT DATA SIZE [75], OUTPUT DATA SIZE [51]
[WARN]  (05/10/2016 - 00:14:27) -  - [SSNETWORKMANAGER::sendMsgToServerUPD] --> size_data_before_compression [75] size_data_after_compression [8] 
[DEBUG] (05/10/2016 - 00:14:27) -  - [SSNETWORKMANAGER::sendMsgToServerUDP] CLIENT MSG TO SERVER [050000000000200000000001001000630000001001000000000000000000000000000000000] size [75]
[WARN]  (05/10/2016 - 00:14:27) -  - [SSNETWORKMANAGER::getMsgFromServerUDP] --> SOCKET INACTIVE DURING [0] MS
[WARN]  (05/10/2016 - 00:14:27) -  - [SSNETWORKMANAGER::getMsgFromServerUDP] --> SOCKET INACTIVE DURING [3] MS
[WARN]  (05/10/2016 - 00:14:27) -  - [SSNETWORKMANAGER::getMsgFromServerUDP] --> SOCKET INACTIVE DURING [7] MS
[WARN]  (05/10/2016 - 00:14:27) -  - [SSNETWORKMANAGER::getMsgFromServerUDP] --> SOCKET INACTIVE DURING [11] MS
[WARN]  (05/10/2016 - 00:14:27) -  - [SSNETWORKMANAGER::getMsgFromServerUDP] --> SOCKET INACTIVE DURING [14] MS
[WARN]  (05/10/2016 - 00:14:27) -  - [SSNETWORKMANAGER::getMsgFromServerUDP] --> SOCKET INACTIVE DURING [18] MS
[WARN]  (05/10/2016 - 00:14:27) -  - [SSNETWORKMANAGER::getMsgFromServerUDP] --> SOCKET INACTIVE DURING [22] MS
[WARN]  (05/10/2016 - 00:14:27) -  - [SSNETWORKMANAGER::getMsgFromServerUDP] --> SOCKET INACTIVE DURING [26] MS
[WARN]  (05/10/2016 - 00:14:27) -  - [SSNETWORKMANAGER::getMsgFromServerUDP] --> SOCKET INACTIVE DURING [29] MS
[WARN]  (05/10/2016 - 00:14:27) -  - [SSNETWORKMANAGER::getMsgFromServerUDP] --> SOCKET INACTIVE DURING [33] MS
[WARN]  (05/10/2016 - 00:14:27) -  - [SSNETWORKMANAGER::getMsgFromServerUDP] --> SOCKET INACTIVE DURING [37] MS
[WARN]  (05/10/2016 - 00:14:27) -  - [SSNETWORKMANAGER::getMsgFromServerUDP] --> SOCKET INACTIVE DURING [41] MS
[WARN]  (05/10/2016 - 00:14:27) -  - [SSNETWORKMANAGER::getMsgFromServerUDP] --> SOCKET INACTIVE DURING [45] MS
[WARN]  (05/10/2016 - 00:14:27) -  - [SSNETWORKMANAGER::getMsgFromServerUDP] --> SOCKET INACTIVE DURING [49] MS
[WARN]  (05/10/2016 - 00:14:27) -  - [SSNETWORKMANAGER::getMsgFromServerUDP] --> SOCKET INACTIVE DURING [52] MS
[WARN]  (05/10/2016 - 00:14:27) -  - [SSNETWORKMANAGER::getMsgFromServerUDP] --> SOCKET INACTIVE DURING [56] MS
[WARN]  (05/10/2016 - 00:14:27) -  - [SSNETWORKMANAGER::getMsgFromServerUDP] --> SOCKET INACTIVE DURING [59] MS
[WARN]  (05/10/2016 - 00:14:27) -  - [SSNETWORKMANAGER::getMsgFromServerUDP] --> SOCKET INACTIVE DURING [64] MS
[WARN]  (05/10/2016 - 00:14:27) -  - [SSNETWORKMANAGER::getMsgFromServerUDP] --> SOCKET INACTIVE DURING [68] MS
[WARN]  (05/10/2016 - 00:14:27) -  - [SSNETWORKMANAGER::getMsgFromServerUDP] --> SOCKET INACTIVE DURING [71] MS
[WARN]  (05/10/2016 - 00:14:27) -  - [SSNETWORKMANAGER::getMsgFromServerUDP] --> SOCKET INACTIVE DURING [76] MS
[WARN]  (05/10/2016 - 00:14:27) -  - [SSNETWORKMANAGER::getMsgFromServerUDP] --> SOCKET INACTIVE DURING [80] MS
[WARN]  (05/10/2016 - 00:14:27) -  - [SSNETWORKMANAGER::getMsgFromServerUDP] --> SOCKET INACTIVE DURING [84] MS
[WARN]  (05/10/2016 - 00:14:27) -  - [SSNETWORKMANAGER::getMsgFromServerUDP] --> SOCKET INACTIVE DURING [88] MS
[WARN]  (05/10/2016 - 00:14:27) -  - [SSNETWORKMANAGER::getMsgFromServerUDP] --> SOCKET INACTIVE DURING [92] MS
[WARN]  (05/10/2016 - 00:14:27) -  - [SSNETWORKMANAGER::getMsgFromServerUDP] --> SOCKET INACTIVE DURING [96] MS
[WARN]  (05/10/2016 - 00:14:27) -  - [SSNETWORKMANAGER::getMsgFromServerUDP] --> SOCKET INACTIVE DURING [100] MS
[WARN]  (05/10/2016 - 00:14:27) -  - [SSNETWORKMANAGER::getMsgFromServerUDP] --> SOCKET INACTIVE DURING [104] MS
[WARN]  (05/10/2016 - 00:14:27) -  - [SSNETWORKMANAGER::getMsgFromServerUDP] --> SOCKET INACTIVE DURING [108] MS
[WARN]  (05/10/2016 - 00:14:27) -  - [SSNETWORKMANAGER::getMsgFromServerUDP] --> SOCKET INACTIVE DURING [111] MS
[WARN]  (05/10/2016 - 00:14:27) -  - [SSNETWORKMANAGER::getMsgFromServerUDP] --> SOCKET INACTIVE DURING [116] MS
[WARN]  (05/10/2016 - 00:14:27) -  - [SSNETWORKMANAGER::getMsgFromServerUDP] --> SOCKET INACTIVE DURING [119] MS
[WARN]  (05/10/2016 - 00:14:27) -  - [SSNETWORKMANAGER::getMsgFromServerUDP] --> SOCKET INACTIVE DURING [123] MS
[WARN]  (05/10/2016 - 00:14:27) -  - [SSNETWORKMANAGER::getMsgFromServerUDP] --> SOCKET INACTIVE DURING [127] MS
[WARN]  (05/10/2016 - 00:14:27) -  - [SSNETWORKMANAGER::getMsgFromServerUDP] --> SOCKET INACTIVE DURING [131] MS
[WARN]  (05/10/2016 - 00:14:27) -  - [SSNETWORKMANAGER::getMsgFromServerUDP] --> SOCKET INACTIVE DURING [137] MS
[WARN]  (05/10/2016 - 00:14:27) -  - [SSNETWORKMANAGER::getMsgFromServerUDP] --> SOCKET INACTIVE DURING [141] MS
[WARN]  (05/10/2016 - 00:14:27) -  - [SSNETWORKMANAGER::getMsgFromServerUDP] --> SOCKET INACTIVE DURING [146] MS
[WARN]  (05/10/2016 - 00:14:27) -  - [SSNETWORKMANAGER::getMsgFromServerUDP] --> SOCKET INACTIVE DURING [150] MS
[WARN]  (05/10/2016 - 00:14:27) -  - [SSNETWORKMANAGER::getMsgFromServerUDP] --> SOCKET INACTIVE DURING [155] MS
[WARN]  (05/10/2016 - 00:14:27) -  - [SSNETWORKMANAGER::getMsgFromServerUDP] --> SOCKET INACTIVE DURING [159] MS
[WARN]  (05/10/2016 - 00:14:27) -  - [SSNETWORKMANAGER::getMsgFromServerUDP] --> SOCKET INACTIVE DURING [162] MS
[WARN]  (05/10/2016 - 00:14:27) -  - [SSNETWORKMANAGER::getMsgFromServerUDP] --> SOCKET INACTIVE DURING [168] MS
[WARN]  (05/10/2016 - 00:14:27) -  - [SSNETWORKMANAGER::getMsgFromServerUDP] --> SOCKET INACTIVE DURING [173] MS
[WARN]  (05/10/2016 - 00:14:27) -  - [SSNETWORKMANAGER::getMsgFromServerUDP] --> SOCKET INACTIVE DURING [177] MS
[WARN]  (05/10/2016 - 00:14:27) -  - [SSNETWORKMANAGER::getMsgFromServerUDP] --> SOCKET INACTIVE DURING [181] MS
[WARN]  (05/10/2016 - 00:14:27) -  - [SSNETWORKMANAGER::getMsgFromServerUDP] --> PACKET RECEIVED [060000000000200000000002001023683000001001004000230010000000000000000064064]
[DEBUG] (05/10/2016 - 00:14:27) -  - [SSNETWORKMANAGER::MAIN] CRC TRAMA_ACK_SESSION COMM FROM SERVER [23683] COMM FROM CLIENT [23683]
[DEBUG] (05/10/2016 - 00:14:27) -  - [SSNETWORKMANAGER::MAIN] SESSION PLAYER Map:1 Session:1 IdPlayer:23 lvl:1 pos:(0.000000,0.000000) width:64, height:64