
[INFO]  (07/09/2016 - 23:29:31) -  - LogEngine - INITIALIZED! to [DEBUG]  Channel [FILE] 
[INFO]  (07/09/2016 - 23:29:31) -  - ================ [SSNETWORKMANAGER-SERVER - INI] ================
[INFO]  (07/09/2016 - 23:29:31) -  - [CompressPacket::Init] LZO CONF SUCCESSFUL version [2.09], version_date [Feb 04 2015]
[DEBUG] (07/09/2016 - 23:29:31) -  - [SSNETWORKMANAGERSERVER::initCommunicationUDP] listen from 0.0.0.0/[8888]
[DEBUG] (07/09/2016 - 23:29:31) -  - [SSNETWORKMANAGERSERVER::initCommunicationUDP] [8] sockets created
[INFO]  (07/09/2016 - 23:29:31) -  - [SSNETWORKMANAGERSERVER::initCommunicationUDP] UDP CONFIGURATION DONE!
[DEBUG] (07/09/2016 - 23:29:31) -  - [UDPDispatcherSession::createEnvirontment] -- SET UP PARAMETERS FOR MAP [1] SESSION [1]
[DEBUG] (07/09/2016 - 23:29:31) -  - [UDPDispatcherSession::createEnvirontment] -- SET UP PARAMETERS FOR MAP [1] SESSION [2]
[INFO]  (07/09/2016 - 23:29:31) -  - [UDPDispatcherSessionManager::activeSession] --> SESSIONS CREATED
[DEBUG] (07/09/2016 - 23:29:31) -  - [UDPDispatcherSession::Run] [027f1a70] ****
[DEBUG] (07/09/2016 - 23:29:31) -  - [DYNAMICENTITY::VONUPDATE] NEW POSITION MAP[1] SESSION[1] ENEMY ID:[4] (lvl:1,x:576.000000,y:448.000000)
[DEBUG] (07/09/2016 - 23:29:31) -  - [DYNAMICENTITY::VONUPDATE] NEW POSITION MAP[1] SESSION[1] ENEMY ID:[5] (lvl:1,x:896.000000,y:384.000000)
[DEBUG] (07/09/2016 - 23:29:31) -  - [DYNAMICENTITY::VONUPDATE] NEW POSITION MAP[1] SESSION[1] ENEMY ID:[6] (lvl:1,x:64.000000,y:448.000000)
[DEBUG] (07/09/2016 - 23:29:31) -  - [UDPDispatcherSession::Run] [027f1d50] ****
[DEBUG] (07/09/2016 - 23:29:31) -  - [DYNAMICENTITY::VONUPDATE] NEW POSITION MAP[1] SESSION[1] ACTIVE ELEMENTS ID:[14] (lvl:1,x:384.000000,y:256.000000)
[DEBUG] (07/09/2016 - 23:29:31) -  - [DYNAMICENTITY::VONUPDATE] NEW POSITION MAP[1] SESSION[2] ENEMY ID:[4] (lvl:1,x:576.000000,y:448.000000)
[DEBUG] (07/09/2016 - 23:29:31) -  - [DYNAMICENTITY::VONUPDATE] NEW POSITION MAP[1] SESSION[2] ENEMY ID:[5] (lvl:1,x:896.000000,y:384.000000)
[DEBUG] (07/09/2016 - 23:29:31) -  - [DYNAMICENTITY::VONUPDATE] NEW POSITION MAP[1] SESSION[2] ENEMY ID:[6] (lvl:1,x:64.000000,y:448.000000)
[DEBUG] (07/09/2016 - 23:29:31) -  - [DYNAMICENTITY::VONUPDATE] NEW POSITION MAP[1] SESSION[1] ACTIVE ELEMENTS ID:[15] (lvl:1,x:128.000000,y:704.000000)
[DEBUG] (07/09/2016 - 23:29:31) -  - [DYNAMICENTITY::VONUPDATE] NEW POSITION MAP[1] SESSION[1] ACTIVE ELEMENTS ID:[16] (lvl:1,x:576.000000,y:0.000000)
[DEBUG] (07/09/2016 - 23:29:31) -  - [DYNAMICENTITY::VONUPDATE] NEW POSITION MAP[1] SESSION[1] ENEMY ID:[7] (lvl:2,x:64.000000,y:320.000000)
[DEBUG] (07/09/2016 - 23:29:31) -  - [DYNAMICENTITY::VONUPDATE] NEW POSITION MAP[1] SESSION[2] ACTIVE ELEMENTS ID:[14] (lvl:1,x:384.000000,y:256.000000)
[DEBUG] (07/09/2016 - 23:29:31) -  - [DYNAMICENTITY::VONUPDATE] NEW POSITION MAP[1] SESSION[2] ACTIVE ELEMENTS ID:[15] (lvl:1,x:128.000000,y:704.000000)
[DEBUG] (07/09/2016 - 23:29:31) -  - [DYNAMICENTITY::VONUPDATE] NEW POSITION MAP[1] SESSION[1] ENEMY ID:[8] (lvl:2,x:576.000000,y:640.000000)
[DEBUG] (07/09/2016 - 23:29:31) -  - [DYNAMICENTITY::VONUPDATE] NEW POSITION MAP[1] SESSION[1] ENEMY ID:[9] (lvl:2,x:192.000000,y:512.000000)
[DEBUG] (07/09/2016 - 23:29:31) -  - [DYNAMICENTITY::VONUPDATE] NEW POSITION MAP[1] SESSION[2] ACTIVE ELEMENTS ID:[16] (lvl:1,x:576.000000,y:0.000000)
[DEBUG] (07/09/2016 - 23:29:31) -  - [DYNAMICENTITY::VONUPDATE] NEW POSITION MAP[1] SESSION[2] ENEMY ID:[7] (lvl:2,x:64.000000,y:320.000000)
[DEBUG] (07/09/2016 - 23:29:31) -  - [DYNAMICENTITY::VONUPDATE] NEW POSITION MAP[1] SESSION[2] ENEMY ID:[8] (lvl:2,x:576.000000,y:640.000000)
[DEBUG] (07/09/2016 - 23:29:31) -  - [DYNAMICENTITY::VONUPDATE] NEW POSITION MAP[1] SESSION[2] ENEMY ID:[9] (lvl:2,x:192.000000,y:512.000000)
[DEBUG] (07/09/2016 - 23:29:31) -  - [DYNAMICENTITY::VONUPDATE] NEW POSITION MAP[1] SESSION[2] ACTIVE ELEMENTS ID:[17] (lvl:2,x:704.000000,y:128.000000)
[DEBUG] (07/09/2016 - 23:29:31) -  - [DYNAMICENTITY::VONUPDATE] NEW POSITION MAP[1] SESSION[2] ACTIVE ELEMENTS ID:[18] (lvl:2,x:448.000000,y:320.000000)
[DEBUG] (07/09/2016 - 23:29:31) -  - [DYNAMICENTITY::VONUPDATE] NEW POSITION MAP[1] SESSION[2] ACTIVE ELEMENTS ID:[19] (lvl:2,x:896.000000,y:640.000000)
[DEBUG] (07/09/2016 - 23:29:31) -  - [DYNAMICENTITY::VONUPDATE] NEW POSITION MAP[1] SESSION[1] ACTIVE ELEMENTS ID:[17] (lvl:2,x:704.000000,y:128.000000)
[DEBUG] (07/09/2016 - 23:29:31) -  - [DYNAMICENTITY::VONUPDATE] NEW POSITION MAP[1] SESSION[2] ENEMY ID:[10] (lvl:3,x:256.000000,y:384.000000)
[DEBUG] (07/09/2016 - 23:29:31) -  - [DYNAMICENTITY::VONUPDATE] NEW POSITION MAP[1] SESSION[1] ACTIVE ELEMENTS ID:[18] (lvl:2,x:448.000000,y:320.000000)
[DEBUG] (07/09/2016 - 23:29:31) -  - [DYNAMICENTITY::VONUPDATE] NEW POSITION MAP[1] SESSION[2] ENEMY ID:[11] (lvl:3,x:832.000000,y:576.000000)
[DEBUG] (07/09/2016 - 23:29:31) -  - [DYNAMICENTITY::VONUPDATE] NEW POSITION MAP[1] SESSION[2] ENEMY ID:[12] (lvl:3,x:384.000000,y:320.000000)
[DEBUG] (07/09/2016 - 23:29:31) -  - [DYNAMICENTITY::VONUPDATE] NEW POSITION MAP[1] SESSION[2] ACTIVE ELEMENTS ID:[20] (lvl:3,x:448.000000,y:192.000000)
[DEBUG] (07/09/2016 - 23:29:31) -  - [DYNAMICENTITY::VONUPDATE] NEW POSITION MAP[1] SESSION[2] ACTIVE ELEMENTS ID:[21] (lvl:3,x:192.000000,y:448.000000)
[DEBUG] (07/09/2016 - 23:29:31) -  - [DYNAMICENTITY::VONUPDATE] NEW POSITION MAP[1] SESSION[2] ACTIVE ELEMENTS ID:[22] (lvl:3,x:832.000000,y:576.000000)
[DEBUG] (07/09/2016 - 23:29:31) -  - [DYNAMICENTITY::VONUPDATE] NEW POSITION MAP[1] SESSION[1] ACTIVE ELEMENTS ID:[19] (lvl:2,x:896.000000,y:640.000000)
[DEBUG] (07/09/2016 - 23:29:31) -  - [DYNAMICENTITY::VONUPDATE] POSITION REMOTE PLAYER ID:[24] (lvl:1,x:960.000000,y:0.000000)
[DEBUG] (07/09/2016 - 23:29:31) -  - [DYNAMICENTITY::VONUPDATE] NEW POSITION MAP[1] SESSION[1] ENEMY ID:[10] (lvl:3,x:256.000000,y:384.000000)
[DEBUG] (07/09/2016 - 23:29:31) -  - [DYNAMICENTITY::VONUPDATE] NEW POSITION MAP[1] SESSION[1] ENEMY ID:[11] (lvl:3,x:832.000000,y:576.000000)
[DEBUG] (07/09/2016 - 23:29:31) -  - [DYNAMICENTITY::VONUPDATE] NEW POSITION MAP[1] SESSION[1] ENEMY ID:[12] (lvl:3,x:384.000000,y:320.000000)
[DEBUG] (07/09/2016 - 23:29:31) -  - [DYNAMICENTITY::VONUPDATE] NEW POSITION MAP[1] SESSION[1] ACTIVE ELEMENTS ID:[20] (lvl:3,x:448.000000,y:192.000000)
[DEBUG] (07/09/2016 - 23:29:31) -  - [DYNAMICENTITY::VONUPDATE] NEW POSITION MAP[1] SESSION[1] ACTIVE ELEMENTS ID:[21] (lvl:3,x:192.000000,y:448.000000)
[DEBUG] (07/09/2016 - 23:29:31) -  - [DYNAMICENTITY::VONUPDATE] NEW POSITION MAP[1] SESSION[1] ACTIVE ELEMENTS ID:[22] (lvl:3,x:832.000000,y:576.000000)
[DEBUG] (07/09/2016 - 23:29:31) -  - [DYNAMICENTITY::VONUPDATE] POSITION REMOTE PLAYER ID:[24] (lvl:1,x:960.000000,y:0.000000)
[DEBUG] (07/09/2016 - 23:29:31) -  - [UDPDispatcherSession::Run] [027f1d50] ****
[DEBUG] (07/09/2016 - 23:29:31) -  - [UDPDispatcherSession::Run] [027f1d50] ****
[DEBUG] (07/09/2016 - 23:29:31) -  - [DYNAMICENTITY::VONUPDATE] NEW POSITION MAP[1] SESSION[2] ENEMY ID:[4] (lvl:1,x:192.000000,y:0.000000)
[DEBUG] (07/09/2016 - 23:29:31) -  - [DYNAMICENTITY::VONUPDATE] NEW POSITION MAP[1] SESSION[2] ENEMY ID:[5] (lvl:1,x:704.000000,y:64.000000)
[DEBUG] (07/09/2016 - 23:29:31) -  - [DYNAMICENTITY::VONUPDATE] NEW POSITION MAP[1] SESSION[2] ENEMY ID:[6] (lvl:1,x:960.000000,y:512.000000)
[DEBUG] (07/09/2016 - 23:29:31) -  - [DYNAMICENTITY::VONUPDATE] NEW POSITION MAP[1] SESSION[2] ACTIVE ELEMENTS ID:[14] (lvl:1,x:640.000000,y:256.000000)
[DEBUG] (07/09/2016 - 23:29:31) -  - [DYNAMICENTITY::VONUPDATE] NEW POSITION MAP[1] SESSION[2] ACTIVE ELEMENTS ID:[15] (lvl:1,x:576.000000,y:640.000000)
[DEBUG] (07/09/2016 - 23:29:31) -  - [UDPDispatcherSession::Run] [027f1a70] ****
[DEBUG] (07/09/2016 - 23:29:31) -  - [UDPDispatcherSession::Run] [027f1a70] ****
[DEBUG] (07/09/2016 - 23:29:31) -  - [DYNAMICENTITY::VONUPDATE] NEW POSITION MAP[1] SESSION[1] ENEMY ID:[4] (lvl:1,x:192.000000,y:0.000000)
[DEBUG] (07/09/2016 - 23:29:31) -  - [DYNAMICENTITY::VONUPDATE] NEW POSITION MAP[1] SESSION[2] ACTIVE ELEMENTS ID:[16] (lvl:1,x:320.000000,y:128.000000)
[DEBUG] (07/09/2016 - 23:29:31) -  - [DYNAMICENTITY::VONUPDATE] NEW POSITION MAP[1] SESSION[2] ENEMY ID:[7] (lvl:2,x:832.000000,y:256.000000)
[DEBUG] (07/09/2016 - 23:29:31) -  - [DYNAMICENTITY::VONUPDATE] NEW POSITION MAP[1] SESSION[1] ENEMY ID:[5] (lvl:1,x:704.000000,y:64.000000)
[DEBUG] (07/09/2016 - 23:29:31) -  - [DYNAMICENTITY::VONUPDATE] NEW POSITION MAP[1] SESSION[1] ENEMY ID:[6] (lvl:1,x:960.000000,y:512.000000)
[DEBUG] (07/09/2016 - 23:29:31) -  - [DYNAMICENTITY::VONUPDATE] NEW POSITION MAP[1] SESSION[2] ENEMY ID:[8] (lvl:2,x:704.000000,y:384.000000)
[DEBUG] (07/09/2016 - 23:29:31) -  - [DYNAMICENTITY::VONUPDATE] NEW POSITION MAP[1] SESSION[2] ENEMY ID:[9] (lvl:2,x:384.000000,y:640.000000)
[DEBUG] (07/09/2016 - 23:29:31) -  - [DYNAMICENTITY::VONUPDATE] NEW POSITION MAP[1] SESSION[1] ACTIVE ELEMENTS ID:[14] (lvl:1,x:640.000000,y:256.000000)
[DEBUG] (07/09/2016 - 23:29:31) -  - [DYNAMICENTITY::VONUPDATE] NEW POSITION MAP[1] SESSION[1] ACTIVE ELEMENTS ID:[15] (lvl:1,x:576.000000,y:640.000000)
[DEBUG] (07/09/2016 - 23:29:31) -  - [DYNAMICENTITY::VONUPDATE] NEW POSITION MAP[1] SESSION[1] ACTIVE ELEMENTS ID:[16] (lvl:1,x:320.000000,y:128.000000)
[DEBUG] (07/09/2016 - 23:29:31) -  - [DYNAMICENTITY::VONUPDATE] NEW POSITION MAP[1] SESSION[1] ENEMY ID:[7] (lvl:2,x:832.000000,y:256.000000)
[DEBUG] (07/09/2016 - 23:29:31) -  - [DYNAMICENTITY::VONUPDATE] NEW POSITION MAP[1] SESSION[2] ACTIVE ELEMENTS ID:[17] (lvl:2,x:320.000000,y:128.000000)
[DEBUG] (07/09/2016 - 23:29:31) -  - [DYNAMICENTITY::VONUPDATE] NEW POSITION MAP[1] SESSION[2] ACTIVE ELEMENTS ID:[18] (lvl:2,x:192.000000,y:256.000000)
[DEBUG] (07/09/2016 - 23:29:31) -  - [DYNAMICENTITY::VONUPDATE] NEW POSITION MAP[1] SESSION[2] ACTIVE ELEMENTS ID:[19] (lvl:2,x:576.000000,y:704.000000)
[DEBUG] (07/09/2016 - 23:29:31) -  - [DYNAMICENTITY::VONUPDATE] NEW POSITION MAP[1] SESSION[1] ENEMY ID:[8] (lvl:2,x:704.000000,y:384.000000)
[DEBUG] (07/09/2016 - 23:29:31) -  - [DYNAMICENTITY::VONUPDATE] NEW POSITION MAP[1] SESSION[1] ENEMY ID:[9] (lvl:2,x:384.000000,y:640.000000)
[DEBUG] (07/09/2016 - 23:29:31) -  - [DYNAMICENTITY::VONUPDATE] NEW POSITION MAP[1] SESSION[1] ACTIVE ELEMENTS ID:[17] (lvl:2,x:320.000000,y:128.000000)
[DEBUG] (07/09/2016 - 23:29:31) -  - [DYNAMICENTITY::VONUPDATE] NEW POSITION MAP[1] SESSION[1] ACTIVE ELEMENTS ID:[18] (lvl:2,x:192.000000,y:256.000000)
[DEBUG] (07/09/2016 - 23:29:31) -  - [DYNAMICENTITY::VONUPDATE] NEW POSITION MAP[1] SESSION[1] ACTIVE ELEMENTS ID:[19] (lvl:2,x:576.000000,y:704.000000)
[DEBUG] (07/09/2016 - 23:29:31) -  - [DYNAMICENTITY::VONUPDATE] NEW POSITION MAP[1] SESSION[1] ENEMY ID:[10] (lvl:3,x:768.000000,y:384.000000)
[DEBUG] (07/09/2016 - 23:29:31) -  - [DYNAMICENTITY::VONUPDATE] NEW POSITION MAP[1] SESSION[1] ENEMY ID:[11] (lvl:3,x:896.000000,y:576.000000)
[DEBUG] (07/09/2016 - 23:29:31) -  - [DYNAMICENTITY::VONUPDATE] NEW POSITION MAP[1] SESSION[2] ENEMY ID:[10] (lvl:3,x:768.000000,y:384.000000)
[DEBUG] (07/09/2016 - 23:29:31) -  - [DYNAMICENTITY::VONUPDATE] NEW POSITION MAP[1] SESSION[2] ENEMY ID:[11] (lvl:3,x:896.000000,y:576.000000)
[DEBUG] (07/09/2016 - 23:29:31) -  - [DYNAMICENTITY::VONUPDATE] NEW POSITION MAP[1] SESSION[2] ENEMY ID:[12] (lvl:3,x:0.000000,y:704.000000)
[DEBUG] (07/09/2016 - 23:29:31) -  - [DYNAMICENTITY::VONUPDATE] NEW POSITION MAP[1] SESSION[1] ENEMY ID:[12] (lvl:3,x:0.000000,y:704.000000)
[DEBUG] (07/09/2016 - 23:29:31) -  - [DYNAMICENTITY::VONUPDATE] NEW POSITION MAP[1] SESSION[1] ACTIVE ELEMENTS ID:[20] (lvl:3,x:0.000000,y:704.000000)
[DEBUG] (07/09/2016 - 23:29:31) -  - [DYNAMICENTITY::VONUPDATE] NEW POSITION MAP[1] SESSION[1] ACTIVE ELEMENTS ID:[21] (lvl:3,x:0.000000,y:128.000000)
[DEBUG] (07/09/2016 - 23:29:31) -  - [DYNAMICENTITY::VONUPDATE] NEW POSITION MAP[1] SESSION[1] ACTIVE ELEMENTS ID:[22] (lvl:3,x:384.000000,y:128.000000)
[DEBUG] (07/09/2016 - 23:29:31) -  - [DYNAMICENTITY::VONUPDATE] POSITION REMOTE PLAYER ID:[24] (lvl:1,x:960.000000,y:0.000000)
[DEBUG] (07/09/2016 - 23:29:31) -  - [DYNAMICENTITY::VONUPDATE] NEW POSITION MAP[1] SESSION[2] ACTIVE ELEMENTS ID:[20] (lvl:3,x:0.000000,y:704.000000)
[DEBUG] (07/09/2016 - 23:29:31) -  - [DYNAMICENTITY::VONUPDATE] NEW POSITION MAP[1] SESSION[2] ACTIVE ELEMENTS ID:[21] (lvl:3,x:0.000000,y:128.000000)
[DEBUG] (07/09/2016 - 23:29:31) -  - [DYNAMICENTITY::VONUPDATE] NEW POSITION MAP[1] SESSION[2] ACTIVE ELEMENTS ID:[22] (lvl:3,x:384.000000,y:128.000000)
[DEBUG] (07/09/2016 - 23:29:31) -  - [DYNAMICENTITY::VONUPDATE] POSITION REMOTE PLAYER ID:[24] (lvl:1,x:960.000000,y:0.000000)
[DEBUG] (07/09/2016 - 23:29:32) -  - [UDPDispatcherSession::Run] [027f1a70] ****
[DEBUG] (07/09/2016 - 23:29:32) -  - [UDPDispatcherSession::Run] [027f1a70] ****
[DEBUG] (07/09/2016 - 23:29:32) -  - [DYNAMICENTITY::VONUPDATE] NEW POSITION MAP[1] SESSION[1] ENEMY ID:[4] (lvl:1,x:128.000000,y:512.000000)
[DEBUG] (07/09/2016 - 23:29:32) -  - [DYNAMICENTITY::VONUPDATE] NEW POSITION MAP[1] SESSION[1] ENEMY ID:[5] (lvl:1,x:128.000000,y:640.000000)
[DEBUG] (07/09/2016 - 23:29:32) -  - [DYNAMICENTITY::VONUPDATE] NEW POSITION MAP[1] SESSION[1] ENEMY ID:[6] (lvl:1,x:896.000000,y:320.000000)
[DEBUG] (07/09/2016 - 23:29:32) -  - [DYNAMICENTITY::VONUPDATE] NEW POSITION MAP[1] SESSION[1] ACTIVE ELEMENTS ID:[14] (lvl:1,x:576.000000,y:768.000000)
[DEBUG] (07/09/2016 - 23:29:32) -  - [DYNAMICENTITY::VONUPDATE] NEW POSITION MAP[1] SESSION[1] ACTIVE ELEMENTS ID:[15] (lvl:1,x:832.000000,y:0.000000)
[DEBUG] (07/09/2016 - 23:29:32) -  - [DYNAMICENTITY::VONUPDATE] NEW POSITION MAP[1] SESSION[1] ACTIVE ELEMENTS ID:[16] (lvl:1,x:256.000000,y:768.000000)
[DEBUG] (07/09/2016 - 23:29:32) -  - [DYNAMICENTITY::VONUPDATE] NEW POSITION MAP[1] SESSION[1] ENEMY ID:[7] (lvl:2,x:256.000000,y:640.000000)
[DEBUG] (07/09/2016 - 23:29:32) -  - [DYNAMICENTITY::VONUPDATE] NEW POSITION MAP[1] SESSION[1] ENEMY ID:[8] (lvl:2,x:384.000000,y:320.000000)
[DEBUG] (07/09/2016 - 23:29:32) -  - [DYNAMICENTITY::VONUPDATE] NEW POSITION MAP[1] SESSION[1] ENEMY ID:[9] (lvl:2,x:704.000000,y:576.000000)
[DEBUG] (07/09/2016 - 23:29:32) -  - [UDPDispatcherSession::Run] [027f1d50] ****
[DEBUG] (07/09/2016 - 23:29:32) -  - [UDPDispatcherSession::Run] [027f1d50] ****
[DEBUG] (07/09/2016 - 23:29:32) -  - [DYNAMICENTITY::VONUPDATE] NEW POSITION MAP[1] SESSION[1] ACTIVE ELEMENTS ID:[17] (lvl:2,x:0.000000,y:256.000000)
[DEBUG] (07/09/2016 - 23:29:32) -  - [DYNAMICENTITY::VONUPDATE] NEW POSITION MAP[1] SESSION[2] ENEMY ID:[4] (lvl:1,x:128.000000,y:512.000000)
[DEBUG] (07/09/2016 - 23:29:32) -  - [DYNAMICENTITY::VONUPDATE] NEW POSITION MAP[1] SESSION[1] ACTIVE ELEMENTS ID:[18] (lvl:2,x:128.000000,y:0.000000)
[DEBUG] (07/09/2016 - 23:29:32) -  - [DYNAMICENTITY::VONUPDATE] NEW POSITION MAP[1] SESSION[2] ENEMY ID:[5] (lvl:1,x:128.000000,y:640.000000)
[DEBUG] (07/09/2016 - 23:29:32) -  - [DYNAMICENTITY::VONUPDATE] NEW POSITION MAP[1] SESSION[1] ACTIVE ELEMENTS ID:[19] (lvl:2,x:64.000000,y:640.000000)
[DEBUG] (07/09/2016 - 23:29:32) -  - [DYNAMICENTITY::VONUPDATE] NEW POSITION MAP[1] SESSION[2] ENEMY ID:[6] (lvl:1,x:896.000000,y:320.000000)
[DEBUG] (07/09/2016 - 23:29:32) -  - [DYNAMICENTITY::VONUPDATE] NEW POSITION MAP[1] SESSION[1] ENEMY ID:[10] (lvl:3,x:384.000000,y:128.000000)
[DEBUG] (07/09/2016 - 23:29:32) -  - [DYNAMICENTITY::VONUPDATE] NEW POSITION MAP[1] SESSION[1] ENEMY ID:[11] (lvl:3,x:64.000000,y:320.000000)
[DEBUG] (07/09/2016 - 23:29:32) -  - [DYNAMICENTITY::VONUPDATE] NEW POSITION MAP[1] SESSION[1] ENEMY ID:[12] (lvl:3,x:64.000000,y:384.000000)
[DEBUG] (07/09/2016 - 23:29:32) -  - [DYNAMICENTITY::VONUPDATE] NEW POSITION MAP[1] SESSION[1] ACTIVE ELEMENTS ID:[20] (lvl:3,x:960.000000,y:320.000000)
[DEBUG] (07/09/2016 - 23:29:32) -  - [DYNAMICENTITY::VONUPDATE] NEW POSITION MAP[1] SESSION[1] ACTIVE ELEMENTS ID:[21] (lvl:3,x:0.000000,y:704.000000)
[DEBUG] (07/09/2016 - 23:29:32) -  - [DYNAMICENTITY::VONUPDATE] NEW POSITION MAP[1] SESSION[1] ACTIVE ELEMENTS ID:[22] (lvl:3,x:576.000000,y:320.000000)
[DEBUG] (07/09/2016 - 23:29:32) -  - [DYNAMICENTITY::VONUPDATE] POSITION REMOTE PLAYER ID:[24] (lvl:1,x:960.000000,y:0.000000)
[DEBUG] (07/09/2016 - 23:29:32) -  - [DYNAMICENTITY::VONUPDATE] NEW POSITION MAP[1] SESSION[2] ACTIVE ELEMENTS ID:[14] (lvl:1,x:576.000000,y:768.000000)
[DEBUG] (07/09/2016 - 23:29:32) -  - [DYNAMICENTITY::VONUPDATE] NEW POSITION MAP[1] SESSION[2] ACTIVE ELEMENTS ID:[15] (lvl:1,x:832.000000,y:0.000000)
[DEBUG] (07/09/2016 - 23:29:32) -  - [DYNAMICENTITY::VONUPDATE] NEW POSITION MAP[1] SESSION[2] ACTIVE ELEMENTS ID:[16] (lvl:1,x:256.000000,y:768.000000)
[DEBUG] (07/09/2016 - 23:29:32) -  - [DYNAMICENTITY::VONUPDATE] NEW POSITION MAP[1] SESSION[2] ENEMY ID:[7] (lvl:2,x:256.000000,y:640.000000)
[DEBUG] (07/09/2016 - 23:29:32) -  - [DYNAMICENTITY::VONUPDATE] NEW POSITION MAP[1] SESSION[2] ENEMY ID:[8] (lvl:2,x:384.000000,y:320.000000)
[DEBUG] (07/09/2016 - 23:29:32) -  - [DYNAMICENTITY::VONUPDATE] NEW POSITION MAP[1] SESSION[2] ENEMY ID:[9] (lvl:2,x:704.000000,y:576.000000)
[DEBUG] (07/09/2016 - 23:29:32) -  - [DYNAMICENTITY::VONUPDATE] NEW POSITION MAP[1] SESSION[2] ACTIVE ELEMENTS ID:[17] (lvl:2,x:0.000000,y:256.000000)
[DEBUG] (07/09/2016 - 23:29:32) -  - [DYNAMICENTITY::VONUPDATE] NEW POSITION MAP[1] SESSION[2] ACTIVE ELEMENTS ID:[18] (lvl:2,x:128.000000,y:0.000000)
[DEBUG] (07/09/2016 - 23:29:32) -  - [DYNAMICENTITY::VONUPDATE] NEW POSITION MAP[1] SESSION[2] ACTIVE ELEMENTS ID:[19] (lvl:2,x:64.000000,y:640.000000)
[DEBUG] (07/09/2016 - 23:29:32) -  - [DYNAMICENTITY::VONUPDATE] NEW POSITION MAP[1] SESSION[2] ENEMY ID:[10] (lvl:3,x:384.000000,y:128.000000)
[DEBUG] (07/09/2016 - 23:29:32) -  - [DYNAMICENTITY::VONUPDATE] NEW POSITION MAP[1] SESSION[2] ENEMY ID:[11] (lvl:3,x:64.000000,y:320.000000)
[DEBUG] (07/09/2016 - 23:29:32) -  - [DYNAMICENTITY::VONUPDATE] NEW POSITION MAP[1] SESSION[2] ENEMY ID:[12] (lvl:3,x:64.000000,y:384.000000)
[DEBUG] (07/09/2016 - 23:29:32) -  - [DYNAMICENTITY::VONUPDATE] NEW POSITION MAP[1] SESSION[2] ACTIVE ELEMENTS ID:[20] (lvl:3,x:960.000000,y:320.000000)
[DEBUG] (07/09/2016 - 23:29:32) -  - [DYNAMICENTITY::VONUPDATE] NEW POSITION MAP[1] SESSION[2] ACTIVE ELEMENTS ID:[21] (lvl:3,x:0.000000,y:704.000000)
[DEBUG] (07/09/2016 - 23:29:32) -  - [DYNAMICENTITY::VONUPDATE] NEW POSITION MAP[1] SESSION[2] ACTIVE ELEMENTS ID:[22] (lvl:3,x:576.000000,y:320.000000)
[DEBUG] (07/09/2016 - 23:29:32) -  - [DYNAMICENTITY::VONUPDATE] POSITION REMOTE PLAYER ID:[24] (lvl:1,x:960.000000,y:0.000000)
[DEBUG] (07/09/2016 - 23:29:32) -  - [UDPDispatcherSession::Run] [027f1a70] ****
[DEBUG] (07/09/2016 - 23:29:32) -  - [UDPDispatcherSession::Run] [027f1a70] ****
[DEBUG] (07/09/2016 - 23:29:32) -  - [DYNAMICENTITY::VONUPDATE] NEW POSITION MAP[1] SESSION[1] ENEMY ID:[4] (lvl:1,x:576.000000,y:0.000000)
[DEBUG] (07/09/2016 - 23:29:32) -  - [DYNAMICENTITY::VONUPDATE] NEW POSITION MAP[1] SESSION[1] ENEMY ID:[5] (lvl:1,x:832.000000,y:128.000000)
[DEBUG] (07/09/2016 - 23:29:32) -  - [DYNAMICENTITY::VONUPDATE] NEW POSITION MAP[1] SESSION[1] ENEMY ID:[6] (lvl:1,x:768.000000,y:64.000000)
[DEBUG] (07/09/2016 - 23:29:32) -  - [DYNAMICENTITY::VONUPDATE] NEW POSITION MAP[1] SESSION[1] ACTIVE ELEMENTS ID:[14] (lvl:1,x:896.000000,y:320.000000)
[DEBUG] (07/09/2016 - 23:29:32) -  - [DYNAMICENTITY::VONUPDATE] NEW POSITION MAP[1] SESSION[1] ACTIVE ELEMENTS ID:[15] (lvl:1,x:576.000000,y:768.000000)
[DEBUG] (07/09/2016 - 23:29:32) -  - [DYNAMICENTITY::VONUPDATE] NEW POSITION MAP[1] SESSION[1] ACTIVE ELEMENTS ID:[16] (lvl:1,x:576.000000,y:128.000000)
[DEBUG] (07/09/2016 - 23:29:32) -  - [DYNAMICENTITY::VONUPDATE] NEW POSITION MAP[1] SESSION[1] ENEMY ID:[7] (lvl:2,x:128.000000,y:256.000000)
[DEBUG] (07/09/2016 - 23:29:32) -  - [DYNAMICENTITY::VONUPDATE] NEW POSITION MAP[1] SESSION[1] ENEMY ID:[8] (lvl:2,x:576.000000,y:448.000000)
[DEBUG] (07/09/2016 - 23:29:32) -  - [DYNAMICENTITY::VONUPDATE] NEW POSITION MAP[1] SESSION[1] ENEMY ID:[9] (lvl:2,x:192.000000,y:128.000000)
[DEBUG] (07/09/2016 - 23:29:32) -  - [DYNAMICENTITY::VONUPDATE] NEW POSITION MAP[1] SESSION[1] ACTIVE ELEMENTS ID:[17] (lvl:2,x:448.000000,y:0.000000)
[DEBUG] (07/09/2016 - 23:29:32) -  - [DYNAMICENTITY::VONUPDATE] NEW POSITION MAP[1] SESSION[1] ACTIVE ELEMENTS ID:[18] (lvl:2,x:960.000000,y:64.000000)
[DEBUG] (07/09/2016 - 23:29:32) -  - [DYNAMICENTITY::VONUPDATE] NEW POSITION MAP[1] SESSION[1] ACTIVE ELEMENTS ID:[19] (lvl:2,x:384.000000,y:384.000000)
[DEBUG] (07/09/2016 - 23:29:32) -  - [DYNAMICENTITY::VONUPDATE] NEW POSITION MAP[1] SESSION[1] ENEMY ID:[10] (lvl:3,x:832.000000,y:64.000000)
[DEBUG] (07/09/2016 - 23:29:32) -  - [UDPDispatcherSession::Run] [027f1d50] ****
[DEBUG] (07/09/2016 - 23:29:32) -  - [UDPDispatcherSession::Run] [027f1d50] ****
[DEBUG] (07/09/2016 - 23:29:32) -  - [DYNAMICENTITY::VONUPDATE] NEW POSITION MAP[1] SESSION[2] ENEMY ID:[4] (lvl:1,x:576.000000,y:0.000000)
[DEBUG] (07/09/2016 - 23:29:32) -  - [DYNAMICENTITY::VONUPDATE] NEW POSITION MAP[1] SESSION[2] ENEMY ID:[5] (lvl:1,x:832.000000,y:128.000000)
[DEBUG] (07/09/2016 - 23:29:32) -  - [DYNAMICENTITY::VONUPDATE] NEW POSITION MAP[1] SESSION[2] ENEMY ID:[6] (lvl:1,x:768.000000,y:64.000000)
[DEBUG] (07/09/2016 - 23:29:32) -  - [DYNAMICENTITY::VONUPDATE] NEW POSITION MAP[1] SESSION[2] ACTIVE ELEMENTS ID:[14] (lvl:1,x:896.000000,y:320.000000)
[DEBUG] (07/09/2016 - 23:29:32) -  - [DYNAMICENTITY::VONUPDATE] NEW POSITION MAP[1] SESSION[1] ENEMY ID:[11] (lvl:3,x:896.000000,y:704.000000)
[DEBUG] (07/09/2016 - 23:29:32) -  - [DYNAMICENTITY::VONUPDATE] NEW POSITION MAP[1] SESSION[1] ENEMY ID:[12] (lvl:3,x:192.000000,y:320.000000)
[DEBUG] (07/09/2016 - 23:29:32) -  - [DYNAMICENTITY::VONUPDATE] NEW POSITION MAP[1] SESSION[1] ACTIVE ELEMENTS ID:[20] (lvl:3,x:448.000000,y:64.000000)
[DEBUG] (07/09/2016 - 23:29:32) -  - [DYNAMICENTITY::VONUPDATE] NEW POSITION MAP[1] SESSION[1] ACTIVE ELEMENTS ID:[21] (lvl:3,x:64.000000,y:128.000000)
[DEBUG] (07/09/2016 - 23:29:32) -  - [DYNAMICENTITY::VONUPDATE] NEW POSITION MAP[1] SESSION[1] ACTIVE ELEMENTS ID:[22] (lvl:3,x:576.000000,y:576.000000)
[DEBUG] (07/09/2016 - 23:29:32) -  - [DYNAMICENTITY::VONUPDATE] NEW POSITION MAP[1] SESSION[2] ACTIVE ELEMENTS ID:[15] (lvl:1,x:576.000000,y:768.000000)
[DEBUG] (07/09/2016 - 23:29:32) -  - [DYNAMICENTITY::VONUPDATE] POSITION REMOTE PLAYER ID:[24] (lvl:1,x:960.000000,y:0.000000)
[DEBUG] (07/09/2016 - 23:29:32) -  - [DYNAMICENTITY::VONUPDATE] NEW POSITION MAP[1] SESSION[2] ACTIVE ELEMENTS ID:[16] (lvl:1,x:576.000000,y:128.000000)
[DEBUG] (07/09/2016 - 23:29:32) -  - [DYNAMICENTITY::VONUPDATE] NEW POSITION MAP[1] SESSION[2] ENEMY ID:[7] (lvl:2,x:128.000000,y:256.000000)
[DEBUG] (07/09/2016 - 23:29:32) -  - [DYNAMICENTITY::VONUPDATE] NEW POSITION MAP[1] SESSION[2] ENEMY ID:[8] (lvl:2,x:576.000000,y:448.000000)
[DEBUG] (07/09/2016 - 23:29:32) -  - [DYNAMICENTITY::VONUPDATE] NEW POSITION MAP[1] SESSION[2] ENEMY ID:[9] (lvl:2,x:192.000000,y:128.000000)
[DEBUG] (07/09/2016 - 23:29:32) -  - [DYNAMICENTITY::VONUPDATE] NEW POSITION MAP[1] SESSION[2] ACTIVE ELEMENTS ID:[17] (lvl:2,x:448.000000,y:0.000000)
[DEBUG] (07/09/2016 - 23:29:32) -  - [DYNAMICENTITY::VONUPDATE] NEW POSITION MAP[1] SESSION[2] ACTIVE ELEMENTS ID:[18] (lvl:2,x:960.000000,y:64.000000)
[DEBUG] (07/09/2016 - 23:29:32) -  - [DYNAMICENTITY::VONUPDATE] NEW POSITION MAP[1] SESSION[2] ACTIVE ELEMENTS ID:[19] (lvl:2,x:384.000000,y:384.000000)
[DEBUG] (07/09/2016 - 23:29:32) -  - [DYNAMICENTITY::VONUPDATE] NEW POSITION MAP[1] SESSION[2] ENEMY ID:[10] (lvl:3,x:832.000000,y:64.000000)
[DEBUG] (07/09/2016 - 23:29:32) -  - [DYNAMICENTITY::VONUPDATE] NEW POSITION MAP[1] SESSION[2] ENEMY ID:[11] (lvl:3,x:896.000000,y:704.000000)
[DEBUG] (07/09/2016 - 23:29:32) -  - [DYNAMICENTITY::VONUPDATE] NEW POSITION MAP[1] SESSION[2] ENEMY ID:[12] (lvl:3,x:192.000000,y:320.000000)
[DEBUG] (07/09/2016 - 23:29:32) -  - [DYNAMICENTITY::VONUPDATE] NEW POSITION MAP[1] SESSION[2] ACTIVE ELEMENTS ID:[20] (lvl:3,x:448.000000,y:64.000000)
[DEBUG] (07/09/2016 - 23:29:32) -  - [DYNAMICENTITY::VONUPDATE] NEW POSITION MAP[1] SESSION[2] ACTIVE ELEMENTS ID:[21] (lvl:3,x:64.000000,y:128.000000)
[DEBUG] (07/09/2016 - 23:29:32) -  - [DYNAMICENTITY::VONUPDATE] NEW POSITION MAP[1] SESSION[2] ACTIVE ELEMENTS ID:[22] (lvl:3,x:576.000000,y:576.000000)
[DEBUG] (07/09/2016 - 23:29:32) -  - [DYNAMICENTITY::VONUPDATE] POSITION REMOTE PLAYER ID:[24] (lvl:1,x:960.000000,y:0.000000)
[DEBUG] (07/09/2016 - 23:29:32) -  - [UDPDispatcherSession::Run] [027f1a70] ****
[DEBUG] (07/09/2016 - 23:29:32) -  - [UDPDispatcherSession::Run] [027f1a70] ****
[DEBUG] (07/09/2016 - 23:29:32) -  - [DYNAMICENTITY::VONUPDATE] NEW POSITION MAP[1] SESSION[1] ENEMY ID:[4] (lvl:1,x:64.000000,y:256.000000)
[DEBUG] (07/09/2016 - 23:29:32) -  - [DYNAMICENTITY::VONUPDATE] NEW POSITION MAP[1] SESSION[1] ENEMY ID:[5] (lvl:1,x:64.000000,y:512.000000)
[DEBUG] (07/09/2016 - 23:29:32) -  - [DYNAMICENTITY::VONUPDATE] NEW POSITION MAP[1] SESSION[1] ENEMY ID:[6] (lvl:1,x:832.000000,y:704.000000)
[DEBUG] (07/09/2016 - 23:29:32) -  - [DYNAMICENTITY::VONUPDATE] NEW POSITION MAP[1] SESSION[1] ACTIVE ELEMENTS ID:[14] (lvl:1,x:384.000000,y:768.000000)
[DEBUG] (07/09/2016 - 23:29:32) -  - [DYNAMICENTITY::VONUPDATE] NEW POSITION MAP[1] SESSION[1] ACTIVE ELEMENTS ID:[15] (lvl:1,x:128.000000,y:256.000000)
[DEBUG] (07/09/2016 - 23:29:32) -  - [DYNAMICENTITY::VONUPDATE] NEW POSITION MAP[1] SESSION[1] ACTIVE ELEMENTS ID:[16] (lvl:1,x:832.000000,y:576.000000)
[DEBUG] (07/09/2016 - 23:29:32) -  - [DYNAMICENTITY::VONUPDATE] NEW POSITION MAP[1] SESSION[1] ENEMY ID:[7] (lvl:2,x:256.000000,y:0.000000)
[DEBUG] (07/09/2016 - 23:29:32) -  - [DYNAMICENTITY::VONUPDATE] NEW POSITION MAP[1] SESSION[1] ENEMY ID:[8] (lvl:2,x:640.000000,y:256.000000)
[DEBUG] (07/09/2016 - 23:29:32) -  - [DYNAMICENTITY::VONUPDATE] NEW POSITION MAP[1] SESSION[1] ENEMY ID:[9] (lvl:2,x:128.000000,y:128.000000)
[DEBUG] (07/09/2016 - 23:29:32) -  - [DYNAMICENTITY::VONUPDATE] NEW POSITION MAP[1] SESSION[1] ACTIVE ELEMENTS ID:[17] (lvl:2,x:512.000000,y:640.000000)
[DEBUG] (07/09/2016 - 23:29:32) -  - [DYNAMICENTITY::VONUPDATE] NEW POSITION MAP[1] SESSION[1] ACTIVE ELEMENTS ID:[18] (lvl:2,x:768.000000,y:576.000000)
[DEBUG] (07/09/2016 - 23:29:32) -  - [DYNAMICENTITY::VONUPDATE] NEW POSITION MAP[1] SESSION[1] ACTIVE ELEMENTS ID:[19] (lvl:2,x:704.000000,y:704.000000)
[DEBUG] (07/09/2016 - 23:29:32) -  - [DYNAMICENTITY::VONUPDATE] NEW POSITION MAP[1] SESSION[1] ENEMY ID:[10] (lvl:3,x:128.000000,y:64.000000)
[DEBUG] (07/09/2016 - 23:29:32) -  - [DYNAMICENTITY::VONUPDATE] NEW POSITION MAP[1] SESSION[1] ENEMY ID:[11] (lvl:3,x:192.000000,y:0.000000)
[DEBUG] (07/09/2016 - 23:29:32) -  - [DYNAMICENTITY::VONUPDATE] NEW POSITION MAP[1] SESSION[1] ENEMY ID:[12] (lvl:3,x:896.000000,y:576.000000)
[DEBUG] (07/09/2016 - 23:29:32) -  - [UDPDispatcherSession::Run] [027f1d50] ****
[DEBUG] (07/09/2016 - 23:29:32) -  - [UDPDispatcherSession::Run] [027f1d50] ****
[DEBUG] (07/09/2016 - 23:29:32) -  - [DYNAMICENTITY::VONUPDATE] NEW POSITION MAP[1] SESSION[2] ENEMY ID:[4] (lvl:1,x:64.000000,y:256.000000)
[DEBUG] (07/09/2016 - 23:29:32) -  - [DYNAMICENTITY::VONUPDATE] NEW POSITION MAP[1] SESSION[2] ENEMY ID:[5] (lvl:1,x:64.000000,y:512.000000)
[DEBUG] (07/09/2016 - 23:29:32) -  - [DYNAMICENTITY::VONUPDATE] NEW POSITION MAP[1] SESSION[2] ENEMY ID:[6] (lvl:1,x:832.000000,y:704.000000)
[DEBUG] (07/09/2016 - 23:29:32) -  - [DYNAMICENTITY::VONUPDATE] NEW POSITION MAP[1] SESSION[2] ACTIVE ELEMENTS ID:[14] (lvl:1,x:384.000000,y:768.000000)
[DEBUG] (07/09/2016 - 23:29:32) -  - [DYNAMICENTITY::VONUPDATE] NEW POSITION MAP[1] SESSION[2] ACTIVE ELEMENTS ID:[15] (lvl:1,x:128.000000,y:256.000000)
[DEBUG] (07/09/2016 - 23:29:32) -  - [DYNAMICENTITY::VONUPDATE] NEW POSITION MAP[1] SESSION[2] ACTIVE ELEMENTS ID:[16] (lvl:1,x:832.000000,y:576.000000)
[DEBUG] (07/09/2016 - 23:29:32) -  - [DYNAMICENTITY::VONUPDATE] NEW POSITION MAP[1] SESSION[2] ENEMY ID:[7] (lvl:2,x:256.000000,y:0.000000)
[DEBUG] (07/09/2016 - 23:29:32) -  - [DYNAMICENTITY::VONUPDATE] NEW POSITION MAP[1] SESSION[2] ENEMY ID:[8] (lvl:2,x:640.000000,y:256.000000)
[DEBUG] (07/09/2016 - 23:29:32) -  - [DYNAMICENTITY::VONUPDATE] NEW POSITION MAP[1] SESSION[2] ENEMY ID:[9] (lvl:2,x:128.000000,y:128.000000)
[DEBUG] (07/09/2016 - 23:29:32) -  - [DYNAMICENTITY::VONUPDATE] NEW POSITION MAP[1] SESSION[2] ACTIVE ELEMENTS ID:[17] (lvl:2,x:512.000000,y:640.000000)
[DEBUG] (07/09/2016 - 23:29:32) -  - [DYNAMICENTITY::VONUPDATE] NEW POSITION MAP[1] SESSION[2] ACTIVE ELEMENTS ID:[18] (lvl:2,x:768.000000,y:576.000000)
[DEBUG] (07/09/2016 - 23:29:32) -  - [DYNAMICENTITY::VONUPDATE] NEW POSITION MAP[1] SESSION[2] ACTIVE ELEMENTS ID:[19] (lvl:2,x:704.000000,y:704.000000)
[DEBUG] (07/09/2016 - 23:29:32) -  - [DYNAMICENTITY::VONUPDATE] NEW POSITION MAP[1] SESSION[1] ACTIVE ELEMENTS ID:[20] (lvl:3,x:256.000000,y:640.000000)
[DEBUG] (07/09/2016 - 23:29:32) -  - [DYNAMICENTITY::VONUPDATE] NEW POSITION MAP[1] SESSION[2] ENEMY ID:[10] (lvl:3,x:128.000000,y:64.000000)
[DEBUG] (07/09/2016 - 23:29:32) -  - [DYNAMICENTITY::VONUPDATE] NEW POSITION MAP[1] SESSION[2] ENEMY ID:[11] (lvl:3,x:192.000000,y:0.000000)
[DEBUG] (07/09/2016 - 23:29:32) -  - [DYNAMICENTITY::VONUPDATE] NEW POSITION MAP[1] SESSION[2] ENEMY ID:[12] (lvl:3,x:896.000000,y:576.000000)
[DEBUG] (07/09/2016 - 23:29:32) -  - [DYNAMICENTITY::VONUPDATE] NEW POSITION MAP[1] SESSION[1] ACTIVE ELEMENTS ID:[21] (lvl:3,x:256.000000,y:448.000000)
[DEBUG] (07/09/2016 - 23:29:32) -  - [DYNAMICENTITY::VONUPDATE] NEW POSITION MAP[1] SESSION[2] ACTIVE ELEMENTS ID:[20] (lvl:3,x:256.000000,y:640.000000)
[DEBUG] (07/09/2016 - 23:29:32) -  - [DYNAMICENTITY::VONUPDATE] NEW POSITION MAP[1] SESSION[1] ACTIVE ELEMENTS ID:[22] (lvl:3,x:256.000000,y:320.000000)
[DEBUG] (07/09/2016 - 23:29:32) -  - [DYNAMICENTITY::VONUPDATE] NEW POSITION MAP[1] SESSION[2] ACTIVE ELEMENTS ID:[21] (lvl:3,x:256.000000,y:448.000000)
[DEBUG] (07/09/2016 - 23:29:32) -  - [DYNAMICENTITY::VONUPDATE] POSITION REMOTE PLAYER ID:[24] (lvl:1,x:960.000000,y:0.000000)
[DEBUG] (07/09/2016 - 23:29:32) -  - [DYNAMICENTITY::VONUPDATE] NEW POSITION MAP[1] SESSION[2] ACTIVE ELEMENTS ID:[22] (lvl:3,x:256.000000,y:320.000000)
[DEBUG] (07/09/2016 - 23:29:32) -  - [DYNAMICENTITY::VONUPDATE] POSITION REMOTE PLAYER ID:[24] (lvl:1,x:960.000000,y:0.000000)
[DEBUG] (07/09/2016 - 23:29:33) -  - [UDPDispatcherSession::Run] [027f1a70] ****
[DEBUG] (07/09/2016 - 23:29:33) -  - [UDPDispatcherSession::Run] [027f1a70] ****
[DEBUG] (07/09/2016 - 23:29:33) -  - [DYNAMICENTITY::VONUPDATE] NEW POSITION MAP[1] SESSION[1] ENEMY ID:[4] (lvl:1,x:576.000000,y:128.000000)
[DEBUG] (07/09/2016 - 23:29:33) -  - [DYNAMICENTITY::VONUPDATE] NEW POSITION MAP[1] SESSION[1] ENEMY ID:[5] (lvl:1,x:320.000000,y:640.000000)
[DEBUG] (07/09/2016 - 23:29:33) -  - [DYNAMICENTITY::VONUPDATE] NEW POSITION MAP[1] SESSION[1] ENEMY ID:[6] (lvl:1,x:128.000000,y:64.000000)
[DEBUG] (07/09/2016 - 23:29:33) -  - [DYNAMICENTITY::VONUPDATE] NEW POSITION MAP[1] SESSION[1] ACTIVE ELEMENTS ID:[14] (lvl:1,x:256.000000,y:320.000000)
[DEBUG] (07/09/2016 - 23:29:33) -  - [DYNAMICENTITY::VONUPDATE] NEW POSITION MAP[1] SESSION[1] ACTIVE ELEMENTS ID:[15] (lvl:1,x:960.000000,y:768.000000)
[DEBUG] (07/09/2016 - 23:29:33) -  - [DYNAMICENTITY::VONUPDATE] NEW POSITION MAP[1] SESSION[1] ACTIVE ELEMENTS ID:[16] (lvl:1,x:0.000000,y:512.000000)
[DEBUG] (07/09/2016 - 23:29:33) -  - [DYNAMICENTITY::VONUPDATE] NEW POSITION MAP[1] SESSION[1] ENEMY ID:[7] (lvl:2,x:512.000000,y:384.000000)
[DEBUG] (07/09/2016 - 23:29:33) -  - [DYNAMICENTITY::VONUPDATE] NEW POSITION MAP[1] SESSION[1] ENEMY ID:[8] (lvl:2,x:960.000000,y:192.000000)
[DEBUG] (07/09/2016 - 23:29:33) -  - [DYNAMICENTITY::VONUPDATE] NEW POSITION MAP[1] SESSION[1] ENEMY ID:[9] (lvl:2,x:384.000000,y:0.000000)
[DEBUG] (07/09/2016 - 23:29:33) -  - [UDPDispatcherSession::Run] [027f1d50] ****
[DEBUG] (07/09/2016 - 23:29:33) -  - [UDPDispatcherSession::Run] [027f1d50] ****
[DEBUG] (07/09/2016 - 23:29:33) -  - [DYNAMICENTITY::VONUPDATE] NEW POSITION MAP[1] SESSION[2] ENEMY ID:[4] (lvl:1,x:576.000000,y:128.000000)
[DEBUG] (07/09/2016 - 23:29:33) -  - [DYNAMICENTITY::VONUPDATE] NEW POSITION MAP[1] SESSION[2] ENEMY ID:[5] (lvl:1,x:320.000000,y:640.000000)
[DEBUG] (07/09/2016 - 23:29:33) -  - [DYNAMICENTITY::VONUPDATE] NEW POSITION MAP[1] SESSION[2] ENEMY ID:[6] (lvl:1,x:128.000000,y:64.000000)
[DEBUG] (07/09/2016 - 23:29:33) -  - [DYNAMICENTITY::VONUPDATE] NEW POSITION MAP[1] SESSION[2] ACTIVE ELEMENTS ID:[14] (lvl:1,x:256.000000,y:320.000000)
[DEBUG] (07/09/2016 - 23:29:33) -  - [DYNAMICENTITY::VONUPDATE] NEW POSITION MAP[1] SESSION[2] ACTIVE ELEMENTS ID:[15] (lvl:1,x:960.000000,y:768.000000)
[DEBUG] (07/09/2016 - 23:29:33) -  - [DYNAMICENTITY::VONUPDATE] NEW POSITION MAP[1] SESSION[2] ACTIVE ELEMENTS ID:[16] (lvl:1,x:0.000000,y:512.000000)
[DEBUG] (07/09/2016 - 23:29:33) -  - [DYNAMICENTITY::VONUPDATE] NEW POSITION MAP[1] SESSION[2] ENEMY ID:[7] (lvl:2,x:512.000000,y:384.000000)
[DEBUG] (07/09/2016 - 23:29:33) -  - [DYNAMICENTITY::VONUPDATE] NEW POSITION MAP[1] SESSION[1] ACTIVE ELEMENTS ID:[17] (lvl:2,x:832.000000,y:704.000000)
[DEBUG] (07/09/2016 - 23:29:33) -  - [DYNAMICENTITY::VONUPDATE] NEW POSITION MAP[1] SESSION[2] ENEMY ID:[8] (lvl:2,x:960.000000,y:192.000000)
[DEBUG] (07/09/2016 - 23:29:33) -  - [DYNAMICENTITY::VONUPDATE] NEW POSITION MAP[1] SESSION[2] ENEMY ID:[9] (lvl:2,x:384.000000,y:0.000000)
[DEBUG] (07/09/2016 - 23:29:33) -  - [DYNAMICENTITY::VONUPDATE] NEW POSITION MAP[1] SESSION[2] ACTIVE ELEMENTS ID:[17] (lvl:2,x:832.000000,y:704.000000)
[DEBUG] (07/09/2016 - 23:29:33) -  - [DYNAMICENTITY::VONUPDATE] NEW POSITION MAP[1] SESSION[2] ACTIVE ELEMENTS ID:[18] (lvl:2,x:320.000000,y:704.000000)
[DEBUG] (07/09/2016 - 23:29:33) -  - [DYNAMICENTITY::VONUPDATE] NEW POSITION MAP[1] SESSION[1] ACTIVE ELEMENTS ID:[18] (lvl:2,x:320.000000,y:704.000000)
[DEBUG] (07/09/2016 - 23:29:33) -  - [DYNAMICENTITY::VONUPDATE] NEW POSITION MAP[1] SESSION[1] ACTIVE ELEMENTS ID:[19] (lvl:2,x:448.000000,y:320.000000)
[DEBUG] (07/09/2016 - 23:29:33) -  - [DYNAMICENTITY::VONUPDATE] NEW POSITION MAP[1] SESSION[1] ENEMY ID:[10] (lvl:3,x:512.000000,y:640.000000)
[DEBUG] (07/09/2016 - 23:29:33) -  - [DYNAMICENTITY::VONUPDATE] NEW POSITION MAP[1] SESSION[1] ENEMY ID:[11] (lvl:3,x:448.000000,y:320.000000)
[DEBUG] (07/09/2016 - 23:29:33) -  - [DYNAMICENTITY::VONUPDATE] NEW POSITION MAP[1] SESSION[1] ENEMY ID:[12] (lvl:3,x:896.000000,y:0.000000)
[DEBUG] (07/09/2016 - 23:29:33) -  - [DYNAMICENTITY::VONUPDATE] NEW POSITION MAP[1] SESSION[1] ACTIVE ELEMENTS ID:[20] (lvl:3,x:0.000000,y:640.000000)
[DEBUG] (07/09/2016 - 23:29:33) -  - [DYNAMICENTITY::VONUPDATE] NEW POSITION MAP[1] SESSION[1] ACTIVE ELEMENTS ID:[21] (lvl:3,x:256.000000,y:320.000000)
[DEBUG] (07/09/2016 - 23:29:33) -  - [DYNAMICENTITY::VONUPDATE] NEW POSITION MAP[1] SESSION[1] ACTIVE ELEMENTS ID:[22] (lvl:3,x:832.000000,y:448.000000)
[DEBUG] (07/09/2016 - 23:29:33) -  - [DYNAMICENTITY::VONUPDATE] NEW POSITION MAP[1] SESSION[2] ACTIVE ELEMENTS ID:[19] (lvl:2,x:448.000000,y:320.000000)
[DEBUG] (07/09/2016 - 23:29:33) -  - [DYNAMICENTITY::VONUPDATE] NEW POSITION MAP[1] SESSION[2] ENEMY ID:[10] (lvl:3,x:512.000000,y:640.000000)
[DEBUG] (07/09/2016 - 23:29:33) -  - [DYNAMICENTITY::VONUPDATE] NEW POSITION MAP[1] SESSION[2] ENEMY ID:[11] (lvl:3,x:448.000000,y:320.000000)
[DEBUG] (07/09/2016 - 23:29:33) -  - [DYNAMICENTITY::VONUPDATE] NEW POSITION MAP[1] SESSION[2] ENEMY ID:[12] (lvl:3,x:896.000000,y:0.000000)
[DEBUG] (07/09/2016 - 23:29:33) -  - [DYNAMICENTITY::VONUPDATE] NEW POSITION MAP[1] SESSION[2] ACTIVE ELEMENTS ID:[20] (lvl:3,x:0.000000,y:640.000000)
[DEBUG] (07/09/2016 - 23:29:33) -  - [DYNAMICENTITY::VONUPDATE] NEW POSITION MAP[1] SESSION[2] ACTIVE ELEMENTS ID:[21] (lvl:3,x:256.000000,y:320.000000)
[DEBUG] (07/09/2016 - 23:29:33) -  - [DYNAMICENTITY::VONUPDATE] NEW POSITION MAP[1] SESSION[2] ACTIVE ELEMENTS ID:[22] (lvl:3,x:832.000000,y:448.000000)
[DEBUG] (07/09/2016 - 23:29:33) -  - [DYNAMICENTITY::VONUPDATE] POSITION REMOTE PLAYER ID:[24] (lvl:1,x:960.000000,y:0.000000)
[DEBUG] (07/09/2016 - 23:29:33) -  - [DYNAMICENTITY::VONUPDATE] POSITION REMOTE PLAYER ID:[24] (lvl:1,x:960.000000,y:0.000000)
[DEBUG] (07/09/2016 - 23:29:33) -  - [UDPDispatcherSession::Run] [027f1a70] ****
[DEBUG] (07/09/2016 - 23:29:33) -  - [UDPDispatcherSession::Run] [027f1a70] ****
[DEBUG] (07/09/2016 - 23:29:33) -  - [DYNAMICENTITY::VONUPDATE] NEW POSITION MAP[1] SESSION[1] ENEMY ID:[4] (lvl:1,x:704.000000,y:640.000000)
[DEBUG] (07/09/2016 - 23:29:33) -  - [DYNAMICENTITY::VONUPDATE] NEW POSITION MAP[1] SESSION[1] ENEMY ID:[5] (lvl:1,x:320.000000,y:256.000000)
[DEBUG] (07/09/2016 - 23:29:33) -  - [DYNAMICENTITY::VONUPDATE] NEW POSITION MAP[1] SESSION[1] ENEMY ID:[6] (lvl:1,x:704.000000,y:64.000000)
[DEBUG] (07/09/2016 - 23:29:33) -  - [DYNAMICENTITY::VONUPDATE] NEW POSITION MAP[1] SESSION[1] ACTIVE ELEMENTS ID:[14] (lvl:1,x:128.000000,y:0.000000)
[DEBUG] (07/09/2016 - 23:29:33) -  - [DYNAMICENTITY::VONUPDATE] NEW POSITION MAP[1] SESSION[1] ACTIVE ELEMENTS ID:[15] (lvl:1,x:512.000000,y:384.000000)
[DEBUG] (07/09/2016 - 23:29:33) -  - [DYNAMICENTITY::VONUPDATE] NEW POSITION MAP[1] SESSION[1] ACTIVE ELEMENTS ID:[16] (lvl:1,x:128.000000,y:64.000000)
[DEBUG] (07/09/2016 - 23:29:33) -  - [DYNAMICENTITY::VONUPDATE] NEW POSITION MAP[1] SESSION[1] ENEMY ID:[7] (lvl:2,x:256.000000,y:640.000000)
[DEBUG] (07/09/2016 - 23:29:33) -  - [DYNAMICENTITY::VONUPDATE] NEW POSITION MAP[1] SESSION[1] ENEMY ID:[8] (lvl:2,x:896.000000,y:384.000000)
[DEBUG] (07/09/2016 - 23:29:33) -  - [DYNAMICENTITY::VONUPDATE] NEW POSITION MAP[1] SESSION[1] ENEMY ID:[9] (lvl:2,x:320.000000,y:704.000000)
[DEBUG] (07/09/2016 - 23:29:33) -  - [DYNAMICENTITY::VONUPDATE] NEW POSITION MAP[1] SESSION[1] ACTIVE ELEMENTS ID:[17] (lvl:2,x:576.000000,y:0.000000)
[DEBUG] (07/09/2016 - 23:29:33) -  - [DYNAMICENTITY::VONUPDATE] NEW POSITION MAP[1] SESSION[1] ACTIVE ELEMENTS ID:[18] (lvl:2,x:512.000000,y:64.000000)
[DEBUG] (07/09/2016 - 23:29:33) -  - [DYNAMICENTITY::VONUPDATE] NEW POSITION MAP[1] SESSION[1] ACTIVE ELEMENTS ID:[19] (lvl:2,x:640.000000,y:448.000000)
[DEBUG] (07/09/2016 - 23:29:33) -  - [DYNAMICENTITY::VONUPDATE] NEW POSITION MAP[1] SESSION[1] ENEMY ID:[10] (lvl:3,x:384.000000,y:768.000000)
[DEBUG] (07/09/2016 - 23:29:33) -  - [DYNAMICENTITY::VONUPDATE] NEW POSITION MAP[1] SESSION[1] ENEMY ID:[11] (lvl:3,x:896.000000,y:256.000000)
[DEBUG] (07/09/2016 - 23:29:33) -  - [DYNAMICENTITY::VONUPDATE] NEW POSITION MAP[1] SESSION[1] ENEMY ID:[12] (lvl:3,x:384.000000,y:192.000000)
[DEBUG] (07/09/2016 - 23:29:33) -  - [DYNAMICENTITY::VONUPDATE] NEW POSITION MAP[1] SESSION[1] ACTIVE ELEMENTS ID:[20] (lvl:3,x:448.000000,y:512.000000)
[DEBUG] (07/09/2016 - 23:29:33) -  - [DYNAMICENTITY::VONUPDATE] NEW POSITION MAP[1] SESSION[1] ACTIVE ELEMENTS ID:[21] (lvl:3,x:256.000000,y:384.000000)
[DEBUG] (07/09/2016 - 23:29:33) -  - [DYNAMICENTITY::VONUPDATE] NEW POSITION MAP[1] SESSION[1] ACTIVE ELEMENTS ID:[22] (lvl:3,x:640.000000,y:512.000000)
[DEBUG] (07/09/2016 - 23:29:33) -  - [DYNAMICENTITY::VONUPDATE] POSITION REMOTE PLAYER ID:[24] (lvl:1,x:960.000000,y:0.000000)
[DEBUG] (07/09/2016 - 23:29:33) -  - [UDPDispatcherSession::Run] [027f1d50] ****
[DEBUG] (07/09/2016 - 23:29:33) -  - [UDPDispatcherSession::Run] [027f1d50] ****
[DEBUG] (07/09/2016 - 23:29:33) -  - [DYNAMICENTITY::VONUPDATE] NEW POSITION MAP[1] SESSION[2] ENEMY ID:[4] (lvl:1,x:704.000000,y:640.000000)
[DEBUG] (07/09/2016 - 23:29:33) -  - [DYNAMICENTITY::VONUPDATE] NEW POSITION MAP[1] SESSION[2] ENEMY ID:[5] (lvl:1,x:320.000000,y:256.000000)
[DEBUG] (07/09/2016 - 23:29:33) -  - [DYNAMICENTITY::VONUPDATE] NEW POSITION MAP[1] SESSION[2] ENEMY ID:[6] (lvl:1,x:704.000000,y:64.000000)
[DEBUG] (07/09/2016 - 23:29:33) -  - [DYNAMICENTITY::VONUPDATE] NEW POSITION MAP[1] SESSION[2] ACTIVE ELEMENTS ID:[14] (lvl:1,x:128.000000,y:0.000000)
[DEBUG] (07/09/2016 - 23:29:33) -  - [DYNAMICENTITY::VONUPDATE] NEW POSITION MAP[1] SESSION[2] ACTIVE ELEMENTS ID:[15] (lvl:1,x:512.000000,y:384.000000)
[DEBUG] (07/09/2016 - 23:29:33) -  - [DYNAMICENTITY::VONUPDATE] NEW POSITION MAP[1] SESSION[2] ACTIVE ELEMENTS ID:[16] (lvl:1,x:128.000000,y:64.000000)
[DEBUG] (07/09/2016 - 23:29:33) -  - [DYNAMICENTITY::VONUPDATE] NEW POSITION MAP[1] SESSION[2] ENEMY ID:[7] (lvl:2,x:256.000000,y:640.000000)
[DEBUG] (07/09/2016 - 23:29:33) -  - [DYNAMICENTITY::VONUPDATE] NEW POSITION MAP[1] SESSION[2] ENEMY ID:[8] (lvl:2,x:896.000000,y:384.000000)
[DEBUG] (07/09/2016 - 23:29:33) -  - [DYNAMICENTITY::VONUPDATE] NEW POSITION MAP[1] SESSION[2] ENEMY ID:[9] (lvl:2,x:320.000000,y:704.000000)
[DEBUG] (07/09/2016 - 23:29:33) -  - [DYNAMICENTITY::VONUPDATE] NEW POSITION MAP[1] SESSION[2] ACTIVE ELEMENTS ID:[17] (lvl:2,x:576.000000,y:0.000000)
[DEBUG] (07/09/2016 - 23:29:33) -  - [DYNAMICENTITY::VONUPDATE] NEW POSITION MAP[1] SESSION[2] ACTIVE ELEMENTS ID:[18] (lvl:2,x:512.000000,y:64.000000)
[DEBUG] (07/09/2016 - 23:29:33) -  - [DYNAMICENTITY::VONUPDATE] NEW POSITION MAP[1] SESSION[2] ACTIVE ELEMENTS ID:[19] (lvl:2,x:640.000000,y:448.000000)
[DEBUG] (07/09/2016 - 23:29:33) -  - [DYNAMICENTITY::VONUPDATE] NEW POSITION MAP[1] SESSION[2] ENEMY ID:[10] (lvl:3,x:384.000000,y:768.000000)
[DEBUG] (07/09/2016 - 23:29:33) -  - [DYNAMICENTITY::VONUPDATE] NEW POSITION MAP[1] SESSION[2] ENEMY ID:[11] (lvl:3,x:896.000000,y:256.000000)
[DEBUG] (07/09/2016 - 23:29:33) -  - [DYNAMICENTITY::VONUPDATE] NEW POSITION MAP[1] SESSION[2] ENEMY ID:[12] (lvl:3,x:384.000000,y:192.000000)
[DEBUG] (07/09/2016 - 23:29:33) -  - [UDPDispatcherSession::Run] [027f1a70] ****
[DEBUG] (07/09/2016 - 23:29:33) -  - [UDPDispatcherSession::Run] [027f1a70] ****
[DEBUG] (07/09/2016 - 23:29:33) -  - [DYNAMICENTITY::VONUPDATE] NEW POSITION MAP[1] SESSION[1] ENEMY ID:[4] (lvl:1,x:0.000000,y:576.000000)
[DEBUG] (07/09/2016 - 23:29:33) -  - [DYNAMICENTITY::VONUPDATE] NEW POSITION MAP[1] SESSION[1] ENEMY ID:[5] (lvl:1,x:512.000000,y:0.000000)
[DEBUG] (07/09/2016 - 23:29:33) -  - [DYNAMICENTITY::VONUPDATE] NEW POSITION MAP[1] SESSION[2] ACTIVE ELEMENTS ID:[20] (lvl:3,x:448.000000,y:512.000000)
[DEBUG] (07/09/2016 - 23:29:33) -  - [DYNAMICENTITY::VONUPDATE] NEW POSITION MAP[1] SESSION[2] ACTIVE ELEMENTS ID:[21] (lvl:3,x:256.000000,y:384.000000)
[DEBUG] (07/09/2016 - 23:29:33) -  - [DYNAMICENTITY::VONUPDATE] NEW POSITION MAP[1] SESSION[2] ACTIVE ELEMENTS ID:[22] (lvl:3,x:640.000000,y:512.000000)
[DEBUG] (07/09/2016 - 23:29:33) -  - [DYNAMICENTITY::VONUPDATE] NEW POSITION MAP[1] SESSION[1] ENEMY ID:[6] (lvl:1,x:640.000000,y:704.000000)
[DEBUG] (07/09/2016 - 23:29:33) -  - [DYNAMICENTITY::VONUPDATE] POSITION REMOTE PLAYER ID:[24] (lvl:1,x:960.000000,y:0.000000)
[DEBUG] (07/09/2016 - 23:29:33) -  - [DYNAMICENTITY::VONUPDATE] NEW POSITION MAP[1] SESSION[1] ACTIVE ELEMENTS ID:[14] (lvl:1,x:704.000000,y:128.000000)
[DEBUG] (07/09/2016 - 23:29:33) -  - [DYNAMICENTITY::VONUPDATE] NEW POSITION MAP[1] SESSION[1] ACTIVE ELEMENTS ID:[15] (lvl:1,x:832.000000,y:320.000000)
[DEBUG] (07/09/2016 - 23:29:33) -  - [DYNAMICENTITY::VONUPDATE] NEW POSITION MAP[1] SESSION[1] ACTIVE ELEMENTS ID:[16] (lvl:1,x:256.000000,y:768.000000)
[DEBUG] (07/09/2016 - 23:29:33) -  - [DYNAMICENTITY::VONUPDATE] NEW POSITION MAP[1] SESSION[1] ENEMY ID:[7] (lvl:2,x:576.000000,y:320.000000)
[DEBUG] (07/09/2016 - 23:29:33) -  - [DYNAMICENTITY::VONUPDATE] NEW POSITION MAP[1] SESSION[1] ENEMY ID:[8] (lvl:2,x:128.000000,y:576.000000)
[DEBUG] (07/09/2016 - 23:29:33) -  - [DYNAMICENTITY::VONUPDATE] NEW POSITION MAP[1] SESSION[1] ENEMY ID:[9] (lvl:2,x:320.000000,y:320.000000)
[DEBUG] (07/09/2016 - 23:29:33) -  - [DYNAMICENTITY::VONUPDATE] NEW POSITION MAP[1] SESSION[1] ACTIVE ELEMENTS ID:[17] (lvl:2,x:320.000000,y:384.000000)
[DEBUG] (07/09/2016 - 23:29:33) -  - [DYNAMICENTITY::VONUPDATE] NEW POSITION MAP[1] SESSION[1] ACTIVE ELEMENTS ID:[18] (lvl:2,x:256.000000,y:64.000000)
[DEBUG] (07/09/2016 - 23:29:33) -  - [DYNAMICENTITY::VONUPDATE] NEW POSITION MAP[1] SESSION[1] ACTIVE ELEMENTS ID:[19] (lvl:2,x:192.000000,y:0.000000)
[DEBUG] (07/09/2016 - 23:29:33) -  - [DYNAMICENTITY::VONUPDATE] NEW POSITION MAP[1] SESSION[1] ENEMY ID:[10] (lvl:3,x:512.000000,y:64.000000)
[DEBUG] (07/09/2016 - 23:29:33) -  - [DYNAMICENTITY::VONUPDATE] NEW POSITION MAP[1] SESSION[1] ENEMY ID:[11] (lvl:3,x:704.000000,y:704.000000)
[DEBUG] (07/09/2016 - 23:29:33) -  - [DYNAMICENTITY::VONUPDATE] NEW POSITION MAP[1] SESSION[1] ENEMY ID:[12] (lvl:3,x:320.000000,y:704.000000)
[DEBUG] (07/09/2016 - 23:29:33) -  - [DYNAMICENTITY::VONUPDATE] NEW POSITION MAP[1] SESSION[1] ACTIVE ELEMENTS ID:[20] (lvl:3,x:576.000000,y:0.000000)
[DEBUG] (07/09/2016 - 23:29:33) -  - [DYNAMICENTITY::VONUPDATE] NEW POSITION MAP[1] SESSION[1] ACTIVE ELEMENTS ID:[21] (lvl:3,x:448.000000,y:256.000000)
[DEBUG] (07/09/2016 - 23:29:33) -  - [DYNAMICENTITY::VONUPDATE] NEW POSITION MAP[1] SESSION[1] ACTIVE ELEMENTS ID:[22] (lvl:3,x:640.000000,y:192.000000)
[DEBUG] (07/09/2016 - 23:29:33) -  - [DYNAMICENTITY::VONUPDATE] POSITION REMOTE PLAYER ID:[24] (lvl:1,x:960.000000,y:0.000000)
[DEBUG] (07/09/2016 - 23:29:33) -  - [UDPDispatcherSession::Run] [027f1d50] ****
[DEBUG] (07/09/2016 - 23:29:33) -  - [UDPDispatcherSession::Run] [027f1d50] ****
[DEBUG] (07/09/2016 - 23:29:33) -  - [DYNAMICENTITY::VONUPDATE] NEW POSITION MAP[1] SESSION[2] ENEMY ID:[4] (lvl:1,x:0.000000,y:576.000000)
[DEBUG] (07/09/2016 - 23:29:33) -  - [DYNAMICENTITY::VONUPDATE] NEW POSITION MAP[1] SESSION[2] ENEMY ID:[5] (lvl:1,x:512.000000,y:0.000000)
[DEBUG] (07/09/2016 - 23:29:33) -  - [DYNAMICENTITY::VONUPDATE] NEW POSITION MAP[1] SESSION[2] ENEMY ID:[6] (lvl:1,x:640.000000,y:704.000000)
[DEBUG] (07/09/2016 - 23:29:33) -  - [DYNAMICENTITY::VONUPDATE] NEW POSITION MAP[1] SESSION[2] ACTIVE ELEMENTS ID:[14] (lvl:1,x:704.000000,y:128.000000)
[DEBUG] (07/09/2016 - 23:29:33) -  - [DYNAMICENTITY::VONUPDATE] NEW POSITION MAP[1] SESSION[2] ACTIVE ELEMENTS ID:[15] (lvl:1,x:832.000000,y:320.000000)
[DEBUG] (07/09/2016 - 23:29:33) -  - [DYNAMICENTITY::VONUPDATE] NEW POSITION MAP[1] SESSION[2] ACTIVE ELEMENTS ID:[16] (lvl:1,x:256.000000,y:768.000000)
[DEBUG] (07/09/2016 - 23:29:33) -  - [DYNAMICENTITY::VONUPDATE] NEW POSITION MAP[1] SESSION[2] ENEMY ID:[7] (lvl:2,x:576.000000,y:320.000000)
[DEBUG] (07/09/2016 - 23:29:33) -  - [DYNAMICENTITY::VONUPDATE] NEW POSITION MAP[1] SESSION[2] ENEMY ID:[8] (lvl:2,x:128.000000,y:576.000000)
[DEBUG] (07/09/2016 - 23:29:33) -  - [DYNAMICENTITY::VONUPDATE] NEW POSITION MAP[1] SESSION[2] ENEMY ID:[9] (lvl:2,x:320.000000,y:320.000000)
[DEBUG] (07/09/2016 - 23:29:33) -  - [DYNAMICENTITY::VONUPDATE] NEW POSITION MAP[1] SESSION[2] ACTIVE ELEMENTS ID:[17] (lvl:2,x:320.000000,y:384.000000)
[DEBUG] (07/09/2016 - 23:29:33) -  - [DYNAMICENTITY::VONUPDATE] NEW POSITION MAP[1] SESSION[2] ACTIVE ELEMENTS ID:[18] (lvl:2,x:256.000000,y:64.000000)
[DEBUG] (07/09/2016 - 23:29:33) -  - [UDPDispatcherSession::Run] [027f1a70] ****
[DEBUG] (07/09/2016 - 23:29:33) -  - [UDPDispatcherSession::Run] [027f1a70] ****
[DEBUG] (07/09/2016 - 23:29:33) -  - [DYNAMICENTITY::VONUPDATE] NEW POSITION MAP[1] SESSION[1] ENEMY ID:[4] (lvl:1,x:384.000000,y:128.000000)
[DEBUG] (07/09/2016 - 23:29:33) -  - [DYNAMICENTITY::VONUPDATE] NEW POSITION MAP[1] SESSION[1] ENEMY ID:[5] (lvl:1,x:0.000000,y:320.000000)
[DEBUG] (07/09/2016 - 23:29:33) -  - [DYNAMICENTITY::VONUPDATE] NEW POSITION MAP[1] SESSION[1] ENEMY ID:[6] (lvl:1,x:576.000000,y:384.000000)
[DEBUG] (07/09/2016 - 23:29:33) -  - [DYNAMICENTITY::VONUPDATE] NEW POSITION MAP[1] SESSION[2] ACTIVE ELEMENTS ID:[19] (lvl:2,x:192.000000,y:0.000000)
[DEBUG] (07/09/2016 - 23:29:33) -  - [DYNAMICENTITY::VONUPDATE] NEW POSITION MAP[1] SESSION[1] ACTIVE ELEMENTS ID:[14] (lvl:1,x:512.000000,y:320.000000)
[DEBUG] (07/09/2016 - 23:29:33) -  - [DYNAMICENTITY::VONUPDATE] NEW POSITION MAP[1] SESSION[2] ENEMY ID:[10] (lvl:3,x:512.000000,y:64.000000)
[DEBUG] (07/09/2016 - 23:29:33) -  - [DYNAMICENTITY::VONUPDATE] NEW POSITION MAP[1] SESSION[2] ENEMY ID:[11] (lvl:3,x:704.000000,y:704.000000)
[DEBUG] (07/09/2016 - 23:29:33) -  - [DYNAMICENTITY::VONUPDATE] NEW POSITION MAP[1] SESSION[1] ACTIVE ELEMENTS ID:[15] (lvl:1,x:576.000000,y:576.000000)
[DEBUG] (07/09/2016 - 23:29:33) -  - [DYNAMICENTITY::VONUPDATE] NEW POSITION MAP[1] SESSION[2] ENEMY ID:[12] (lvl:3,x:320.000000,y:704.000000)
[DEBUG] (07/09/2016 - 23:29:34) -  - [DYNAMICENTITY::VONUPDATE] NEW POSITION MAP[1] SESSION[1] ACTIVE ELEMENTS ID:[16] (lvl:1,x:576.000000,y:192.000000)
[DEBUG] (07/09/2016 - 23:29:34) -  - [DYNAMICENTITY::VONUPDATE] NEW POSITION MAP[1] SESSION[2] ACTIVE ELEMENTS ID:[20] (lvl:3,x:576.000000,y:0.000000)
[DEBUG] (07/09/2016 - 23:29:34) -  - [DYNAMICENTITY::VONUPDATE] NEW POSITION MAP[1] SESSION[1] ENEMY ID:[7] (lvl:2,x:512.000000,y:768.000000)
[DEBUG] (07/09/2016 - 23:29:34) -  - [DYNAMICENTITY::VONUPDATE] NEW POSITION MAP[1] SESSION[2] ACTIVE ELEMENTS ID:[21] (lvl:3,x:448.000000,y:256.000000)
[DEBUG] (07/09/2016 - 23:29:34) -  - [DYNAMICENTITY::VONUPDATE] NEW POSITION MAP[1] SESSION[2] ACTIVE ELEMENTS ID:[22] (lvl:3,x:640.000000,y:192.000000)
[DEBUG] (07/09/2016 - 23:29:34) -  - [DYNAMICENTITY::VONUPDATE] NEW POSITION MAP[1] SESSION[1] ENEMY ID:[8] (lvl:2,x:0.000000,y:64.000000)
[DEBUG] (07/09/2016 - 23:29:34) -  - [DYNAMICENTITY::VONUPDATE] POSITION REMOTE PLAYER ID:[24] (lvl:1,x:960.000000,y:0.000000)
[DEBUG] (07/09/2016 - 23:29:34) -  - [DYNAMICENTITY::VONUPDATE] NEW POSITION MAP[1] SESSION[1] ENEMY ID:[9] (lvl:2,x:64.000000,y:768.000000)
[DEBUG] (07/09/2016 - 23:29:34) -  - [DYNAMICENTITY::VONUPDATE] NEW POSITION MAP[1] SESSION[1] ACTIVE ELEMENTS ID:[17] (lvl:2,x:640.000000,y:0.000000)
[DEBUG] (07/09/2016 - 23:29:34) -  - [DYNAMICENTITY::VONUPDATE] NEW POSITION MAP[1] SESSION[1] ACTIVE ELEMENTS ID:[18] (lvl:2,x:64.000000,y:576.000000)
[DEBUG] (07/09/2016 - 23:29:34) -  - [DYNAMICENTITY::VONUPDATE] NEW POSITION MAP[1] SESSION[1] ACTIVE ELEMENTS ID:[19] (lvl:2,x:64.000000,y:192.000000)
[DEBUG] (07/09/2016 - 23:29:34) -  - [DYNAMICENTITY::VONUPDATE] NEW POSITION MAP[1] SESSION[1] ENEMY ID:[10] (lvl:3,x:384.000000,y:576.000000)
[DEBUG] (07/09/2016 - 23:29:34) -  - [DYNAMICENTITY::VONUPDATE] NEW POSITION MAP[1] SESSION[1] ENEMY ID:[11] (lvl:3,x:704.000000,y:512.000000)
[DEBUG] (07/09/2016 - 23:29:34) -  - [DYNAMICENTITY::VONUPDATE] NEW POSITION MAP[1] SESSION[1] ENEMY ID:[12] (lvl:3,x:448.000000,y:576.000000)
[DEBUG] (07/09/2016 - 23:29:34) -  - [DYNAMICENTITY::VONUPDATE] NEW POSITION MAP[1] SESSION[1] ACTIVE ELEMENTS ID:[20] (lvl:3,x:960.000000,y:640.000000)
[DEBUG] (07/09/2016 - 23:29:34) -  - [DYNAMICENTITY::VONUPDATE] NEW POSITION MAP[1] SESSION[1] ACTIVE ELEMENTS ID:[21] (lvl:3,x:320.000000,y:256.000000)
[DEBUG] (07/09/2016 - 23:29:34) -  - [DYNAMICENTITY::VONUPDATE] NEW POSITION MAP[1] SESSION[1] ACTIVE ELEMENTS ID:[22] (lvl:3,x:640.000000,y:64.000000)
[DEBUG] (07/09/2016 - 23:29:34) -  - [DYNAMICENTITY::VONUPDATE] POSITION REMOTE PLAYER ID:[24] (lvl:1,x:960.000000,y:0.000000)
[DEBUG] (07/09/2016 - 23:29:34) -  - [UDPDispatcherSession::Run] [027f1d50] ****
[DEBUG] (07/09/2016 - 23:29:34) -  - [UDPDispatcherSession::Run] [027f1d50] ****
[DEBUG] (07/09/2016 - 23:29:34) -  - [DYNAMICENTITY::VONUPDATE] NEW POSITION MAP[1] SESSION[2] ENEMY ID:[4] (lvl:1,x:384.000000,y:128.000000)
[DEBUG] (07/09/2016 - 23:29:34) -  - [DYNAMICENTITY::VONUPDATE] NEW POSITION MAP[1] SESSION[2] ENEMY ID:[5] (lvl:1,x:0.000000,y:320.000000)
[DEBUG] (07/09/2016 - 23:29:34) -  - [DYNAMICENTITY::VONUPDATE] NEW POSITION MAP[1] SESSION[2] ENEMY ID:[6] (lvl:1,x:576.000000,y:384.000000)
[DEBUG] (07/09/2016 - 23:29:34) -  - [DYNAMICENTITY::VONUPDATE] NEW POSITION MAP[1] SESSION[2] ACTIVE ELEMENTS ID:[14] (lvl:1,x:512.000000,y:320.000000)
[DEBUG] (07/09/2016 - 23:29:34) -  - [DYNAMICENTITY::VONUPDATE] NEW POSITION MAP[1] SESSION[2] ACTIVE ELEMENTS ID:[15] (lvl:1,x:576.000000,y:576.000000)
[DEBUG] (07/09/2016 - 23:29:34) -  - [DYNAMICENTITY::VONUPDATE] NEW POSITION MAP[1] SESSION[2] ACTIVE ELEMENTS ID:[16] (lvl:1,x:576.000000,y:192.000000)
[DEBUG] (07/09/2016 - 23:29:34) -  - [DYNAMICENTITY::VONUPDATE] NEW POSITION MAP[1] SESSION[2] ENEMY ID:[7] (lvl:2,x:512.000000,y:768.000000)
[DEBUG] (07/09/2016 - 23:29:34) -  - [DYNAMICENTITY::VONUPDATE] NEW POSITION MAP[1] SESSION[2] ENEMY ID:[8] (lvl:2,x:0.000000,y:64.000000)
[DEBUG] (07/09/2016 - 23:29:34) -  - [DYNAMICENTITY::VONUPDATE] NEW POSITION MAP[1] SESSION[2] ENEMY ID:[9] (lvl:2,x:64.000000,y:768.000000)
[DEBUG] (07/09/2016 - 23:29:34) -  - [DYNAMICENTITY::VONUPDATE] NEW POSITION MAP[1] SESSION[2] ACTIVE ELEMENTS ID:[17] (lvl:2,x:640.000000,y:0.000000)
[DEBUG] (07/09/2016 - 23:29:34) -  - [DYNAMICENTITY::VONUPDATE] NEW POSITION MAP[1] SESSION[2] ACTIVE ELEMENTS ID:[18] (lvl:2,x:64.000000,y:576.000000)
[DEBUG] (07/09/2016 - 23:29:34) -  - [DYNAMICENTITY::VONUPDATE] NEW POSITION MAP[1] SESSION[2] ACTIVE ELEMENTS ID:[19] (lvl:2,x:64.000000,y:192.000000)
[DEBUG] (07/09/2016 - 23:29:34) -  - [DYNAMICENTITY::VONUPDATE] NEW POSITION MAP[1] SESSION[2] ENEMY ID:[10] (lvl:3,x:384.000000,y:576.000000)
[DEBUG] (07/09/2016 - 23:29:34) -  - [DYNAMICENTITY::VONUPDATE] NEW POSITION MAP[1] SESSION[2] ENEMY ID:[11] (lvl:3,x:704.000000,y:512.000000)
[DEBUG] (07/09/2016 - 23:29:34) -  - [DYNAMICENTITY::VONUPDATE] NEW POSITION MAP[1] SESSION[2] ENEMY ID:[12] (lvl:3,x:448.000000,y:576.000000)
[DEBUG] (07/09/2016 - 23:29:34) -  - [DYNAMICENTITY::VONUPDATE] NEW POSITION MAP[1] SESSION[2] ACTIVE ELEMENTS ID:[20] (lvl:3,x:960.000000,y:640.000000)
[DEBUG] (07/09/2016 - 23:29:34) -  - [DYNAMICENTITY::VONUPDATE] NEW POSITION MAP[1] SESSION[2] ACTIVE ELEMENTS ID:[21] (lvl:3,x:320.000000,y:256.000000)
[DEBUG] (07/09/2016 - 23:29:34) -  - [DYNAMICENTITY::VONUPDATE] NEW POSITION MAP[1] SESSION[2] ACTIVE ELEMENTS ID:[22] (lvl:3,x:640.000000,y:64.000000)
[DEBUG] (07/09/2016 - 23:29:34) -  - [DYNAMICENTITY::VONUPDATE] POSITION REMOTE PLAYER ID:[24] (lvl:1,x:960.000000,y:0.000000)
[DEBUG] (07/09/2016 - 23:29:34) -  - [UDPDispatcherSession::Run] [027f1a70] ****
[DEBUG] (07/09/2016 - 23:29:34) -  - [UDPDispatcherSession::Run] [027f1a70] ****
[DEBUG] (07/09/2016 - 23:29:34) -  - [DYNAMICENTITY::VONUPDATE] NEW POSITION MAP[1] SESSION[1] ENEMY ID:[4] (lvl:1,x:64.000000,y:192.000000)
[DEBUG] (07/09/2016 - 23:29:34) -  - [DYNAMICENTITY::VONUPDATE] NEW POSITION MAP[1] SESSION[1] ENEMY ID:[5] (lvl:1,x:64.000000,y:384.000000)
[DEBUG] (07/09/2016 - 23:29:34) -  - [DYNAMICENTITY::VONUPDATE] NEW POSITION MAP[1] SESSION[1] ENEMY ID:[6] (lvl:1,x:896.000000,y:704.000000)
[DEBUG] (07/09/2016 - 23:29:34) -  - [DYNAMICENTITY::VONUPDATE] NEW POSITION MAP[1] SESSION[1] ACTIVE ELEMENTS ID:[14] (lvl:1,x:512.000000,y:384.000000)
[DEBUG] (07/09/2016 - 23:29:34) -  - [DYNAMICENTITY::VONUPDATE] NEW POSITION MAP[1] SESSION[1] ACTIVE ELEMENTS ID:[15] (lvl:1,x:448.000000,y:448.000000)
[DEBUG] (07/09/2016 - 23:29:34) -  - [DYNAMICENTITY::VONUPDATE] NEW POSITION MAP[1] SESSION[1] ACTIVE ELEMENTS ID:[16] (lvl:1,x:128.000000,y:64.000000)
[DEBUG] (07/09/2016 - 23:29:34) -  - [DYNAMICENTITY::VONUPDATE] NEW POSITION MAP[1] SESSION[1] ENEMY ID:[7] (lvl:2,x:256.000000,y:64.000000)
[DEBUG] (07/09/2016 - 23:29:34) -  - [DYNAMICENTITY::VONUPDATE] NEW POSITION MAP[1] SESSION[1] ENEMY ID:[8] (lvl:2,x:640.000000,y:256.000000)
[DEBUG] (07/09/2016 - 23:29:34) -  - [DYNAMICENTITY::VONUPDATE] NEW POSITION MAP[1] SESSION[1] ENEMY ID:[9] (lvl:2,x:576.000000,y:384.000000)
[DEBUG] (07/09/2016 - 23:29:34) -  - [DYNAMICENTITY::VONUPDATE] NEW POSITION MAP[1] SESSION[1] ACTIVE ELEMENTS ID:[17] (lvl:2,x:64.000000,y:448.000000)
[DEBUG] (07/09/2016 - 23:29:34) -  - [DYNAMICENTITY::VONUPDATE] NEW POSITION MAP[1] SESSION[1] ACTIVE ELEMENTS ID:[18] (lvl:2,x:0.000000,y:320.000000)
[DEBUG] (07/09/2016 - 23:29:34) -  - [DYNAMICENTITY::VONUPDATE] NEW POSITION MAP[1] SESSION[1] ACTIVE ELEMENTS ID:[19] (lvl:2,x:512.000000,y:128.000000)
[DEBUG] (07/09/2016 - 23:29:34) -  - [UDPDispatcherSession::Run] [027f1d50] ****
[DEBUG] (07/09/2016 - 23:29:34) -  - [UDPDispatcherSession::Run] [027f1d50] ****
[DEBUG] (07/09/2016 - 23:29:34) -  - [DYNAMICENTITY::VONUPDATE] NEW POSITION MAP[1] SESSION[2] ENEMY ID:[4] (lvl:1,x:64.000000,y:192.000000)
[DEBUG] (07/09/2016 - 23:29:34) -  - [DYNAMICENTITY::VONUPDATE] NEW POSITION MAP[1] SESSION[1] ENEMY ID:[10] (lvl:3,x:576.000000,y:64.000000)
[DEBUG] (07/09/2016 - 23:29:34) -  - [DYNAMICENTITY::VONUPDATE] NEW POSITION MAP[1] SESSION[1] ENEMY ID:[11] (lvl:3,x:64.000000,y:384.000000)
[DEBUG] (07/09/2016 - 23:29:34) -  - [DYNAMICENTITY::VONUPDATE] NEW POSITION MAP[1] SESSION[2] ENEMY ID:[5] (lvl:1,x:64.000000,y:384.000000)
[DEBUG] (07/09/2016 - 23:29:34) -  - [DYNAMICENTITY::VONUPDATE] NEW POSITION MAP[1] SESSION[2] ENEMY ID:[6] (lvl:1,x:896.000000,y:704.000000)
[DEBUG] (07/09/2016 - 23:29:34) -  - [DYNAMICENTITY::VONUPDATE] NEW POSITION MAP[1] SESSION[2] ACTIVE ELEMENTS ID:[14] (lvl:1,x:512.000000,y:384.000000)
[DEBUG] (07/09/2016 - 23:29:34) -  - [DYNAMICENTITY::VONUPDATE] NEW POSITION MAP[1] SESSION[2] ACTIVE ELEMENTS ID:[15] (lvl:1,x:448.000000,y:448.000000)
[DEBUG] (07/09/2016 - 23:29:34) -  - [DYNAMICENTITY::VONUPDATE] NEW POSITION MAP[1] SESSION[2] ACTIVE ELEMENTS ID:[16] (lvl:1,x:128.000000,y:64.000000)
[DEBUG] (07/09/2016 - 23:29:34) -  - [DYNAMICENTITY::VONUPDATE] NEW POSITION MAP[1] SESSION[2] ENEMY ID:[7] (lvl:2,x:256.000000,y:64.000000)
[DEBUG] (07/09/2016 - 23:29:34) -  - [DYNAMICENTITY::VONUPDATE] NEW POSITION MAP[1] SESSION[2] ENEMY ID:[8] (lvl:2,x:640.000000,y:256.000000)
[DEBUG] (07/09/2016 - 23:29:34) -  - [DYNAMICENTITY::VONUPDATE] NEW POSITION MAP[1] SESSION[2] ENEMY ID:[9] (lvl:2,x:576.000000,y:384.000000)
[DEBUG] (07/09/2016 - 23:29:34) -  - [DYNAMICENTITY::VONUPDATE] NEW POSITION MAP[1] SESSION[2] ACTIVE ELEMENTS ID:[17] (lvl:2,x:64.000000,y:448.000000)
[DEBUG] (07/09/2016 - 23:29:34) -  - [DYNAMICENTITY::VONUPDATE] NEW POSITION MAP[1] SESSION[2] ACTIVE ELEMENTS ID:[18] (lvl:2,x:0.000000,y:320.000000)
[DEBUG] (07/09/2016 - 23:29:34) -  - [DYNAMICENTITY::VONUPDATE] NEW POSITION MAP[1] SESSION[2] ACTIVE ELEMENTS ID:[19] (lvl:2,x:512.000000,y:128.000000)
[DEBUG] (07/09/2016 - 23:29:34) -  - [DYNAMICENTITY::VONUPDATE] NEW POSITION MAP[1] SESSION[2] ENEMY ID:[10] (lvl:3,x:576.000000,y:64.000000)
[DEBUG] (07/09/2016 - 23:29:34) -  - [DYNAMICENTITY::VONUPDATE] NEW POSITION MAP[1] SESSION[1] ENEMY ID:[12] (lvl:3,x:896.000000,y:384.000000)
[DEBUG] (07/09/2016 - 23:29:34) -  - [DYNAMICENTITY::VONUPDATE] NEW POSITION MAP[1] SESSION[2] ENEMY ID:[11] (lvl:3,x:64.000000,y:384.000000)
[DEBUG] (07/09/2016 - 23:29:34) -  - [DYNAMICENTITY::VONUPDATE] NEW POSITION MAP[1] SESSION[1] ACTIVE ELEMENTS ID:[20] (lvl:3,x:64.000000,y:640.000000)