
[INFO]  (27/10/2016 - 01:24:10) -  - LogEngine - INITIALIZED! to [DEBUG]  Channel [FILE] 
[INFO]  (27/10/2016 - 01:24:10) -  - ================ [SSNETWORKMANAGER-CLIENT - INI] ================
[INFO]  (27/10/2016 - 01:24:14) -  - [SSNETWORKMANAGER::Main] OPEN PORT (20002)
[INFO]  (27/10/2016 - 01:24:15) -  - [SSNETWORKMANAGER::Main] OPEN MAP (1)
[INFO]  (27/10/2016 - 01:24:15) -  - [SSNETWORKMANAGER::Main] OPEN SESSION (1)
[INFO]  (27/10/2016 - 01:24:15) -  - [CompressPacket::Init] LZO CONF SUCCESSFUL version [2.09], version_date [Feb 04 2015]
[DEBUG] (27/10/2016 - 01:24:16) -  - [SSNETWORKMANAGER::createEnvirontment] -- SET VARIABLES ON
[DEBUG] (27/10/2016 - 01:24:16) -  - [SSNETWORKMANAGER::initConnectionUDP] --> INITCONNNECTIONUDP DONE!
[INFO]  (27/10/2016 - 01:24:16) -  - [SSNETWORKMANAGER::establishCommunicationUDP] --> QRY_CONECTION TRAMASEND[1] TRAMAGET[0]
[WARN]  (27/10/2016 - 01:24:16) -  - [CompressPacket::Compress] CANNOT COMPRESS INPUT DATA SIZE [33], OUTPUT DATA SIZE [35]
[WARN]  (27/10/2016 - 01:24:16) -  - [SSNETWORKMANAGER::sendMsgToServerUPD] --> size_data_before_compression [33] size_data_after_compression [0] 
[DEBUG] (27/10/2016 - 01:24:16) -  - [SSNETWORKMANAGER::sendMsgToServerUDP] CLIENT MSG TO SERVER [010000000000100000000000001065535] size [33]
[WARN]  (27/10/2016 - 01:24:16) -  - [SSNETWORKMANAGER::getMsgFromServerUDP] --> PACKET RECEIVED [1400000000017000000000171110348100010020000010010001600000100096000000384000640641999100011100000000000000000000000000000200011]
[INFO]  (27/10/2016 - 01:24:16) -  - [SSNETWORKMANAGER::getListActiveSessions] --> QRY_LIST_ACTIVE_SESSION TRAMASEND[1] TRAMAGET[1]
[WARN]  (27/10/2016 - 01:24:16) -  - [CompressPacket::Compress] CANNOT COMPRESS INPUT DATA SIZE [33], OUTPUT DATA SIZE [35]
[WARN]  (27/10/2016 - 01:24:16) -  - [SSNETWORKMANAGER::sendMsgToServerUPD] --> size_data_before_compression [33] size_data_after_compression [0] 
[DEBUG] (27/10/2016 - 01:24:16) -  - [SSNETWORKMANAGER::sendMsgToServerUDP] CLIENT MSG TO SERVER [030000000000100000000001001065535] size [33]
[WARN]  (27/10/2016 - 01:24:16) -  - [SSNETWORKMANAGER::getMsgFromServerUDP] --> PACKET RECEIVED [1400000000017000000000171100073890010020000010010001700000200083200000384000640641999100011100000000000000000000000000000200011]
[INFO]  (27/10/2016 - 01:24:16) -  - [SSNETWORKMANAGER::registerToActiveSession] --> TRAMA_SYNACK_SESSION TRAMASEND[2] TRAMAGET[1]
[DEBUG] (27/10/2016 - 01:24:16) -  - [CompressPacket::Compress] INPUT DATA SIZE [75], OUTPUT DATA SIZE [51]
[WARN]  (27/10/2016 - 01:24:16) -  - [SSNETWORKMANAGER::sendMsgToServerUPD] --> size_data_before_compression [75] size_data_after_compression [8] 
[DEBUG] (27/10/2016 - 01:24:16) -  - [SSNETWORKMANAGER::sendMsgToServerUDP] CLIENT MSG TO SERVER [050000000000200000000001001000630000001001000000000000000000000000000000000] size [75]
[WARN]  (27/10/2016 - 01:24:16) -  - [SSNETWORKMANAGER::getMsgFromServerUDP] --> PACKET RECEIVED [02000000000010000000000100004542100000000001000011]
[WARN]  (27/10/2016 - 01:24:16) -  - [SSNETWORKMANAGER::MAIN] PACKET NOT RECOGNIZED
[INFO]  (27/10/2016 - 01:24:16) -  - [SSNETWORKMANAGER::registerToActiveSession] --> TRAMA_SYNACK_SESSION TRAMASEND[3] TRAMAGET[1]
[DEBUG] (27/10/2016 - 01:24:16) -  - [CompressPacket::Compress] INPUT DATA SIZE [75], OUTPUT DATA SIZE [50]
[WARN]  (27/10/2016 - 01:24:16) -  - [SSNETWORKMANAGER::sendMsgToServerUPD] --> size_data_before_compression [75] size_data_after_compression [8] 
[DEBUG] (27/10/2016 - 01:24:16) -  - [SSNETWORKMANAGER::sendMsgToServerUDP] CLIENT MSG TO SERVER [050000000000300000000001001000630000001001000000000000000000000000000000000] size [75]
[WARN]  (27/10/2016 - 01:24:16) -  - [SSNETWORKMANAGER::getMsgFromServerUDP] --> PACKET RECEIVED [1400000000017000000000171090556030010020000010010001800000200025600000448000640641999100011100000000000000000000000000000200011]
[WARN]  (27/10/2016 - 01:24:16) -  - [SSNETWORKMANAGER::MAIN] PACKET NOT RECOGNIZED
[INFO]  (27/10/2016 - 01:24:16) -  - [SSNETWORKMANAGER::registerToActiveSession] --> TRAMA_SYNACK_SESSION TRAMASEND[4] TRAMAGET[1]
[DEBUG] (27/10/2016 - 01:24:16) -  - [CompressPacket::Compress] INPUT DATA SIZE [75], OUTPUT DATA SIZE [51]
[WARN]  (27/10/2016 - 01:24:16) -  - [SSNETWORKMANAGER::sendMsgToServerUPD] --> size_data_before_compression [75] size_data_after_compression [8] 
[DEBUG] (27/10/2016 - 01:24:16) -  - [SSNETWORKMANAGER::sendMsgToServerUDP] CLIENT MSG TO SERVER [050000000000400000000001001000630000001001000000000000000000000000000000000] size [75]
[WARN]  (27/10/2016 - 01:24:16) -  - [SSNETWORKMANAGER::getMsgFromServerUDP] --> PACKET RECEIVED [1400000000017000000000171080179750010020000010010001900000200019200000000000640641999100011100000000000000000000000000000200011]
[WARN]  (27/10/2016 - 01:24:16) -  - [SSNETWORKMANAGER::MAIN] PACKET NOT RECOGNIZED
[INFO]  (27/10/2016 - 01:24:17) -  - [SSNETWORKMANAGER::registerToActiveSession] --> TRAMA_SYNACK_SESSION TRAMASEND[5] TRAMAGET[1]
[DEBUG] (27/10/2016 - 01:24:17) -  - [CompressPacket::Compress] INPUT DATA SIZE [75], OUTPUT DATA SIZE [51]
[WARN]  (27/10/2016 - 01:24:17) -  - [SSNETWORKMANAGER::sendMsgToServerUPD] --> size_data_before_compression [75] size_data_after_compression [8] 
[DEBUG] (27/10/2016 - 01:24:17) -  - [SSNETWORKMANAGER::sendMsgToServerUDP] CLIENT MSG TO SERVER [050000000000500000000001001000630000001001000000000000000000000000000000000] size [75]
[WARN]  (27/10/2016 - 01:24:17) -  - [SSNETWORKMANAGER::getMsgFromServerUDP] --> PACKET RECEIVED [040000000000100000000002001049488001001001004001002004000000000000000000000000]
[WARN]  (27/10/2016 - 01:24:17) -  - [SSNETWORKMANAGER::MAIN] PACKET NOT RECOGNIZED
[INFO]  (27/10/2016 - 01:24:17) -  - [SSNETWORKMANAGER::registerToActiveSession] --> TRAMA_SYNACK_SESSION TRAMASEND[6] TRAMAGET[1]
[DEBUG] (27/10/2016 - 01:24:17) -  - [CompressPacket::Compress] INPUT DATA SIZE [75], OUTPUT DATA SIZE [51]
[WARN]  (27/10/2016 - 01:24:17) -  - [SSNETWORKMANAGER::sendMsgToServerUPD] --> size_data_before_compression [75] size_data_after_compression [8] 
[DEBUG] (27/10/2016 - 01:24:17) -  - [SSNETWORKMANAGER::sendMsgToServerUDP] CLIENT MSG TO SERVER [050000000000600000000001001000630000001001000000000000000000000000000000000] size [75]
[WARN]  (27/10/2016 - 01:24:17) -  - [SSNETWORKMANAGER::getMsgFromServerUDP] --> PACKET RECEIVED [1400000000017000000000171070340990010020000010010002000000300006400000320000640641999100011100000000000000000000000000000200011]
[WARN]  (27/10/2016 - 01:24:17) -  - [SSNETWORKMANAGER::MAIN] PACKET NOT RECOGNIZED
[INFO]  (27/10/2016 - 01:24:17) -  - [SSNETWORKMANAGER::registerToActiveSession] --> TRAMA_SYNACK_SESSION TRAMASEND[7] TRAMAGET[1]
[DEBUG] (27/10/2016 - 01:24:17) -  - [CompressPacket::Compress] INPUT DATA SIZE [75], OUTPUT DATA SIZE [51]
[WARN]  (27/10/2016 - 01:24:17) -  - [SSNETWORKMANAGER::sendMsgToServerUPD] --> size_data_before_compression [75] size_data_after_compression [8] 
[DEBUG] (27/10/2016 - 01:24:17) -  - [SSNETWORKMANAGER::sendMsgToServerUDP] CLIENT MSG TO SERVER [050000000000700000000001001000630000001001000000000000000000000000000000000] size [75]
[WARN]  (27/10/2016 - 01:24:17) -  - [SSNETWORKMANAGER::getMsgFromServerUDP] --> PACKET RECEIVED [1400000000017000000000171060345000010020000010010002100000300025600000640000640641999100011100000000000000000000000000000200011]
[WARN]  (27/10/2016 - 01:24:17) -  - [SSNETWORKMANAGER::MAIN] PACKET NOT RECOGNIZED
[INFO]  (27/10/2016 - 01:24:17) -  - [SSNETWORKMANAGER::registerToActiveSession] --> TRAMA_SYNACK_SESSION TRAMASEND[8] TRAMAGET[1]
[DEBUG] (27/10/2016 - 01:24:17) -  - [CompressPacket::Compress] INPUT DATA SIZE [75], OUTPUT DATA SIZE [51]
[WARN]  (27/10/2016 - 01:24:17) -  - [SSNETWORKMANAGER::sendMsgToServerUPD] --> size_data_before_compression [75] size_data_after_compression [8] 
[DEBUG] (27/10/2016 - 01:24:17) -  - [SSNETWORKMANAGER::sendMsgToServerUDP] CLIENT MSG TO SERVER [050000000000800000000001001000630000001001000000000000000000000000000000000] size [75]
[WARN]  (27/10/2016 - 01:24:18) -  - [SSNETWORKMANAGER::getMsgFromServerUDP] --> PACKET RECEIVED [1400000000017000000000171050518390010020000010010002200000300019200000320000640641999100011100000000000000000000000000000200011]
[WARN]  (27/10/2016 - 01:24:18) -  - [SSNETWORKMANAGER::MAIN] PACKET NOT RECOGNIZED
[INFO]  (27/10/2016 - 01:24:18) -  - [SSNETWORKMANAGER::registerToActiveSession] --> TRAMA_SYNACK_SESSION TRAMASEND[9] TRAMAGET[1]
[DEBUG] (27/10/2016 - 01:24:18) -  - [CompressPacket::Compress] INPUT DATA SIZE [75], OUTPUT DATA SIZE [51]
[WARN]  (27/10/2016 - 01:24:18) -  - [SSNETWORKMANAGER::sendMsgToServerUPD] --> size_data_before_compression [75] size_data_after_compression [8] 
[DEBUG] (27/10/2016 - 01:24:18) -  - [SSNETWORKMANAGER::sendMsgToServerUDP] CLIENT MSG TO SERVER [050000000000900000000001001000630000001001000000000000000000000000000000000] size [75]
[WARN]  (27/10/2016 - 01:24:18) -  - [SSNETWORKMANAGER::getMsgFromServerUDP] --> PACKET RECEIVED [1400000000017000000000171040002080010042000010010002300000100000000000000000640641999100011100000000000000000000000000000200011]
[WARN]  (27/10/2016 - 01:24:18) -  - [SSNETWORKMANAGER::MAIN] PACKET NOT RECOGNIZED
[INFO]  (27/10/2016 - 01:24:18) -  - [SSNETWORKMANAGER::registerToActiveSession] --> TRAMA_SYNACK_SESSION TRAMASEND[10] TRAMAGET[1]
[DEBUG] (27/10/2016 - 01:24:18) -  - [CompressPacket::Compress] INPUT DATA SIZE [75], OUTPUT DATA SIZE [45]
[WARN]  (27/10/2016 - 01:24:18) -  - [SSNETWORKMANAGER::sendMsgToServerUPD] --> size_data_before_compression [75] size_data_after_compression [8] 
[DEBUG] (27/10/2016 - 01:24:18) -  - [SSNETWORKMANAGER::sendMsgToServerUDP] CLIENT MSG TO SERVER [050000000001000000000001001000630000001001000000000000000000000000000000000] size [75]
[WARN]  (27/10/2016 - 01:24:18) -  - [SSNETWORKMANAGER::getMsgFromServerUDP] --> PACKET RECEIVED [1400000000017000000000171030332630010042000010010002400000100096000000000000640641999100011100000000000000000000000000000200010]
[WARN]  (27/10/2016 - 01:24:18) -  - [SSNETWORKMANAGER::MAIN] PACKET NOT RECOGNIZED
[INFO]  (27/10/2016 - 01:24:18) -  - [SSNETWORKMANAGER::registerToActiveSession] --> TRAMA_SYNACK_SESSION TRAMASEND[11] TRAMAGET[1]
[DEBUG] (27/10/2016 - 01:24:18) -  - [CompressPacket::Compress] INPUT DATA SIZE [75], OUTPUT DATA SIZE [49]
[WARN]  (27/10/2016 - 01:24:18) -  - [SSNETWORKMANAGER::sendMsgToServerUPD] --> size_data_before_compression [75] size_data_after_compression [8] 
[DEBUG] (27/10/2016 - 01:24:18) -  - [SSNETWORKMANAGER::sendMsgToServerUDP] CLIENT MSG TO SERVER [050000000001100000000001001000630000001001000000000000000000000000000000000] size [75]
[WARN]  (27/10/2016 - 01:24:18) -  - [SSNETWORKMANAGER::getMsgFromServerUDP] --> PACKET RECEIVED [1400000000017000000000171020025250010042000010010002500000100096000000704000640641999100011100000000000000000000000000000200010]
[WARN]  (27/10/2016 - 01:24:18) -  - [SSNETWORKMANAGER::MAIN] PACKET NOT RECOGNIZED
[INFO]  (27/10/2016 - 01:24:18) -  - [SSNETWORKMANAGER::registerToActiveSession] --> TRAMA_SYNACK_SESSION TRAMASEND[12] TRAMAGET[1]
[DEBUG] (27/10/2016 - 01:24:18) -  - [CompressPacket::Compress] INPUT DATA SIZE [75], OUTPUT DATA SIZE [52]
[WARN]  (27/10/2016 - 01:24:18) -  - [SSNETWORKMANAGER::sendMsgToServerUPD] --> size_data_before_compression [75] size_data_after_compression [8] 
[DEBUG] (27/10/2016 - 01:24:18) -  - [SSNETWORKMANAGER::sendMsgToServerUDP] CLIENT MSG TO SERVER [050000000001200000000001001000630000001001000000000000000000000000000000000] size [75]
[WARN]  (27/10/2016 - 01:24:19) -  - [SSNETWORKMANAGER::getMsgFromServerUDP] --> PACKET RECEIVED [1400000000017000000000171010032620010042000010010002600000100096000000704000640641999100011100000000000000000000000000000200010]
[WARN]  (27/10/2016 - 01:24:19) -  - [SSNETWORKMANAGER::MAIN] PACKET NOT RECOGNIZED