
[DEBUG] (06/12/2016 - 00:02:50) -  - [TRAMA SEND CLIENT] --> RAW DATA[010000000000100000000000001065535] TRAMABUFF[010000000000100000000000001065535]
[DEBUG] (06/12/2016 - 00:02:51) -  - [TRAMA GET CLIENT] --> RAW DATA[02000000000010000000000100004542100000000001000011]
[DEBUG] (06/12/2016 - 00:02:51) -  - [TRAMA SEND CLIENT] --> RAW DATA[030000000000100000000001001065535] TRAMABUFF[030000000000100000000001001065535]
[DEBUG] (06/12/2016 - 00:02:51) -  - [TRAMA GET CLIENT] --> RAW DATA[040000000000100000000002001020345001001001004000002004000000000000000000000000]
[DEBUG] (06/12/2016 - 00:02:51) -  - [TRAMA SEND CLIENT] --> RAW DATA[050000000000200000000001001000630000001001000000000000000000000000000000000] TRAMABUFF[050000000000200000000001001000630000001001000000000000000000000000000000000]
[DEBUG] (06/12/2016 - 00:02:52) -  - [TRAMA GET CLIENT] --> RAW DATA[1000000000002000000000010010629320010010060000100023activate client [23] map [1] session [1]]
[DEBUG] (06/12/2016 - 00:02:52) -  - [TRAMA GET CLIENT] --> RAW DATA[060000000000200000000002001023683000001001004000230010000000000000000064064]
[DEBUG] (06/12/2016 - 00:02:52) -  - [TRAMA SEND CLIENT] --> RAW DATA[130000000000300000000001001023683000001001004000230010000000000000000064064] TRAMABUFF[130000000000300000000001001023683000001001004000230010000000000000000064064]
[DEBUG] (06/12/2016 - 00:02:54) -  - [TRAMA SEND CLIENT] --> RAW DATA[130000000000400000000001001023683000001001004000230010000000000000000064064] TRAMABUFF[130000000000400000000001001023683000001001004000230010000000000000000064064]
[DEBUG] (06/12/2016 - 00:02:55) -  - [TRAMA GET CLIENT] --> RAW DATA[1400000000003000000000031220498890010010000010010000400000100017600000128000640641999100011100000000000000000000000000000200011]
[DEBUG] (06/12/2016 - 00:02:55) -  - [TRAMA GET CLIENT] --> RAW DATA[1400000000003000000000031210486440010010000010010000500000100011200000064000640641999100011100000000000000000000000000000200011]
[DEBUG] (06/12/2016 - 00:02:55) -  - [TRAMA GET CLIENT] --> RAW DATA[1400000000003000000000031200044090010010000010010000600000100017600000064000640641999100011100000000000000000000000000000200011]
[DEBUG] (06/12/2016 - 00:02:55) -  - [TRAMA GET CLIENT] --> RAW DATA[1400000000003000000000031190164650010010000010010000700000200017400000128000640641999100011100000000000000000000000000000200011]
[DEBUG] (06/12/2016 - 00:02:56) -  - [TRAMA GET CLIENT] --> RAW DATA[1400000000003000000000031180571890010010000010010000800000200011000000064000640641999100011100000000000000000000000000000200011]
[DEBUG] (06/12/2016 - 00:02:56) -  - [TRAMA GET CLIENT] --> RAW DATA[1400000000003000000000031170343090010010000010010000900000200017400000064000640641999100011100000000000000000000000000000200011]
[DEBUG] (06/12/2016 - 00:02:56) -  - [TRAMA GET CLIENT] --> RAW DATA[1400000000003000000000031160145400010010000010010001000000300017400000128000640641999100011100000000000000000000000000000200011]
[DEBUG] (06/12/2016 - 00:02:57) -  - [TRAMA GET CLIENT] --> RAW DATA[1400000000003000000000031150174490010010000010010001100000300011000000064000640641999100011100000000000000000000000000000200011]
[DEBUG] (06/12/2016 - 00:02:57) -  - [TRAMA SEND CLIENT] --> RAW DATA[130000000000500000000001001023683000001001004000230010000000000000000064064] TRAMABUFF[130000000000500000000001001023683000001001004000230010000000000000000064064]
[DEBUG] (06/12/2016 - 00:02:57) -  - [TRAMA GET CLIENT] --> RAW DATA[1400000000003000000000031140601800010010000010010001200000300017400000064000640641999100011100000000000000000000000000000200011]
[DEBUG] (06/12/2016 - 00:02:57) -  - [TRAMA GET CLIENT] --> RAW DATA[1400000000003000000000031130292910010020000010010001400000100030400000256000640641999100011100000000000000000000000000000200011]
[DEBUG] (06/12/2016 - 00:02:57) -  - [TRAMA GET CLIENT] --> RAW DATA[1400000000003000000000031120098850010020000010010001500000100030400000064000640641999100011100000000000000000000000000000200011]
[DEBUG] (06/12/2016 - 00:02:58) -  - [TRAMA GET CLIENT] --> RAW DATA[1400000000003000000000031110499300010020000010010001600000100011200000256000640641999100011100000000000000000000000000000200011]
[DEBUG] (06/12/2016 - 00:02:58) -  - [TRAMA GET CLIENT] --> RAW DATA[1400000000003000000000031100550750010020000010010001700000200030400000256000640641999100011100000000000000000000000000000200011]
[DEBUG] (06/12/2016 - 00:02:58) -  - [TRAMA GET CLIENT] --> RAW DATA[1400000000003000000000031090511480010020000010010001800000200030400000256000640641999100011100000000000000000000000000000200011]
[DEBUG] (06/12/2016 - 00:02:58) -  - [TRAMA GET CLIENT] --> RAW DATA[1400000000003000000000031080543690010020000010010001900000200011200000000000640641999100011100000000000000000000000000000200011]
[DEBUG] (06/12/2016 - 00:02:59) -  - [TRAMA GET CLIENT] --> RAW DATA[1400000000003000000000031070321030010020000010010002000000300030400000256000640641999100011100000000000000000000000000000200011]
[DEBUG] (06/12/2016 - 00:02:59) -  - [TRAMA SEND CLIENT] --> RAW DATA[130000000000600000000001001023683000001001004000230010000000000000000064064] TRAMABUFF[130000000000600000000001001023683000001001004000230010000000000000000064064]
[DEBUG] (06/12/2016 - 00:02:59) -  - [TRAMA GET CLIENT] --> RAW DATA[1400000000003000000000031060106410010020000010010002100000300030400000064000640641999100011100000000000000000000000000000200011]
[DEBUG] (06/12/2016 - 00:02:59) -  - [TRAMA GET CLIENT] --> RAW DATA[1400000000003000000000031050522300010020000010010002200000300011200000256000640641999100011100000000000000000000000000000200011]
[DEBUG] (06/12/2016 - 00:02:59) -  - [TRAMA GET CLIENT] --> RAW DATA[1400000000003000000000031040002080010042000010010002300000100000000000000000640641999100011100000000000000000000000000000200011]
[DEBUG] (06/12/2016 - 00:03:00) -  - [TRAMA GET CLIENT] --> RAW DATA[1400000000003000000000031030332630010042000010010002400000100096000000000000640641999100011100000000000000000000000000000200010]
[DEBUG] (06/12/2016 - 00:03:00) -  - [TRAMA GET CLIENT] --> RAW DATA[1400000000003000000000031020435100010042000010010002500000200096000000704000640641999100011100000000000000000000000000000200010]
[DEBUG] (06/12/2016 - 00:03:00) -  - [TRAMA GET CLIENT] --> RAW DATA[1400000000003000000000031010441810010042000010010002600000200096000000704000640641999100011100000000000000000000000000000200010]
[DEBUG] (06/12/2016 - 00:03:02) -  - [TRAMA GET CLIENT] --> RAW DATA[1400000000004000000000041220642330010010000010010000400000100019200000128000640641999100011100000000000000000000000000000200011]
[DEBUG] (06/12/2016 - 00:03:02) -  - [TRAMA SEND CLIENT] --> RAW DATA[130000000000700000000001001023683000001001004000230010000000000000000064064] TRAMABUFF[130000000000700000000001001023683000001001004000230010000000000000000064064]
[DEBUG] (06/12/2016 - 00:03:02) -  - [TRAMA GET CLIENT] --> RAW DATA[1400000000004000000000041210298990010010000010010000500000100012800000064000640641999100011100000000000000000000000000000200011]
[DEBUG] (06/12/2016 - 00:03:03) -  - [TRAMA GET CLIENT] --> RAW DATA[1400000000004000000000041200105450010010000010010000600000100019200000064000640641999100011100000000000000000000000000000200011]
[DEBUG] (06/12/2016 - 00:03:03) -  - [TRAMA GET CLIENT] --> RAW DATA[1400000000004000000000041190244810010010000010010000700000200019200000128000640641999100011100000000000000000000000000000200011]
[DEBUG] (06/12/2016 - 00:03:03) -  - [TRAMA GET CLIENT] --> RAW DATA[1400000000004000000000041180128820010010000010010000800000200012800000064000640641999100011100000000000000000000000000000200011]
[DEBUG] (06/12/2016 - 00:03:04) -  - [TRAMA GET CLIENT] --> RAW DATA[1400000000004000000000041170394130010010000010010000900000200019200000064000640641999100011100000000000000000000000000000200011]
[DEBUG] (06/12/2016 - 00:03:04) -  - [TRAMA GET CLIENT] --> RAW DATA[1400000000004000000000041160100440010010000010010001000000300019200000128000640641999100011100000000000000000000000000000200011]
[DEBUG] (06/12/2016 - 00:03:04) -  - [TRAMA GET CLIENT] --> RAW DATA[1400000000004000000000041150432940010010000010010001100000300012800000064000640641999100011100000000000000000000000000000200011]
[DEBUG] (06/12/2016 - 00:03:04) -  - [TRAMA SEND CLIENT] --> RAW DATA[130000000000800000000001001023683000001001004000230010000000000000000064064] TRAMABUFF[130000000000800000000001001023683000001001004000230010000000000000000064064]
[DEBUG] (06/12/2016 - 00:03:04) -  - [TRAMA GET CLIENT] --> RAW DATA[1400000000004000000000041140626920010010000010010001200000300019200000064000640641999100011100000000000000000000000000000200011]
[DEBUG] (06/12/2016 - 00:03:05) -  - [TRAMA GET CLIENT] --> RAW DATA[1400000000004000000000041130371500010020000010010001400000100032000000256000640641999100011100000000000000000000000000000200011]
[DEBUG] (06/12/2016 - 00:03:05) -  - [TRAMA GET CLIENT] --> RAW DATA[1400000000004000000000041120506640010020000010010001500000100032000000064000640641999100011100000000000000000000000000000200011]
[DEBUG] (06/12/2016 - 00:03:05) -  - [TRAMA GET CLIENT] --> RAW DATA[1400000000004000000000041110025010010020000010010001600000100012800000256000640641999100011100000000000000000000000000000200011]
[DEBUG] (06/12/2016 - 00:03:06) -  - [TRAMA GET CLIENT] --> RAW DATA[1400000000004000000000041100133980010020000010010001700000200032000000256000640641999100011100000000000000000000000000000200011]
[DEBUG] (06/12/2016 - 00:03:06) -  - [TRAMA GET CLIENT] --> RAW DATA[1400000000004000000000041090094010010020000010010001800000200032000000256000640641999100011100000000000000000000000000000200011]
[DEBUG] (06/12/2016 - 00:03:06) -  - [TRAMA GET CLIENT] --> RAW DATA[1400000000004000000000041080078540010020000010010001900000200012800000000000640641999100011100000000000000000000000000000200011]
[DEBUG] (06/12/2016 - 00:03:06) -  - [TRAMA SEND CLIENT] --> RAW DATA[130000000000900000000001001023683000001001004000230010000000000000000064064] TRAMABUFF[130000000000900000000001001023683000001001004000230010000000000000000064064]
[DEBUG] (06/12/2016 - 00:03:07) -  - [TRAMA GET CLIENT] --> RAW DATA[1400000000004000000000041070404660010020000010010002000000300032000000256000640641999100011100000000000000000000000000000200011]
[DEBUG] (06/12/2016 - 00:03:07) -  - [TRAMA GET CLIENT] --> RAW DATA[1400000000004000000000041060519400010020000010010002100000300032000000064000640641999100011100000000000000000000000000000200011]
[DEBUG] (06/12/2016 - 00:03:07) -  - [TRAMA GET CLIENT] --> RAW DATA[1400000000004000000000041050017370010020000010010002200000300012800000256000640641999100011100000000000000000000000000000200011]
[DEBUG] (06/12/2016 - 00:03:07) -  - [TRAMA GET CLIENT] --> RAW DATA[1400000000004000000000041040002080010042000010010002300000100000000000000000640641999100011100000000000000000000000000000200011]
[DEBUG] (06/12/2016 - 00:03:08) -  - [TRAMA GET CLIENT] --> RAW DATA[1400000000004000000000041030332630010042000010010002400000100096000000000000640641999100011100000000000000000000000000000200010]
[DEBUG] (06/12/2016 - 00:03:08) -  - [TRAMA GET CLIENT] --> RAW DATA[1400000000004000000000041020435100010042000010010002500000200096000000704000640641999100011100000000000000000000000000000200010]
[DEBUG] (06/12/2016 - 00:03:08) -  - [TRAMA GET CLIENT] --> RAW DATA[1400000000005000000000051220376010010010000010010000400000100019400000128000640641999100011100000000000000000000000000000200011]
[DEBUG] (06/12/2016 - 00:03:09) -  - [TRAMA GET CLIENT] --> RAW DATA[1400000000005000000000051210136890010010000010010000500000100013000000064000640641999100011100000000000000000000000000000200011]
[DEBUG] (06/12/2016 - 00:03:09) -  - [TRAMA SEND CLIENT] --> RAW DATA[130000000001000000000001001023683000001001004000230010000000000000000064064] TRAMABUFF[130000000001000000000001001023683000001001004000230010000000000000000064064]
[DEBUG] (06/12/2016 - 00:03:09) -  - [TRAMA GET CLIENT] --> RAW DATA[1400000000005000000000051200166970010010000010010000600000100019400000064000640641999100011100000000000000000000000000000200011]
[DEBUG] (06/12/2016 - 00:03:09) -  - [TRAMA GET CLIENT] --> RAW DATA[1400000000006000000000061220171370010010000010010000400000100019800000128000640641999100011100000000000000000000000000000200011]
[DEBUG] (06/12/2016 - 00:03:09) -  - [TRAMA GET CLIENT] --> RAW DATA[1400000000006000000000061210313690010010000010010000500000100013400000064000640641999100011100000000000000000000000000000200011]
[DEBUG] (06/12/2016 - 00:03:10) -  - [TRAMA GET CLIENT] --> RAW DATA[1400000000006000000000061200371610010010000010010000600000100019800000064000640641999100011100000000000000000000000000000200011]
[DEBUG] (06/12/2016 - 00:03:10) -  - [TRAMA GET CLIENT] --> RAW DATA[1400000000006000000000061190041770010010000010010000700000200019600000128000640641999100011100000000000000000000000000000200011]
[DEBUG] (06/12/2016 - 00:03:10) -  - [TRAMA GET CLIENT] --> RAW DATA[1400000000004000000000041010441810010042000010010002600000200096000000704000640641999100011100000000000000000000000000000200010]
[DEBUG] (06/12/2016 - 00:03:11) -  - [TRAMA GET CLIENT] --> RAW DATA[1400000000005000000000051190142490010010000010010000700000200019400000128000640641999100011100000000000000000000000000000200011]
[DEBUG] (06/12/2016 - 00:03:11) -  - [TRAMA SEND CLIENT] --> RAW DATA[130000000001100000000001001023683000001001004000230010000000000000000064064] TRAMABUFF[130000000001100000000001001023683000001001004000230010000000000000000064064]
[DEBUG] (06/12/2016 - 00:03:11) -  - [TRAMA GET CLIENT] --> RAW DATA[1400000000005000000000051180296640010010000010010000800000200013000000064000640641999100011100000000000000000000000000000200011]
[DEBUG] (06/12/2016 - 00:03:11) -  - [TRAMA GET CLIENT] --> RAW DATA[1400000000005000000000051170619490010010000010010000900000200019400000064000640641999100011100000000000000000000000000000200011]
[DEBUG] (06/12/2016 - 00:03:12) -  - [TRAMA GET CLIENT] --> RAW DATA[1400000000005000000000051160202760010010000010010001000000300019400000128000640641999100011100000000000000000000000000000200011]
[DEBUG] (06/12/2016 - 00:03:12) -  - [TRAMA GET CLIENT] --> RAW DATA[1400000000005000000000051150595640010010000010010001100000300013000000064000640641999100011100000000000000000000000000000200011]
[DEBUG] (06/12/2016 - 00:03:12) -  - [TRAMA GET CLIENT] --> RAW DATA[1400000000005000000000051140401720010010000010010001200000300019400000064000640641999100011100000000000000000000000000000200011]
[DEBUG] (06/12/2016 - 00:03:13) -  - [TRAMA GET CLIENT] --> RAW DATA[1400000000005000000000051130570700010020000010010001400000100032400000256000640641999100011100000000000000000000000000000200011]
[DEBUG] (06/12/2016 - 00:03:13) -  - [TRAMA GET CLIENT] --> RAW DATA[1400000000005000000000051120353520010020000010010001500000100032400000064000640641999100011100000000000000000000000000000200011]
[DEBUG] (06/12/2016 - 00:03:13) -  - [TRAMA SEND CLIENT] --> RAW DATA[130000000001200000000001001023683000001001004000230010000000000000000064064] TRAMABUFF[130000000001200000000001001023683000001001004000230010000000000000000064064]
[DEBUG] (06/12/2016 - 00:03:13) -  - [TRAMA GET CLIENT] --> RAW DATA[1400000000005000000000051110285590010020000010010001600000100013200000256000640641999100011100000000000000000000000000000200011]
[DEBUG] (06/12/2016 - 00:03:14) -  - [TRAMA GET CLIENT] --> RAW DATA[1400000000005000000000051100050380010020000010010001700000200032200000256000640641999100011100000000000000000000000000000200011]
[DEBUG] (06/12/2016 - 00:03:14) -  - [TRAMA GET CLIENT] --> RAW DATA[1400000000005000000000051090008330010020000010010001800000200032200000256000640641999100011100000000000000000000000000000200011]
[DEBUG] (06/12/2016 - 00:03:14) -  - [TRAMA GET CLIENT] --> RAW DATA[1400000000005000000000051080243480010020000010010001900000200013000000000000640641999100011100000000000000000000000000000200011]
[DEBUG] (06/12/2016 - 00:03:15) -  - [TRAMA GET CLIENT] --> RAW DATA[1400000000005000000000051070475940010020000010010002000000300032200000256000640641999100011100000000000000000000000000000200011]
[DEBUG] (06/12/2016 - 00:03:15) -  - [TRAMA GET CLIENT] --> RAW DATA[1400000000005000000000051060607000010020000010010002100000300032200000064000640641999100011100000000000000000000000000000200011]
[DEBUG] (06/12/2016 - 00:03:15) -  - [TRAMA GET CLIENT] --> RAW DATA[1400000000005000000000051050182990010020000010010002200000300013000000256000640641999100011100000000000000000000000000000200011]
[DEBUG] (06/12/2016 - 00:03:15) -  - [TRAMA SEND CLIENT] --> RAW DATA[130000000001300000000001001023683000001001004000230010000000000000000064064] TRAMABUFF[130000000001300000000001001023683000001001004000230010000000000000000064064]
[DEBUG] (06/12/2016 - 00:03:15) -  - [TRAMA GET CLIENT] --> RAW DATA[1400000000005000000000051040002080010042000010010002300000100000000000000000640641999100011100000000000000000000000000000200011]
[DEBUG] (06/12/2016 - 00:03:16) -  - [TRAMA GET CLIENT] --> RAW DATA[1400000000005000000000051030332630010042000010010002400000100096000000000000640641999100011100000000000000000000000000000200010]
[DEBUG] (06/12/2016 - 00:03:16) -  - [TRAMA GET CLIENT] --> RAW DATA[1400000000005000000000051020435100010042000010010002500000200096000000704000640641999100011100000000000000000000000000000200010]
[DEBUG] (06/12/2016 - 00:03:17) -  - [TRAMA GET CLIENT] --> RAW DATA[1400000000005000000000051010441810010042000010010002600000200096000000704000640641999100011100000000000000000000000000000200010]
[DEBUG] (06/12/2016 - 00:03:17) -  - [TRAMA GET CLIENT] --> RAW DATA[1400000000006000000000061180215280010010000010010000800000200013200000064000640641999100011100000000000000000000000000000200011]
[DEBUG] (06/12/2016 - 00:03:17) -  - [TRAMA GET CLIENT] --> RAW DATA[1400000000006000000000061170547890010010000010010000900000200019600000064000640641999100011100000000000000000000000000000200011]
[DEBUG] (06/12/2016 - 00:03:17) -  - [TRAMA SEND CLIENT] --> RAW DATA[130000000001400000000001001023683000001001004000230010000000000000000064064] TRAMABUFF[130000000001400000000001001023683000001001004000230010000000000000000064064]
[DEBUG] (06/12/2016 - 00:03:18) -  - [TRAMA GET CLIENT] --> RAW DATA[1400000000006000000000061160268280010010000010010001000000300019600000128000640641999100011100000000000000000000000000000200011]
[DEBUG] (06/12/2016 - 00:03:18) -  - [TRAMA GET CLIENT] --> RAW DATA[1400000000006000000000061150530760010010000010010001100000300013200000064000640641999100011100000000000000000000000000000200011]
[DEBUG] (06/12/2016 - 00:03:19) -  - [TRAMA GET CLIENT] --> RAW DATA[1400000000006000000000061140478920010010000010010001200000300019600000064000640641999100011100000000000000000000000000000200011]
[DEBUG] (06/12/2016 - 00:03:19) -  - [TRAMA GET CLIENT] --> RAW DATA[1400000000006000000000061130637660010020000010010001400000100032600000256000640641999100011100000000000000000000000000000200011]
[DEBUG] (06/12/2016 - 00:03:19) -  - [TRAMA GET CLIENT] --> RAW DATA[1400000000006000000000061120445120010020000010010001500000100032600000064000640641999100011100000000000000000000000000000200011]
[DEBUG] (06/12/2016 - 00:03:20) -  - [TRAMA SEND CLIENT] --> RAW DATA[130000000001500000000001001023683000001001004000230010000000000000000064064] TRAMABUFF[130000000001500000000001001023683000001001004000230010000000000000000064064]
[DEBUG] (06/12/2016 - 00:03:20) -  - [TRAMA GET CLIENT] --> RAW DATA[1400000000006000000000061110019270010020000010010001600000100013400000256000640641999100011100000000000000000000000000000200011]
[DEBUG] (06/12/2016 - 00:03:21) -  - [TRAMA GET CLIENT] --> RAW DATA[1400000000006000000000061100236460010020000010010001700000200032600000256000640641999100011100000000000000000000000000000200011]
[DEBUG] (06/12/2016 - 00:03:22) -  - [TRAMA GET CLIENT] --> RAW DATA[1400000000006000000000061090196330010020000010010001800000200032600000256000640641999100011100000000000000000000000000000200011]
[DEBUG] (06/12/2016 - 00:03:22) -  - [TRAMA SEND CLIENT] --> RAW DATA[130000000001600000000001001023683000001001004000230010000000000000000064064] TRAMABUFF[130000000001600000000001001023683000001001004000230010000000000000000064064]
[DEBUG] (06/12/2016 - 00:03:22) -  - [TRAMA GET CLIENT] --> RAW DATA[1400000000006000000000061080043320010020000010010001900000200013400000000000640641999100011100000000000000000000000000000200011]
[DEBUG] (06/12/2016 - 00:03:22) -  - [TRAMA GET CLIENT] --> RAW DATA[1400000000006000000000061070630020010020000010010002000000300032600000256000640641999100011100000000000000000000000000000200011]
[DEBUG] (06/12/2016 - 00:03:23) -  - [TRAMA GET CLIENT] --> RAW DATA[1400000000006000000000061060417080010020000010010002100000300032600000064000640641999100011100000000000000000000000000000200011]
[DEBUG] (06/12/2016 - 00:03:23) -  - [TRAMA GET CLIENT] --> RAW DATA[1400000000006000000000061050021870010020000010010002200000300013400000256000640641999100011100000000000000000000000000000200011]
[DEBUG] (06/12/2016 - 00:03:23) -  - [TRAMA GET CLIENT] --> RAW DATA[1400000000006000000000061040002080010042000010010002300000100000000000000000640641999100011100000000000000000000000000000200011]
[DEBUG] (06/12/2016 - 00:03:24) -  - [TRAMA GET CLIENT] --> RAW DATA[1400000000006000000000061030332630010042000010010002400000100096000000000000640641999100011100000000000000000000000000000200010]
[DEBUG] (06/12/2016 - 00:03:24) -  - [TRAMA GET CLIENT] --> RAW DATA[1400000000006000000000061020435100010042000010010002500000200096000000704000640641999100011100000000000000000000000000000200010]
[DEBUG] (06/12/2016 - 00:03:24) -  - [TRAMA SEND CLIENT] --> RAW DATA[130000000001700000000001001023683000001001004000230010000000000000000064064] TRAMABUFF[130000000001700000000001001023683000001001004000230010000000000000000064064]
[DEBUG] (06/12/2016 - 00:03:25) -  - [TRAMA GET CLIENT] --> RAW DATA[1400000000006000000000061010441810010042000010010002600000200096000000704000640641999100011100000000000000000000000000000200010]
[DEBUG] (06/12/2016 - 00:03:25) -  - [TRAMA SEND CLIENT] --> RAW DATA[0800000000018000000000010010051590010010010002310000000000001000064064] TRAMABUFF[0800000000018000000000010010051590010010010002310000000000001000064064]
[DEBUG] (06/12/2016 - 00:03:26) -  - [TRAMA SEND CLIENT] --> RAW DATA[0800000000019000000000010010424720010010010002310000000000002000064064] TRAMABUFF[0800000000019000000000010010424720010010010002310000000000002000064064]
[DEBUG] (06/12/2016 - 00:03:27) -  - [TRAMA SEND CLIENT] --> RAW DATA[130000000002000000000001001023683000001001004000230010000000000000000064064] TRAMABUFF[130000000002000000000001001023683000001001004000230010000000000000000064064]
[DEBUG] (06/12/2016 - 00:03:27) -  - [TRAMA SEND CLIENT] --> RAW DATA[0800000000021000000000010010331020010010010002310000050000002500064064] TRAMABUFF[0800000000021000000000010010331020010010010002310000050000002500064064]
[DEBUG] (06/12/2016 - 00:03:28) -  - [TRAMA SEND CLIENT] --> RAW DATA[0800000000022000000000010010290550010010010002310000150000002500064064] TRAMABUFF[0800000000022000000000010010290550010010010002310000150000002500064064]
[DEBUG] (06/12/2016 - 00:03:28) -  - [TRAMA SEND CLIENT] --> RAW DATA[0800000000023000000000010010289410010010010002310000250000002500064064] TRAMABUFF[0800000000023000000000010010289410010010010002310000250000002500064064]
[DEBUG] (06/12/2016 - 00:03:29) -  - [TRAMA SEND CLIENT] --> RAW DATA[130000000002400000000001001023683000001001004000230010000000000000000064064] TRAMABUFF[130000000002400000000001001023683000001001004000230010000000000000000064064]
[DEBUG] (06/12/2016 - 00:03:29) -  - [TRAMA SEND CLIENT] --> RAW DATA[0800000000025000000000010010330840010010010002310000350000002500064064] TRAMABUFF[0800000000025000000000010010330840010010010002310000350000002500064064]
[DEBUG] (06/12/2016 - 00:03:29) -  - [TRAMA GET CLIENT] --> RAW DATA[1400000000007000000000071220097030010010000010010000400000100023400000128000640641999100011100000000000000000000000000000200011]
[DEBUG] (06/12/2016 - 00:03:29) -  - [TRAMA SEND CLIENT] --> RAW DATA[0800000000026000000000010010291610010010010002310000450000002500064064] TRAMABUFF[0800000000026000000000010010291610010010010002310000450000002500064064]
[DEBUG] (06/12/2016 - 00:03:29) -  - [TRAMA GET CLIENT] --> RAW DATA[1400000000007000000000071210318260010010000010010000500000100017000000064000640641999100011100000000000000000000000000000200011]
[DEBUG] (06/12/2016 - 00:03:30) -  - [TRAMA GET CLIENT] --> RAW DATA[1400000000007000000000071200630390010010000010010000600000100023400000064000640641999100011100000000000000000000000000000200011]
[DEBUG] (06/12/2016 - 00:03:30) -  - [TRAMA GET CLIENT] --> RAW DATA[1400000000007000000000071190329430010010000010010000700000200023400000128000640641999100011100000000000000000000000000000200011]
[DEBUG] (06/12/2016 - 00:03:30) -  - [TRAMA GET CLIENT] --> RAW DATA[1400000000007000000000071180150510010010000010010000800000200017000000064000640641999100011100000000000000000000000000000200011]
[DEBUG] (06/12/2016 - 00:03:30) -  - [TRAMA GET CLIENT] --> RAW DATA[1400000000007000000000071170181710010010000010010000900000200023400000064000640641999100011100000000000000000000000000000200011]
[DEBUG] (06/12/2016 - 00:03:30) -  - [TRAMA SEND CLIENT] --> RAW DATA[0800000000027000000000010010332400010010010002310000550000002500064064] TRAMABUFF[0800000000027000000000010010332400010010010002310000550000002500064064]
[DEBUG] (06/12/2016 - 00:03:30) -  - [TRAMA GET CLIENT] --> RAW DATA[1400000000007000000000071160635380010010000010010001000000300023400000128000640641999100011100000000000000000000000000000200011]
[DEBUG] (06/12/2016 - 00:03:30) -  - [TRAMA GET CLIENT] --> RAW DATA[1400000000007000000000071150413510010010000010010001100000300017000000064000640641999100011100000000000000000000000000000200011]
[DEBUG] (06/12/2016 - 00:03:31) -  - [TRAMA GET CLIENT] --> RAW DATA[1400000000007000000000071140112420010010000010010001200000300023400000064000640641999100011100000000000000000000000000000200011]
[DEBUG] (06/12/2016 - 00:03:31) -  - [TRAMA GET CLIENT] --> RAW DATA[1400000000007000000000071130654850010020000010010001400000100036200000256000640641999100011100000000000000000000000000000200011]
[DEBUG] (06/12/2016 - 00:03:31) -  - [TRAMA SEND CLIENT] --> RAW DATA[130000000002800000000001001023683000001001004000230010000000000000000064064] TRAMABUFF[130000000002800000000001001023683000001001004000230010000000000000000064064]
[DEBUG] (06/12/2016 - 00:03:31) -  - [TRAMA SEND CLIENT] --> RAW DATA[0800000000029000000000010010331940010010010002310000650000002500064064] TRAMABUFF[0800000000029000000000010010331940010010010002310000650000002500064064]
[DEBUG] (06/12/2016 - 00:03:31) -  - [TRAMA GET CLIENT] --> RAW DATA[1400000000007000000000071120438350010020000010010001500000100036200000064000640641999100011100000000000000000000000000000200011]
[DEBUG] (06/12/2016 - 00:03:31) -  - [TRAMA GET CLIENT] --> RAW DATA[1400000000007000000000071110003480010020000010010001600000100017000000256000640641999100011100000000000000000000000000000200011]
[DEBUG] (06/12/2016 - 00:03:31) -  - [TRAMA GET CLIENT] --> RAW DATA[1400000000007000000000071100231730010020000010010001700000200036200000256000640641999100011100000000000000000000000000000200011]
[DEBUG] (06/12/2016 - 00:03:31) -  - [TRAMA GET CLIENT] --> RAW DATA[1400000000007000000000071090190500010020000010010001800000200036200000256000640641999100011100000000000000000000000000000200011]
[DEBUG] (06/12/2016 - 00:03:31) -  - [TRAMA GET CLIENT] --> RAW DATA[1400000000007000000000071080056870010020000010010001900000200017000000000000640641999100011100000000000000000000000000000200011]
[DEBUG] (06/12/2016 - 00:03:32) -  - [TRAMA GET CLIENT] --> RAW DATA[1400000000007000000000071070616330010020000010010002000000300036200000256000640641999100011100000000000000000000000000000200011]
[DEBUG] (06/12/2016 - 00:03:32) -  - [TRAMA SEND CLIENT] --> RAW DATA[0800000000030000000000010010290830010010010002310000750000002500064064] TRAMABUFF[0800000000030000000000010010290830010010010002310000750000002500064064]
[DEBUG] (06/12/2016 - 00:03:32) -  - [TRAMA GET CLIENT] --> RAW DATA[1400000000007000000000071060420390010020000010010002100000300036200000064000640641999100011100000000000000000000000000000200011]
[DEBUG] (06/12/2016 - 00:03:32) -  - [TRAMA GET CLIENT] --> RAW DATA[1400000000007000000000071050036640010020000010010002200000300017000000256000640641999100011100000000000000000000000000000200011]
[DEBUG] (06/12/2016 - 00:03:32) -  - [TRAMA GET CLIENT] --> RAW DATA[1400000000007000000000071040002080010042000010010002300000100000000000000000640641999100011100000000000000000000000000000200011]
[DEBUG] (06/12/2016 - 00:03:32) -  - [TRAMA GET CLIENT] --> RAW DATA[1400000000007000000000071030332630010042000010010002400000100096000000000000640641999100011100000000000000000000000000000200010]
[DEBUG] (06/12/2016 - 00:03:32) -  - [TRAMA SEND CLIENT] --> RAW DATA[0800000000031000000000010010198470010010010002310000840000002600064064] TRAMABUFF[0800000000031000000000010010198470010010010002310000840000002600064064]
[DEBUG] (06/12/2016 - 00:03:32) -  - [TRAMA GET CLIENT] --> RAW DATA[1400000000007000000000071020435100010042000010010002500000200096000000704000640641999100011100000000000000000000000000000200010]
[DEBUG] (06/12/2016 - 00:03:32) -  - [TRAMA GET CLIENT] --> RAW DATA[1400000000008000000000081220005430010010000010010000400000100023600000128000640641999100011100000000000000000000000000000200011]
[DEBUG] (06/12/2016 - 00:03:33) -  - [TRAMA GET CLIENT] --> RAW DATA[1400000000009000000000091220629670010010000010010000400000100023800000128000640641999100011100000000000000000000000000000200011]
[DEBUG] (06/12/2016 - 00:03:33) -  - [TRAMA GET CLIENT] --> RAW DATA[1400000000009000000000091210132180010010000010010000500000100017400000064000640641999100011100000000000000000000000000000200011]
[DEBUG] (06/12/2016 - 00:03:33) -  - [TRAMA SEND CLIENT] --> RAW DATA[130000000003200000000001001023683000001001004000230010000000000000000064064] TRAMABUFF[130000000003200000000001001023683000001001004000230010000000000000000064064]
[DEBUG] (06/12/2016 - 00:03:33) -  - [TRAMA GET CLIENT] --> RAW DATA[1400000000010000000000101220209710010010000010010000400000100024000000128000640641999100011100000000000000000000000000000200011]
[DEBUG] (06/12/2016 - 00:03:33) -  - [TRAMA GET CLIENT] --> RAW DATA[1400000000010000000000101210052100010010000010010000500000100017600000064000640641999100011100000000000000000000000000000200011]
[DEBUG] (06/12/2016 - 00:03:33) -  - [TRAMA GET CLIENT] --> RAW DATA[1400000000011000000000111220302270010010000010010000400000100024200000128000640641999100011100000000000000000000000000000200011]
[DEBUG] (06/12/2016 - 00:03:33) -  - [TRAMA SEND CLIENT] --> RAW DATA[1000000000033000000000010010335130010010060002300023Msg - [0] Hello [23] from [23]] TRAMABUFF[1000000000033000000000010010335130010010060002300023Msg - [0] Hello [23] from [23]]
[DEBUG] (06/12/2016 - 00:03:33) -  - [TRAMA GET CLIENT] --> RAW DATA[1400000000012000000000121220077070010010000010010000400000100024400000128000640641999100011100000000000000000000000000000200011]
[DEBUG] (06/12/2016 - 00:03:34) -  - [TRAMA GET CLIENT] --> RAW DATA[1400000000012000000000121210547760010010000010010000500000100018000000064000640641999100011100000000000000000000000000000200011]
[DEBUG] (06/12/2016 - 00:03:34) -  - [TRAMA GET CLIENT] --> RAW DATA[1400000000013000000000131220148190010010000010010000400000100024600000128000640641999100011100000000000000000000000000000200011]
[DEBUG] (06/12/2016 - 00:03:34) -  - [TRAMA GET CLIENT] --> RAW DATA[1400000000014000000000141220527470010010000010010000400000100024800000128000640641999100011100000000000000000000000000000200011]
[DEBUG] (06/12/2016 - 00:03:34) -  - [TRAMA GET CLIENT] --> RAW DATA[1400000000014000000000141210394320010010000010010000500000100018400000064000640641999100011100000000000000000000000000000200011]
[DEBUG] (06/12/2016 - 00:03:34) -  - [TRAMA SEND CLIENT] --> RAW DATA[1000000000034000000000010010593620010010060002300023Msg - [1] Hello [23] from [23]] TRAMABUFF[1000000000034000000000010010593620010010060002300023Msg - [1] Hello [23] from [23]]
[DEBUG] (06/12/2016 - 00:03:34) -  - [TRAMA GET CLIENT] --> RAW DATA[1400000000007000000000071010441810010042000010010002600000200096000000704000640641999100011100000000000000000000000000000200010]
[DEBUG] (06/12/2016 - 00:03:34) -  - [TRAMA GET CLIENT] --> RAW DATA[1400000000008000000000081210234660010010000010010000500000100017200000064000640641999100011100000000000000000000000000000200011]
[DEBUG] (06/12/2016 - 00:03:34) -  - [TRAMA GET CLIENT] --> RAW DATA[1400000000008000000000081200537030010010000010010000600000100023600000064000640641999100011100000000000000000000000000000200011]
[DEBUG] (06/12/2016 - 00:03:35) -  - [TRAMA GET CLIENT] --> RAW DATA[1400000000008000000000081190428390010010000010010000700000200023600000128000640641999100011100000000000000000000000000000200011]
[DEBUG] (06/12/2016 - 00:03:35) -  - [TRAMA SEND CLIENT] --> RAW DATA[1000000000035000000000010010186870010010060002300023Msg - [2] Hello [23] from [23]] TRAMABUFF[1000000000035000000000010010186870010010060002300023Msg - [2] Hello [23] from [23]]
[DEBUG] (06/12/2016 - 00:03:35) -  - [TRAMA GET CLIENT] --> RAW DATA[1400000000008000000000081180074750010010000010010000800000200017200000064000640641999100011100000000000000000000000000000200011]
[DEBUG] (06/12/2016 - 00:03:35) -  - [TRAMA GET CLIENT] --> RAW DATA[1400000000008000000000081170248350010010000010010000900000200023600000064000640641999100011100000000000000000000000000000200011]
[DEBUG] (06/12/2016 - 00:03:35) -  - [TRAMA SEND CLIENT] --> RAW DATA[1000000000036000000000010010117640010010060002300023Msg - [3] Hello [23] from [23]] TRAMABUFF[1000000000036000000000010010117640010010060002300023Msg - [3] Hello [23] from [23]]
[DEBUG] (06/12/2016 - 00:03:35) -  - [TRAMA SEND CLIENT] --> RAW DATA[130000000003700000000001001023683000001001004000230010000000000000000064064] TRAMABUFF[130000000003700000000001001023683000001001004000230010000000000000000064064]
[DEBUG] (06/12/2016 - 00:03:35) -  - [TRAMA GET CLIENT] --> RAW DATA[1400000000008000000000081160572900010010000010010001000000300023600000128000640641999100011100000000000000000000000000000200011]
[DEBUG] (06/12/2016 - 00:03:35) -  - [TRAMA SEND CLIENT] --> RAW DATA[1000000000038000000000010010017640010010060002300023Msg - [4] Hello [23] from [23]] TRAMABUFF[1000000000038000000000010010017640010010060002300023Msg - [4] Hello [23] from [23]]
[DEBUG] (06/12/2016 - 00:03:35) -  - [TRAMA GET CLIENT] --> RAW DATA[1400000000008000000000081150344310010010000010010001100000300017200000064000640641999100011100000000000000000000000000000200011]
[DEBUG] (06/12/2016 - 00:03:35) -  - [TRAMA GET CLIENT] --> RAW DATA[1400000000008000000000081140030900010010000010010001200000300023600000064000640641999100011100000000000000000000000000000200011]
[DEBUG] (06/12/2016 - 00:03:35) -  - [TRAMA GET CLIENT] --> RAW DATA[1400000000008000000000081130388530010020000010010001400000100036400000256000640641999100011100000000000000000000000000000200011]
[DEBUG] (06/12/2016 - 00:03:36) -  - [TRAMA GET CLIENT] --> RAW DATA[1400000000008000000000081120499710010020000010010001500000100036400000064000640641999100011100000000000000000000000000000200011]
[DEBUG] (06/12/2016 - 00:03:36) -  - [TRAMA GET CLIENT] --> RAW DATA[1400000000008000000000081110098920010020000010010001600000100017200000256000640641999100011100000000000000000000000000000200011]
[DEBUG] (06/12/2016 - 00:03:36) -  - [TRAMA GET CLIENT] --> RAW DATA[1400000000008000000000081100129410010020000010010001700000200036400000256000640641999100011100000000000000000000000000000200011]
[DEBUG] (06/12/2016 - 00:03:36) -  - [TRAMA GET CLIENT] --> RAW DATA[1400000000008000000000081090088020010020000010010001800000200036400000256000640641999100011100000000000000000000000000000200011]
[DEBUG] (06/12/2016 - 00:03:36) -  - [TRAMA GET CLIENT] --> RAW DATA[1400000000008000000000081080127510010020000010010001900000200017200000000000640641999100011100000000000000000000000000000200011]
[DEBUG] (06/12/2016 - 00:03:36) -  - [TRAMA GET CLIENT] --> RAW DATA[1400000000008000000000081070391130010020000010010002000000300036400000256000640641999100011100000000000000000000000000000200011]
[DEBUG] (06/12/2016 - 00:03:36) -  - [TRAMA GET CLIENT] --> RAW DATA[1400000000008000000000081060522870010020000010010002100000300036400000064000640641999100011100000000000000000000000000000200011]
[DEBUG] (06/12/2016 - 00:03:37) -  - [TRAMA GET CLIENT] --> RAW DATA[1400000000008000000000081050106640010020000010010002200000300017200000256000640641999100011100000000000000000000000000000200011]
[DEBUG] (06/12/2016 - 00:03:37) -  - [TRAMA GET CLIENT] --> RAW DATA[1400000000008000000000081040002080010042000010010002300000100000000000000000640641999100011100000000000000000000000000000200011]
[DEBUG] (06/12/2016 - 00:03:37) -  - [TRAMA GET CLIENT] --> RAW DATA[1400000000008000000000081030332630010042000010010002400000100096000000000000640641999100011100000000000000000000000000000200010]
[DEBUG] (06/12/2016 - 00:03:37) -  - [TRAMA GET CLIENT] --> RAW DATA[1400000000008000000000081020435100010042000010010002500000200096000000704000640641999100011100000000000000000000000000000200010]
[DEBUG] (06/12/2016 - 00:03:37) -  - [TRAMA SEND CLIENT] --> RAW DATA[130000000003900000000001001023683000001001004000230010000000000000000064064] TRAMABUFF[130000000003900000000001001023683000001001004000230010000000000000000064064]
[DEBUG] (06/12/2016 - 00:03:37) -  - [TRAMA GET CLIENT] --> RAW DATA[1400000000008000000000081010441810010042000010010002600000200096000000704000640641999100011100000000000000000000000000000200010]
[DEBUG] (06/12/2016 - 00:03:37) -  - [TRAMA GET CLIENT] --> RAW DATA[1400000000009000000000091200097750010010000010010000600000100023800000064000640641999100011100000000000000000000000000000200011]
[DEBUG] (06/12/2016 - 00:03:38) -  - [TRAMA GET CLIENT] --> RAW DATA[1400000000009000000000091190206710010010000010010000700000200023800000128000640641999100011100000000000000000000000000000200011]
[DEBUG] (06/12/2016 - 00:03:38) -  - [TRAMA GET CLIENT] --> RAW DATA[1400000000009000000000091180300110010010000010010000800000200017400000064000640641999100011100000000000000000000000000000200011]
[DEBUG] (06/12/2016 - 00:03:38) -  - [TRAMA GET CLIENT] --> RAW DATA[1400000000009000000000091170386350010010000010010000900000200023800000064000640641999100011100000000000000000000000000000200011]
[DEBUG] (06/12/2016 - 00:03:38) -  - [TRAMA GET CLIENT] --> RAW DATA[1400000000009000000000091160102740010010000010010001000000300023800000128000640641999100011100000000000000000000000000000200011]
[DEBUG] (06/12/2016 - 00:03:38) -  - [TRAMA GET CLIENT] --> RAW DATA[1400000000009000000000091150610470010010000010010001100000300017400000064000640641999100011100000000000000000000000000000200011]
[DEBUG] (06/12/2016 - 00:03:38) -  - [TRAMA GET CLIENT] --> RAW DATA[1400000000009000000000091140645060010010000010010001200000300023800000064000640641999100011100000000000000000000000000000200011]
[DEBUG] (06/12/2016 - 00:03:38) -  - [TRAMA GET CLIENT] --> RAW DATA[1400000000009000000000091130451170010020000010010001400000100036600000256000640641999100011100000000000000000000000000000200011]
[DEBUG] (06/12/2016 - 00:03:39) -  - [TRAMA GET CLIENT] --> RAW DATA[1400000000009000000000091120585710010020000010010001500000100036600000064000640641999100011100000000000000000000000000000200011]
[DEBUG] (06/12/2016 - 00:03:39) -  - [TRAMA GET CLIENT] --> RAW DATA[1400000000009000000000091110201400010020000010010001600000100017400000256000640641999100011100000000000000000000000000000200011]
[DEBUG] (06/12/2016 - 00:03:39) -  - [TRAMA GET CLIENT] --> RAW DATA[1400000000009000000000091100054930010020000010010001700000200036600000256000640641999100011100000000000000000000000000000200011]
[DEBUG] (06/12/2016 - 00:03:39) -  - [TRAMA GET CLIENT] --> RAW DATA[1400000000009000000000091090014340010020000010010001800000200036600000256000640641999100011100000000000000000000000000000200011]
[DEBUG] (06/12/2016 - 00:03:39) -  - [TRAMA GET CLIENT] --> RAW DATA[1400000000009000000000091080229830010020000010010001900000200017400000000000640641999100011100000000000000000000000000000200011]
[DEBUG] (06/12/2016 - 00:03:39) -  - [TRAMA SEND CLIENT] --> RAW DATA[130000000004000000000001001023683000001001004000230010000000000000000064064] TRAMABUFF[130000000004000000000001001023683000001001004000230010000000000000000064064]
[DEBUG] (06/12/2016 - 00:03:39) -  - [TRAMA GET CLIENT] --> RAW DATA[1400000000009000000000091070489450010020000010010002000000300036600000256000640641999100011100000000000000000000000000000200011]
[DEBUG] (06/12/2016 - 00:03:39) -  - [TRAMA GET CLIENT] --> RAW DATA[1400000000009000000000091060603590010020000010010002100000300036600000064000640641999100011100000000000000000000000000000200011]
[DEBUG] (06/12/2016 - 00:03:40) -  - [TRAMA GET CLIENT] --> RAW DATA[1400000000009000000000091050168000010020000010010002200000300017400000256000640641999100011100000000000000000000000000000200011]
[DEBUG] (06/12/2016 - 00:03:40) -  - [TRAMA GET CLIENT] --> RAW DATA[1400000000009000000000091040002080010042000010010002300000100000000000000000640641999100011100000000000000000000000000000200011]
[DEBUG] (06/12/2016 - 00:03:40) -  - [TRAMA GET CLIENT] --> RAW DATA[1400000000009000000000091030332630010042000010010002400000100096000000000000640641999100011100000000000000000000000000000200010]
[DEBUG] (06/12/2016 - 00:03:40) -  - [TRAMA GET CLIENT] --> RAW DATA[1400000000009000000000091020435100010042000010010002500000200096000000704000640641999100011100000000000000000000000000000200010]
[DEBUG] (06/12/2016 - 00:03:40) -  - [TRAMA GET CLIENT] --> RAW DATA[1400000000009000000000091010441810010042000010010002600000200096000000704000640641999100011100000000000000000000000000000200010]
[DEBUG] (06/12/2016 - 00:03:40) -  - [TRAMA GET CLIENT] --> RAW DATA[1400000000010000000000101200333310010010000010010000600000100024000000064000640641999100011100000000000000000000000000000200011]
[DEBUG] (06/12/2016 - 00:03:41) -  - [TRAMA GET CLIENT] --> RAW DATA[1400000000010000000000101190626270010010000010010000700000200024000000128000640641999100011100000000000000000000000000000200011]
[DEBUG] (06/12/2016 - 00:03:41) -  - [TRAMA GET CLIENT] --> RAW DATA[1400000000010000000000101180211870010010000010010000800000200017600000064000640641999100011100000000000000000000000000000200011]
[DEBUG] (06/12/2016 - 00:03:41) -  - [TRAMA GET CLIENT] --> RAW DATA[1400000000010000000000101170130470010010000010010000900000200024000000064000640641999100011100000000000000000000000000000200011]
[DEBUG] (06/12/2016 - 00:03:41) -  - [TRAMA GET CLIENT] --> RAW DATA[1400000000010000000000101160359020010010000010010001000000300024000000128000640641999100011100000000000000000000000000000200011]
[DEBUG] (06/12/2016 - 00:03:41) -  - [TRAMA GET CLIENT] --> RAW DATA[1400000000010000000000101150515990010010000010010001100000300017600000064000640641999100011100000000000000000000000000000200011]
[DEBUG] (06/12/2016 - 00:03:41) -  - [TRAMA SEND CLIENT] --> RAW DATA[130000000004100000000001001023683000001001004000230010000000000000000064064] TRAMABUFF[130000000004100000000001001023683000001001004000230010000000000000000064064]
[DEBUG] (06/12/2016 - 00:03:41) -  - [TRAMA GET CLIENT] --> RAW DATA[1400000000010000000000101140245500010010000010010001200000300024000000064000640641999100011100000000000000000000000000000200011]
[DEBUG] (06/12/2016 - 00:03:42) -  - [TRAMA GET CLIENT] --> RAW DATA[1400000000010000000000101130183890010020000010010001400000100036800000256000640641999100011100000000000000000000000000000200011]
[DEBUG] (06/12/2016 - 00:03:42) -  - [TRAMA GET CLIENT] --> RAW DATA[1400000000010000000000101120048990010020000010010001500000100036800000064000640641999100011100000000000000000000000000000200011]
[DEBUG] (06/12/2016 - 00:03:42) -  - [TRAMA GET CLIENT] --> RAW DATA[1400000000010000000000101110269640010020000010010001600000100017600000256000640641999100011100000000000000000000000000000200011]
[DEBUG] (06/12/2016 - 00:03:42) -  - [TRAMA GET CLIENT] --> RAW DATA[1400000000010000000000101100580130010020000010010001700000200036800000256000640641999100011100000000000000000000000000000200011]
[DEBUG] (06/12/2016 - 00:03:42) -  - [TRAMA GET CLIENT] --> RAW DATA[1400000000010000000000101090620660010020000010010001800000200036800000256000640641999100011100000000000000000000000000000200011]
[DEBUG] (06/12/2016 - 00:03:43) -  - [TRAMA GET CLIENT] --> RAW DATA[1400000000010000000000101080323190010020000010010001900000200017600000000000640641999100011100000000000000000000000000000200011]
[DEBUG] (06/12/2016 - 00:03:43) -  - [TRAMA GET CLIENT] --> RAW DATA[1400000000010000000000101070186490010020000010010002000000300036800000256000640641999100011100000000000000000000000000000200011]
[DEBUG] (06/12/2016 - 00:03:43) -  - [TRAMA GET CLIENT] --> RAW DATA[1400000000010000000000101060072150010020000010010002100000300036800000064000640641999100011100000000000000000000000000000200011]
[DEBUG] (06/12/2016 - 00:03:43) -  - [TRAMA GET CLIENT] --> RAW DATA[1400000000010000000000101050262000010020000010010002200000300017600000256000640641999100011100000000000000000000000000000200011]
[DEBUG] (06/12/2016 - 00:03:43) -  - [TRAMA GET CLIENT] --> RAW DATA[1400000000010000000000101040002080010042000010010002300000100000000000000000640641999100011100000000000000000000000000000200011]
[DEBUG] (06/12/2016 - 00:03:43) -  - [TRAMA SEND CLIENT] --> RAW DATA[130000000004200000000001001023683000001001004000230010000000000000000064064] TRAMABUFF[130000000004200000000001001023683000001001004000230010000000000000000064064]
[DEBUG] (06/12/2016 - 00:03:43) -  - [TRAMA GET CLIENT] --> RAW DATA[1400000000010000000000101030332630010042000010010002400000100096000000000000640641999100011100000000000000000000000000000200010]
[DEBUG] (06/12/2016 - 00:03:44) -  - [TRAMA GET CLIENT] --> RAW DATA[1400000000010000000000101020435100010042000010010002500000200096000000704000640641999100011100000000000000000000000000000200010]
[DEBUG] (06/12/2016 - 00:03:44) -  - [TRAMA GET CLIENT] --> RAW DATA[1400000000010000000000101010441810010042000010010002600000200096000000704000640641999100011100000000000000000000000000000200010]
[DEBUG] (06/12/2016 - 00:03:44) -  - [TRAMA GET CLIENT] --> RAW DATA[1400000000011000000000111210582900010010000010010000500000100017800000064000640641999100011100000000000000000000000000000200011]
[DEBUG] (06/12/2016 - 00:03:44) -  - [TRAMA GET CLIENT] --> RAW DATA[1400000000011000000000111200424430010010000010010000600000100024200000064000640641999100011100000000000000000000000000000200011]
[DEBUG] (06/12/2016 - 00:03:44) -  - [TRAMA GET CLIENT] --> RAW DATA[1400000000011000000000111190541070010010000010010000700000200024200000128000640641999100011100000000000000000000000000000200011]
[DEBUG] (06/12/2016 - 00:03:44) -  - [TRAMA GET CLIENT] --> RAW DATA[1400000000011000000000111180422830010010000010010000800000200017800000064000640641999100011100000000000000000000000000000200011]
[DEBUG] (06/12/2016 - 00:03:45) -  - [TRAMA GET CLIENT] --> RAW DATA[1400000000011000000000111170053910010010000010010000900000200024200000064000640641999100011100000000000000000000000000000200011]
[DEBUG] (06/12/2016 - 00:03:45) -  - [TRAMA GET CLIENT] --> RAW DATA[1400000000011000000000111160439740010010000010010001000000300024200000128000640641999100011100000000000000000000000000000200011]
[DEBUG] (06/12/2016 - 00:03:45) -  - [TRAMA GET CLIENT] --> RAW DATA[1400000000011000000000111150159750010010000010010001100000300017800000064000640641999100011100000000000000000000000000000200011]
[DEBUG] (06/12/2016 - 00:03:45) -  - [TRAMA GET CLIENT] --> RAW DATA[1400000000011000000000111140245500010010000010010001200000300024000000064000640641999100011100000000000000000000000000000200011]
[DEBUG] (06/12/2016 - 00:03:45) -  - [TRAMA GET CLIENT] --> RAW DATA[1400000000011000000000111130016390010020000010010001400000100037000000256000640641999100011100000000000000000000000000000200011]
[DEBUG] (06/12/2016 - 00:03:45) -  - [TRAMA GET CLIENT] --> RAW DATA[1400000000011000000000111120211370010020000010010001500000100037000000064000640641999100011100000000000000000000000000000200011]
[DEBUG] (06/12/2016 - 00:03:45) -  - [TRAMA SEND CLIENT] --> RAW DATA[130000000004300000000001001023683000001001004000230010000000000000000064064] TRAMABUFF[130000000004300000000001001023683000001001004000230010000000000000000064064]
[DEBUG] (06/12/2016 - 00:03:45) -  - [TRAMA GET CLIENT] --> RAW DATA[1400000000011000000000111110406360010020000010010001600000100017800000256000640641999100011100000000000000000000000000000200011]
[DEBUG] (06/12/2016 - 00:03:46) -  - [TRAMA GET CLIENT] --> RAW DATA[1400000000011000000000111100417750010020000010010001700000200037000000256000640641999100011100000000000000000000000000000200011]
[DEBUG] (06/12/2016 - 00:03:46) -  - [TRAMA GET CLIENT] --> RAW DATA[1400000000011000000000111090460160010020000010010001800000200037000000256000640641999100011100000000000000000000000000000200011]
[DEBUG] (06/12/2016 - 00:03:46) -  - [TRAMA GET CLIENT] --> RAW DATA[1400000000011000000000111080352870010020000010010001900000200017800000000000640641999100011100000000000000000000000000000200011]
[DEBUG] (06/12/2016 - 00:03:46) -  - [TRAMA GET CLIENT] --> RAW DATA[1400000000011000000000111070024110010020000010010002000000300037000000256000640641999100011100000000000000000000000000000200011]
[DEBUG] (06/12/2016 - 00:03:46) -  - [TRAMA GET CLIENT] --> RAW DATA[1400000000011000000000111060239650010020000010010002100000300037000000064000640641999100011100000000000000000000000000000200011]
[DEBUG] (06/12/2016 - 00:03:46) -  - [TRAMA GET CLIENT] --> RAW DATA[1400000000011000000000111050372960010020000010010002200000300017800000256000640641999100011100000000000000000000000000000200011]
[DEBUG] (06/12/2016 - 00:03:46) -  - [TRAMA GET CLIENT] --> RAW DATA[1400000000011000000000111040002080010042000010010002300000100000000000000000640641999100011100000000000000000000000000000200011]
[DEBUG] (06/12/2016 - 00:03:47) -  - [TRAMA GET CLIENT] --> RAW DATA[1400000000011000000000111030332630010042000010010002400000100096000000000000640641999100011100000000000000000000000000000200010]
[DEBUG] (06/12/2016 - 00:03:47) -  - [TRAMA GET CLIENT] --> RAW DATA[1400000000011000000000111020435100010042000010010002500000200096000000704000640641999100011100000000000000000000000000000200010]
[DEBUG] (06/12/2016 - 00:03:47) -  - [TRAMA GET CLIENT] --> RAW DATA[1400000000011000000000111010441810010042000010010002600000200096000000704000640641999100011100000000000000000000000000000200010]
[DEBUG] (06/12/2016 - 00:03:47) -  - [TRAMA GET CLIENT] --> RAW DATA[1400000000012000000000121200526750010010000010010000600000100024400000064000640641999100011100000000000000000000000000000200011]
[DEBUG] (06/12/2016 - 00:03:47) -  - [TRAMA GET CLIENT] --> RAW DATA[1400000000012000000000121190479550010010000010010000700000200024400000128000640641999100011100000000000000000000000000000200011]
[DEBUG] (06/12/2016 - 00:03:47) -  - [TRAMA GET CLIENT] --> RAW DATA[1400000000012000000000121180377290010010000010010000800000200018000000064000640641999100011100000000000000000000000000000200011]
[DEBUG] (06/12/2016 - 00:03:48) -  - [TRAMA GET CLIENT] --> RAW DATA[1400000000012000000000121170320070010010000010010000900000200024400000064000640641999100011100000000000000000000000000000200011]
[DEBUG] (06/12/2016 - 00:03:48) -  - [TRAMA SEND CLIENT] --> RAW DATA[130000000004400000000001001023683000001001004000230010000000000000000064064] TRAMABUFF[130000000004400000000001001023683000001001004000230010000000000000000064064]
[DEBUG] (06/12/2016 - 00:03:48) -  - [TRAMA GET CLIENT] --> RAW DATA[1400000000012000000000121160439740010010000010010001000000300024200000128000640641999100011100000000000000000000000000000200011]
[DEBUG] (06/12/2016 - 00:03:48) -  - [TRAMA GET CLIENT] --> RAW DATA[1400000000012000000000121150159750010010000010010001100000300017800000064000640641999100011100000000000000000000000000000200011]
[DEBUG] (06/12/2016 - 00:03:48) -  - [TRAMA GET CLIENT] --> RAW DATA[1400000000012000000000121140307500010010000010010001200000300024200000064000640641999100011100000000000000000000000000000200011]
[DEBUG] (06/12/2016 - 00:03:48) -  - [TRAMA GET CLIENT] --> RAW DATA[1400000000012000000000121130086070010020000010010001400000100037200000256000640641999100011100000000000000000000000000000200011]
[DEBUG] (06/12/2016 - 00:03:48) -  - [TRAMA GET CLIENT] --> RAW DATA[1400000000012000000000121120300570010020000010010001500000100037200000064000640641999100011100000000000000000000000000000200011]
[DEBUG] (06/12/2016 - 00:03:48) -  - [TRAMA GET CLIENT] --> RAW DATA[1400000000012000000000121110432540010020000010010001600000100018000000256000640641999100011100000000000000000000000000000200011]
[DEBUG] (06/12/2016 - 00:03:49) -  - [TRAMA GET CLIENT] --> RAW DATA[1400000000012000000000121100340070010020000010010001700000200037200000256000640641999100011100000000000000000000000000000200011]
[DEBUG] (06/12/2016 - 00:03:49) -  - [TRAMA GET CLIENT] --> RAW DATA[1400000000012000000000121090379440010020000010010001800000200037200000256000640641999100011100000000000000000000000000000200011]
[DEBUG] (06/12/2016 - 00:03:49) -  - [TRAMA GET CLIENT] --> RAW DATA[1400000000012000000000121080490530010020000010010001900000200018000000000000640641999100011100000000000000000000000000000200011]
[DEBUG] (06/12/2016 - 00:03:49) -  - [TRAMA GET CLIENT] --> RAW DATA[1400000000012000000000121070119230010020000010010002000000300037200000256000640641999100011100000000000000000000000000000200011]
[DEBUG] (06/12/2016 - 00:03:49) -  - [TRAMA GET CLIENT] --> RAW DATA[1400000000012000000000121060313330010020000010010002100000300037200000064000640641999100011100000000000000000000000000000200011]
[DEBUG] (06/12/2016 - 00:03:49) -  - [TRAMA GET CLIENT] --> RAW DATA[1400000000012000000000121050430020010020000010010002200000300018000000256000640641999100011100000000000000000000000000000200011]
[DEBUG] (06/12/2016 - 00:03:49) -  - [TRAMA GET CLIENT] --> RAW DATA[1400000000012000000000121040002080010042000010010002300000100000000000000000640641999100011100000000000000000000000000000200011]
[DEBUG] (06/12/2016 - 00:03:50) -  - [TRAMA GET CLIENT] --> RAW DATA[1400000000012000000000121030332630010042000010010002400000100096000000000000640641999100011100000000000000000000000000000200010]
[DEBUG] (06/12/2016 - 00:03:50) -  - [TRAMA SEND CLIENT] --> RAW DATA[130000000004500000000001001023683000001001004000230010000000000000000064064] TRAMABUFF[130000000004500000000001001023683000001001004000230010000000000000000064064]
[DEBUG] (06/12/2016 - 00:03:50) -  - [TRAMA GET CLIENT] --> RAW DATA[1400000000012000000000121020435100010042000010010002500000200096000000704000640641999100011100000000000000000000000000000200010]
[DEBUG] (06/12/2016 - 00:03:50) -  - [TRAMA GET CLIENT] --> RAW DATA[1400000000012000000000121010441810010042000010010002600000200096000000704000640641999100011100000000000000000000000000000200010]
[DEBUG] (06/12/2016 - 00:03:50) -  - [TRAMA GET CLIENT] --> RAW DATA[1400000000013000000000131210619520010010000010010000500000100018200000064000640641999100011100000000000000000000000000000200011]
[DEBUG] (06/12/2016 - 00:03:50) -  - [TRAMA GET CLIENT] --> RAW DATA[1400000000013000000000131200599630010010000010010000600000100024600000064000640641999100011100000000000000000000000000000200011]
[DEBUG] (06/12/2016 - 00:03:50) -  - [TRAMA GET CLIENT] --> RAW DATA[1400000000013000000000131190401070010010000010010000700000200024600000128000640641999100011100000000000000000000000000000200011]
[DEBUG] (06/12/2016 - 00:03:50) -  - [TRAMA GET CLIENT] --> RAW DATA[1400000000013000000000131180462330010010000010010000800000200018200000064000640641999100011100000000000000000000000000000200011]
[DEBUG] (06/12/2016 - 00:03:51) -  - [TRAMA GET CLIENT] --> RAW DATA[1400000000013000000000131170232950010010000010010000900000200024600000064000640641999100011100000000000000000000000000000200011]
[DEBUG] (06/12/2016 - 00:03:51) -  - [TRAMA GET CLIENT] --> RAW DATA[1400000000013000000000131160501260010010000010010001000000300024400000128000640641999100011100000000000000000000000000000200011]
[DEBUG] (06/12/2016 - 00:03:51) -  - [TRAMA GET CLIENT] --> RAW DATA[1400000000013000000000131150020930010010000010010001100000300018000000064000640641999100011100000000000000000000000000000200011]
[DEBUG] (06/12/2016 - 00:03:51) -  - [TRAMA GET CLIENT] --> RAW DATA[1400000000013000000000131140041180010010000010010001200000300024400000064000640641999100011100000000000000000000000000000200011]
[DEBUG] (06/12/2016 - 00:03:51) -  - [TRAMA GET CLIENT] --> RAW DATA[1400000000013000000000131130188390010020000010010001400000100037400000256000640641999100011100000000000000000000000000000200011]
[DEBUG] (06/12/2016 - 00:03:51) -  - [TRAMA GET CLIENT] --> RAW DATA[1400000000013000000000131120075210010020000010010001500000100037400000064000640641999100011100000000000000000000000000000200011]
[DEBUG] (06/12/2016 - 00:03:51) -  - [TRAMA GET CLIENT] --> RAW DATA[1400000000013000000000131110366220010020000010010001600000100018200000256000640641999100011100000000000000000000000000000200011]
[DEBUG] (06/12/2016 - 00:03:52) -  - [TRAMA GET CLIENT] --> RAW DATA[1400000000013000000000131100606390010020000010010001700000200037400000256000640641999100011100000000000000000000000000000200011]
[DEBUG] (06/12/2016 - 00:03:52) -  - [TRAMA GET CLIENT] --> RAW DATA[1400000000013000000000131090645600010020000010010001800000200037400000256000640641999100011100000000000000000000000000000200011]
[DEBUG] (06/12/2016 - 00:03:52) -  - [TRAMA SEND CLIENT] --> RAW DATA[130000000004600000000001001023683000001001004000230010000000000000000064064] TRAMABUFF[130000000004600000000001001023683000001001004000230010000000000000000064064]
[DEBUG] (06/12/2016 - 00:03:52) -  - [TRAMA GET CLIENT] --> RAW DATA[1400000000013000000000131080390130010020000010010001900000200018200000000000640641999100011100000000000000000000000000000200011]
[DEBUG] (06/12/2016 - 00:03:52) -  - [TRAMA GET CLIENT] --> RAW DATA[1400000000013000000000131070180750010020000010010002000000300037400000256000640641999100011100000000000000000000000000000200011]
[DEBUG] (06/12/2016 - 00:03:52) -  - [TRAMA GET CLIENT] --> RAW DATA[1400000000013000000000131060047170010020000010010002100000300037400000064000640641999100011100000000000000000000000000000200011]
[DEBUG] (06/12/2016 - 00:03:52) -  - [TRAMA GET CLIENT] --> RAW DATA[1400000000013000000000131050327700010020000010010002200000300018200000256000640641999100011100000000000000000000000000000200011]
[DEBUG] (06/12/2016 - 00:03:52) -  - [TRAMA GET CLIENT] --> RAW DATA[1400000000013000000000131040002080010042000010010002300000100000000000000000640641999100011100000000000000000000000000000200011]
[DEBUG] (06/12/2016 - 00:03:53) -  - [TRAMA GET CLIENT] --> RAW DATA[1400000000013000000000131030332630010042000010010002400000100096000000000000640641999100011100000000000000000000000000000200010]
[DEBUG] (06/12/2016 - 00:03:53) -  - [TRAMA GET CLIENT] --> RAW DATA[1400000000013000000000131020435100010042000010010002500000200096000000704000640641999100011100000000000000000000000000000200010]
[DEBUG] (06/12/2016 - 00:03:53) -  - [TRAMA GET CLIENT] --> RAW DATA[1400000000013000000000131010441810010042000010010002600000200096000000704000640641999100011100000000000000000000000000000200010]
[DEBUG] (06/12/2016 - 00:03:53) -  - [TRAMA GET CLIENT] --> RAW DATA[1400000000014000000000141200076350010010000010010000600000100024800000064000640641999100011100000000000000000000000000000200011]
[DEBUG] (06/12/2016 - 00:03:53) -  - [TRAMA GET CLIENT] --> RAW DATA[1400000000014000000000141190274590010010000010010000700000200024800000128000640641999100011100000000000000000000000000000200011]
[DEBUG] (06/12/2016 - 00:03:53) -  - [TRAMA GET CLIENT] --> RAW DATA[1400000000014000000000141180564650010010000010010000800000200018400000064000640641999100011100000000000000000000000000000200011]
[DEBUG] (06/12/2016 - 00:03:53) -  - [TRAMA GET CLIENT] --> RAW DATA[1400000000014000000000141170443110010010000010010000900000200024800000064000640641999100011100000000000000000000000000000200011]
[DEBUG] (06/12/2016 - 00:03:54) -  - [TRAMA GET CLIENT] --> RAW DATA[1400000000014000000000141160584220010010000010010001000000300024600000128000640641999100011100000000000000000000000000000200011]
[DEBUG] (06/12/2016 - 00:03:54) -  - [TRAMA GET CLIENT] --> RAW DATA[1400000000014000000000141150122450010010000010010001100000300018200000064000640641999100011100000000000000000000000000000200011]
[DEBUG] (06/12/2016 - 00:03:54) -  - [TRAMA GET CLIENT] --> RAW DATA[1400000000014000000000141140143180010010000010010001200000300024600000064000640641999100011100000000000000000000000000000200011]
[DEBUG] (06/12/2016 - 00:03:54) -  - [TRAMA SEND CLIENT] --> RAW DATA[130000000004700000000001001023683000001001004000230010000000000000000064064] TRAMABUFF[130000000004700000000001001023683000001001004000230010000000000000000064064]
[DEBUG] (06/12/2016 - 00:03:54) -  - [TRAMA GET CLIENT] --> RAW DATA[1400000000014000000000141130282710010020000010010001400000100037600000256000640641999100011100000000000000000000000000000200011]
[DEBUG] (06/12/2016 - 00:03:54) -  - [TRAMA GET CLIENT] --> RAW DATA[1400000000014000000000141120150010010020000010010001500000100037600000064000640641999100011100000000000000000000000000000200011]
[DEBUG] (06/12/2016 - 00:03:54) -  - [TRAMA GET CLIENT] --> RAW DATA[1400000000014000000000141110591420010020000010010001600000100018400000256000640641999100011100000000000000000000000000000200011]
[DEBUG] (06/12/2016 - 00:03:54) -  - [TRAMA GET CLIENT] --> RAW DATA[1400000000014000000000141100520070010020000010010001700000200037600000256000640641999100011100000000000000000000000000000200011]
[DEBUG] (06/12/2016 - 00:03:55) -  - [TRAMA GET CLIENT] --> RAW DATA[1400000000014000000000141090562640010020000010010001800000200037600000256000640641999100011100000000000000000000000000000200011]
[DEBUG] (06/12/2016 - 00:03:55) -  - [TRAMA GET CLIENT] --> RAW DATA[1400000000014000000000141080615490010020000010010001900000200018400000000000640641999100011100000000000000000000000000000200011]
[DEBUG] (06/12/2016 - 00:03:55) -  - [TRAMA GET CLIENT] --> RAW DATA[1400000000014000000000141070249310010020000010010002000000300037600000256000640641999100011100000000000000000000000000000200011]
[DEBUG] (06/12/2016 - 00:03:55) -  - [TRAMA GET CLIENT] --> RAW DATA[1400000000014000000000141060137170010020000010010002100000300037600000064000640641999100011100000000000000000000000000000200011]
[DEBUG] (06/12/2016 - 00:03:55) -  - [TRAMA GET CLIENT] --> RAW DATA[1400000000014000000000141050594020010020000010010002200000300018400000256000640641999100011100000000000000000000000000000200011]
[DEBUG] (06/12/2016 - 00:03:55) -  - [TRAMA GET CLIENT] --> RAW DATA[1400000000014000000000141040002080010042000010010002300000100000000000000000640641999100011100000000000000000000000000000200011]
[DEBUG] (06/12/2016 - 00:03:55) -  - [TRAMA GET CLIENT] --> RAW DATA[1400000000014000000000141030332630010042000010010002400000100096000000000000640641999100011100000000000000000000000000000200010]
[DEBUG] (06/12/2016 - 00:03:56) -  - [TRAMA GET CLIENT] --> RAW DATA[1400000000014000000000141020435100010042000010010002500000200096000000704000640641999100011100000000000000000000000000000200010]
[DEBUG] (06/12/2016 - 00:03:56) -  - [TRAMA GET CLIENT] --> RAW DATA[1400000000014000000000141010441810010042000010010002600000200096000000704000640641999100011100000000000000000000000000000200010]
[DEBUG] (06/12/2016 - 00:03:56) -  - [TRAMA GET CLIENT] --> RAW DATA[1400000000015000000000151220288550010010000010010000400000100049200000128000640641999100011100000000000000000000000000000200011]
[DEBUG] (06/12/2016 - 00:03:57) -  - [TRAMA SEND CLIENT] --> RAW DATA[130000000004800000000001001023683000001001004000230010000000000000000064064] TRAMABUFF[130000000004800000000001001023683000001001004000230010000000000000000064064]
[DEBUG] (06/12/2016 - 00:03:57) -  - [TRAMA GET CLIENT] --> RAW DATA[1400000000015000000000151210651730010010000010010000500000100042800000064000640641999100011100000000000000000000000000000200011]
[DEBUG] (06/12/2016 - 00:03:57) -  - [TRAMA GET CLIENT] --> RAW DATA[1400000000015000000000151200418390010010000010010000600000100049200000064000640641999100011100000000000000000000000000000200011]
[DEBUG] (06/12/2016 - 00:03:57) -  - [TRAMA GET CLIENT] --> RAW DATA[1400000000015000000000151190619590010010000010010000700000200049000000128000640641999100011100000000000000000000000000000200011]
[DEBUG] (06/12/2016 - 00:03:57) -  - [TRAMA GET CLIENT] --> RAW DATA[1400000000015000000000151180204520010010000010010000800000200042600000064000640641999100011100000000000000000000000000000200011]
[DEBUG] (06/12/2016 - 00:03:57) -  - [TRAMA GET CLIENT] --> RAW DATA[1400000000015000000000151170133950010010000010010000900000200049000000064000640641999100011100000000000000000000000000000200011]
[DEBUG] (06/12/2016 - 00:03:57) -  - [TRAMA GET CLIENT] --> RAW DATA[1400000000015000000000151160354820010010000010010001000000300049000000128000640641999100011100000000000000000000000000000200011]
[DEBUG] (06/12/2016 - 00:03:58) -  - [TRAMA GET CLIENT] --> RAW DATA[1400000000015000000000151150544400010010000010010001100000300042600000064000640641999100011100000000000000000000000000000200011]
[DEBUG] (06/12/2016 - 00:03:58) -  - [TRAMA GET CLIENT] --> RAW DATA[1400000000015000000000151140228500010010000010010001200000300049000000064000640641999100011100000000000000000000000000000200011]
[DEBUG] (06/12/2016 - 00:03:58) -  - [TRAMA GET CLIENT] --> RAW DATA[1400000000015000000000151130069760010020000010010001400000100062000000256000640641999100011100000000000000000000000000000200011]
[DEBUG] (06/12/2016 - 00:03:58) -  - [TRAMA GET CLIENT] --> RAW DATA[1400000000015000000000151120204060010020000010010001500000100062000000064000640641999100011100000000000000000000000000000200011]
[DEBUG] (06/12/2016 - 00:03:58) -  - [TRAMA GET CLIENT] --> RAW DATA[1400000000015000000000151110336910010020000010010001600000100042800000256000640641999100011100000000000000000000000000000200011]
[DEBUG] (06/12/2016 - 00:03:58) -  - [TRAMA GET CLIENT] --> RAW DATA[1400000000015000000000151100486480010020000010010001700000200062000000256000640641999100011100000000000000000000000000000200011]
[DEBUG] (06/12/2016 - 00:03:58) -  - [TRAMA GET CLIENT] --> RAW DATA[1400000000015000000000151090447750010020000010010001800000200062000000256000640641999100011100000000000000000000000000000200011]
[DEBUG] (06/12/2016 - 00:03:59) -  - [TRAMA GET CLIENT] --> RAW DATA[1400000000015000000000151080381280010020000010010001900000200042800000000000640641999100011100000000000000000000000000000200011]
[DEBUG] (06/12/2016 - 00:03:59) -  - [TRAMA SEND CLIENT] --> RAW DATA[130000000004900000000001001023683000001001004000230010000000000000000064064] TRAMABUFF[130000000004900000000001001023683000001001004000230010000000000000000064064]
[DEBUG] (06/12/2016 - 00:03:59) -  - [TRAMA GET CLIENT] --> RAW DATA[1400000000015000000000151070638670010020000010010002000000300061800000256000640641999100011100000000000000000000000000000200011]
[DEBUG] (06/12/2016 - 00:03:59) -  - [TRAMA GET CLIENT] --> RAW DATA[1400000000015000000000151060444290010020000010010002100000300061800000064000640641999100011100000000000000000000000000000200011]
[DEBUG] (06/12/2016 - 00:03:59) -  - [TRAMA GET CLIENT] --> RAW DATA[1400000000015000000000151050316150010020000010010002200000300042600000256000640641999100011100000000000000000000000000000200011]
[DEBUG] (06/12/2016 - 00:03:59) -  - [TRAMA GET CLIENT] --> RAW DATA[1400000000015000000000151040002080010042000010010002300000100000000000000000640641999100011100000000000000000000000000000200011]
[DEBUG] (06/12/2016 - 00:03:59) -  - [TRAMA GET CLIENT] --> RAW DATA[1400000000015000000000151030332630010042000010010002400000100096000000000000640641999100011100000000000000000000000000000200010]
[DEBUG] (06/12/2016 - 00:04:00) -  - [TRAMA GET CLIENT] --> RAW DATA[1400000000015000000000151020435100010042000010010002500000200096000000704000640641999100011100000000000000000000000000000200010]
[DEBUG] (06/12/2016 - 00:04:00) -  - [TRAMA GET CLIENT] --> RAW DATA[1400000000016000000000161220063350010010000010010000400000100049400000128000640641999100011100000000000000000000000000000200011]
[DEBUG] (06/12/2016 - 00:04:00) -  - [TRAMA GET CLIENT] --> RAW DATA[1400000000017000000000171220161990010010000010010000400000100049600000128000640641999100011100000000000000000000000000000200011]
[DEBUG] (06/12/2016 - 00:04:00) -  - [TRAMA GET CLIENT] --> RAW DATA[1400000000017000000000171210391350010010000010010000500000100043200000064000640641999100011100000000000000000000000000000200011]
[DEBUG] (06/12/2016 - 00:04:00) -  - [TRAMA GET CLIENT] --> RAW DATA[1400000000020000000000201220513750010010000010010000400000100049800000128000640641999100011100000000000000000000000000000200011]
[DEBUG] (06/12/2016 - 00:04:00) -  - [TRAMA GET CLIENT] --> RAW DATA[1400000000020000000000201210616550010010000010010000500000100043400000064000640641999100011100000000000000000000000000000200011]
[DEBUG] (06/12/2016 - 00:04:00) -  - [TRAMA GET CLIENT] --> RAW DATA[1400000000015000000000151010441810010042000010010002600000200096000000704000640641999100011100000000000000000000000000000200010]
[DEBUG] (06/12/2016 - 00:04:01) -  - [TRAMA GET CLIENT] --> RAW DATA[1400000000016000000000161210489350010010000010010000500000100043000000064000640641999100011100000000000000000000000000000200011]
[DEBUG] (06/12/2016 - 00:04:01) -  - [TRAMA GET CLIENT] --> RAW DATA[1400000000016000000000161200520710010010000010010000600000100049400000064000640641999100011100000000000000000000000000000200011]
[DEBUG] (06/12/2016 - 00:04:01) -  - [TRAMA SEND CLIENT] --> RAW DATA[130000000005000000000001001023683000001001004000230010000000000000000064064] TRAMABUFF[130000000005000000000001001023683000001001004000230010000000000000000064064]
[DEBUG] (06/12/2016 - 00:04:01) -  - [TRAMA GET CLIENT] --> RAW DATA[1400000000016000000000161190547830010010000010010000700000200049200000128000640641999100011100000000000000000000000000000200011]
[DEBUG] (06/12/2016 - 00:04:01) -  - [TRAMA GET CLIENT] --> RAW DATA[1400000000016000000000161180471160010010000010010000800000200042800000064000640641999100011100000000000000000000000000000200011]
[DEBUG] (06/12/2016 - 00:04:01) -  - [TRAMA GET CLIENT] --> RAW DATA[1400000000016000000000161170050350010010000010010000900000200049200000064000640641999100011100000000000000000000000000000200011]
[DEBUG] (06/12/2016 - 00:04:01) -  - [TRAMA GET CLIENT] --> RAW DATA[1400000000016000000000161160443860010010000010010001000000300049200000128000640641999100011100000000000000000000000000000200011]
[DEBUG] (06/12/2016 - 00:04:01) -  - [TRAMA GET CLIENT] --> RAW DATA[1400000000016000000000161150090240010010000010010001100000300042800000064000640641999100011100000000000000000000000000000200011]
[DEBUG] (06/12/2016 - 00:04:02) -  - [TRAMA GET CLIENT] --> RAW DATA[1400000000016000000000161140324420010010000010010001200000300049200000064000640641999100011100000000000000000000000000000200011]
[DEBUG] (06/12/2016 - 00:04:02) -  - [TRAMA GET CLIENT] --> RAW DATA[1400000000016000000000161130155440010020000010010001400000100062200000256000640641999100011100000000000000000000000000000200011]
[DEBUG] (06/12/2016 - 00:04:02) -  - [TRAMA GET CLIENT] --> RAW DATA[1400000000016000000000161120267020010020000010010001500000100062200000064000640641999100011100000000000000000000000000000200011]
[DEBUG] (06/12/2016 - 00:04:02) -  - [TRAMA GET CLIENT] --> RAW DATA[1400000000016000000000161110497050010020000010010001600000100043000000256000640641999100011100000000000000000000000000000200011]
[DEBUG] (06/12/2016 - 00:04:02) -  - [TRAMA GET CLIENT] --> RAW DATA[1400000000016000000000161100394080010020000010010001700000200062200000256000640641999100011100000000000000000000000000000200011]
[DEBUG] (06/12/2016 - 00:04:02) -  - [TRAMA GET CLIENT] --> RAW DATA[1400000000016000000000161090351030010020000010010001800000200062200000256000640641999100011100000000000000000000000000000200011]
[DEBUG] (06/12/2016 - 00:04:02) -  - [TRAMA GET CLIENT] --> RAW DATA[1400000000016000000000161080545940010020000010010001900000200043000000000000640641999100011100000000000000000000000000000200011]
[DEBUG] (06/12/2016 - 00:04:03) -  - [TRAMA GET CLIENT] --> RAW DATA[1400000000016000000000161070132360010020000010010002000000300062200000256000640641999100011100000000000000000000000000000200011]
[DEBUG] (06/12/2016 - 00:04:03) -  - [TRAMA GET CLIENT] --> RAW DATA[1400000000016000000000161060264340010020000010010002100000300062200000064000640641999100011100000000000000000000000000000200011]
[DEBUG] (06/12/2016 - 00:04:03) -  - [TRAMA GET CLIENT] --> RAW DATA[1400000000016000000000161050525170010020000010010002200000300043000000256000640641999100011100000000000000000000000000000200011]
[DEBUG] (06/12/2016 - 00:04:03) -  - [TRAMA SEND CLIENT] --> RAW DATA[130000000005100000000001001023683000001001004000230010000000000000000064064] TRAMABUFF[130000000005100000000001001023683000001001004000230010000000000000000064064]
[DEBUG] (06/12/2016 - 00:04:03) -  - [TRAMA GET CLIENT] --> RAW DATA[1400000000016000000000161040002080010042000010010002300000100000000000000000640641999100011100000000000000000000000000000200011]
[DEBUG] (06/12/2016 - 00:04:03) -  - [TRAMA GET CLIENT] --> RAW DATA[1400000000016000000000161030332630010042000010010002400000100096000000000000640641999100011100000000000000000000000000000200010]
[DEBUG] (06/12/2016 - 00:04:03) -  - [TRAMA GET CLIENT] --> RAW DATA[1400000000016000000000161020435100010042000010010002500000200096000000704000640641999100011100000000000000000000000000000200010]
[DEBUG] (06/12/2016 - 00:04:03) -  - [TRAMA GET CLIENT] --> RAW DATA[1400000000016000000000161010441810010042000010010002600000200096000000704000640641999100011100000000000000000000000000000200010]
[DEBUG] (06/12/2016 - 00:04:04) -  - [TRAMA GET CLIENT] --> RAW DATA[1400000000017000000000171200605750010010000010010000600000100049600000064000640641999100011100000000000000000000000000000200011]
[DEBUG] (06/12/2016 - 00:04:04) -  - [TRAMA GET CLIENT] --> RAW DATA[1400000000017000000000171190394390010010000010010000700000200049600000128000640641999100011100000000000000000000000000000200011]
[DEBUG] (06/12/2016 - 00:04:04) -  - [TRAMA GET CLIENT] --> RAW DATA[1400000000017000000000171180569020010010000010010000800000200043200000064000640641999100011100000000000000000000000000000200011]
[DEBUG] (06/12/2016 - 00:04:04) -  - [TRAMA GET CLIENT] --> RAW DATA[1400000000017000000000171170236430010010000010010000900000200049600000064000640641999100011100000000000000000000000000000200011]
[DEBUG] (06/12/2016 - 00:04:04) -  - [TRAMA GET CLIENT] --> RAW DATA[1400000000017000000000171160505380010010000010010001000000300049400000128000640641999100011100000000000000000000000000000200011]
[DEBUG] (06/12/2016 - 00:04:04) -  - [TRAMA GET CLIENT] --> RAW DATA[1400000000017000000000171150253300010010000010010001100000300043000000064000640641999100011100000000000000000000000000000200011]
[DEBUG] (06/12/2016 - 00:04:05) -  - [TRAMA GET CLIENT] --> RAW DATA[1400000000017000000000171140058100010010000010010001200000300049400000064000640641999100011100000000000000000000000000000200011]
[DEBUG] (06/12/2016 - 00:04:05) -  - [TRAMA GET CLIENT] --> RAW DATA[1400000000017000000000171130216800010020000010010001400000100062400000256000640641999100011100000000000000000000000000000200011]
[DEBUG] (06/12/2016 - 00:04:05) -  - [TRAMA GET CLIENT] --> RAW DATA[1400000000017000000000171120000700010020000010010001500000100062400000064000640641999100011100000000000000000000000000000200011]
[DEBUG] (06/12/2016 - 00:04:05) -  - [TRAMA GET CLIENT] --> RAW DATA[1400000000017000000000171110588330010020000010010001600000100043200000256000640641999100011100000000000000000000000000000200011]
[DEBUG] (06/12/2016 - 00:04:05) -  - [TRAMA SEND CLIENT] --> RAW DATA[130000000005200000000001001023683000001001004000230010000000000000000064064] TRAMABUFF[130000000005200000000001001023683000001001004000230010000000000000000064064]
[DEBUG] (06/12/2016 - 00:04:05) -  - [TRAMA GET CLIENT] --> RAW DATA[1400000000017000000000171100619440010020000010010001700000200062400000256000640641999100011100000000000000000000000000000200011]
[DEBUG] (06/12/2016 - 00:04:05) -  - [TRAMA GET CLIENT] --> RAW DATA[1400000000017000000000171090576230010020000010010001800000200062400000256000640641999100011100000000000000000000000000000200011]
[DEBUG] (06/12/2016 - 00:04:05) -  - [TRAMA GET CLIENT] --> RAW DATA[1400000000017000000000171080621380010020000010010001900000200043200000000000640641999100011100000000000000000000000000000200011]
[DEBUG] (06/12/2016 - 00:04:06) -  - [TRAMA GET CLIENT] --> RAW DATA[1400000000017000000000171070234840010020000010010002000000300062400000256000640641999100011100000000000000000000000000000200011]
[DEBUG] (06/12/2016 - 00:04:06) -  - [TRAMA GET CLIENT] --> RAW DATA[1400000000017000000000171060039140010020000010010002100000300062400000064000640641999100011100000000000000000000000000000200011]
[DEBUG] (06/12/2016 - 00:04:06) -  - [TRAMA GET CLIENT] --> RAW DATA[1400000000017000000000171050601250010020000010010002200000300043200000256000640641999100011100000000000000000000000000000200011]
[DEBUG] (06/12/2016 - 00:04:06) -  - [TRAMA GET CLIENT] --> RAW DATA[1400000000017000000000171040002080010042000010010002300000100000000000000000640641999100011100000000000000000000000000000200011]
[DEBUG] (06/12/2016 - 00:04:06) -  - [TRAMA GET CLIENT] --> RAW DATA[1400000000017000000000171030332630010042000010010002400000100096000000000000640641999100011100000000000000000000000000000200010]
[DEBUG] (06/12/2016 - 00:04:06) -  - [TRAMA GET CLIENT] --> RAW DATA[1400000000017000000000171020435100010042000010010002500000200096000000704000640641999100011100000000000000000000000000000200010]
[DEBUG] (06/12/2016 - 00:04:06) -  - [TRAMA GET CLIENT] --> RAW DATA[1400000000017000000000171010441810010042000010010002600000200096000000704000640641999100011100000000000000000000000000000200010]
[DEBUG] (06/12/2016 - 00:04:07) -  - [TRAMA GET CLIENT] --> RAW DATA[1400000000020000000000201200070310010010000010010000600000100049800000064000640641999100011100000000000000000000000000000200011]
[DEBUG] (06/12/2016 - 00:04:07) -  - [TRAMA GET CLIENT] --> RAW DATA[1400000000020000000000201190281350010010000010010000700000200049800000128000640641999100011100000000000000000000000000000200011]
[DEBUG] (06/12/2016 - 00:04:07) -  - [TRAMA GET CLIENT] --> RAW DATA[1400000000020000000000201180466700010010000010010000800000200043400000064000640641999100011100000000000000000000000000000200011]
[DEBUG] (06/12/2016 - 00:04:07) -  - [TRAMA GET CLIENT] --> RAW DATA[1400000000020000000000201170439550010010000010010000900000200049800000064000640641999100011100000000000000000000000000000200011]
[DEBUG] (06/12/2016 - 00:04:07) -  - [TRAMA GET CLIENT] --> RAW DATA[1400000000020000000000201160054980010010000010010001000000300049800000128000640641999100011100000000000000000000000000000200011]
[DEBUG] (06/12/2016 - 00:04:07) -  - [TRAMA SEND CLIENT] --> RAW DATA[130000000005300000000001001023683000001001004000230010000000000000000064064] TRAMABUFF[130000000005300000000001001023683000001001004000230010000000000000000064064]
[DEBUG] (06/12/2016 - 00:04:07) -  - [TRAMA GET CLIENT] --> RAW DATA[1400000000020000000000201150115220010010000010010001100000300043400000064000640641999100011100000000000000000000000000000200011]
[DEBUG] (06/12/2016 - 00:04:07) -  - [TRAMA GET CLIENT] --> RAW DATA[1400000000020000000000201140508500010010000010010001200000300049800000064000640641999100011100000000000000000000000000000200011]
[DEBUG] (06/12/2016 - 00:04:08) -  - [TRAMA GET CLIENT] --> RAW DATA[1400000000020000000000201130339520010020000010010001400000100062800000256000640641999100011100000000000000000000000000000200011]
[DEBUG] (06/12/2016 - 00:04:08) -  - [TRAMA GET CLIENT] --> RAW DATA[1400000000020000000000201120533340010020000010010001500000100062800000064000640641999100011100000000000000000000000000000200011]
[DEBUG] (06/12/2016 - 00:04:08) -  - [TRAMA GET CLIENT] --> RAW DATA[1400000000020000000000201110435530010020000010010001600000100043600000256000640641999100011100000000000000000000000000000200011]
[DEBUG] (06/12/2016 - 00:04:08) -  - [TRAMA GET CLIENT] --> RAW DATA[1400000000020000000000201100547840010020000010010001700000200062600000256000640641999100011100000000000000000000000000000200011]
[DEBUG] (06/12/2016 - 00:04:08) -  - [TRAMA GET CLIENT] --> RAW DATA[1400000000020000000000201090509270010020000010010001800000200062600000256000640641999100011100000000000000000000000000000200011]
[DEBUG] (06/12/2016 - 00:04:08) -  - [TRAMA GET CLIENT] --> RAW DATA[1400000000020000000000201080396020010020000010010001900000200043400000000000640641999100011100000000000000000000000000000200011]
[DEBUG] (06/12/2016 - 00:04:08) -  - [TRAMA GET CLIENT] --> RAW DATA[1400000000020000000000201070318120010020000010010002000000300062600000256000640641999100011100000000000000000000000000000200011]
[DEBUG] (06/12/2016 - 00:04:09) -  - [TRAMA GET CLIENT] --> RAW DATA[1400000000020000000000201060104180010020000010010002100000300062600000064000640641999100011100000000000000000000000000000200011]
[DEBUG] (06/12/2016 - 00:04:09) -  - [TRAMA GET CLIENT] --> RAW DATA[1400000000020000000000201050334930010020000010010002200000300043400000256000640641999100011100000000000000000000000000000200011]
[DEBUG] (06/12/2016 - 00:04:09) -  - [TRAMA GET CLIENT] --> RAW DATA[1400000000020000000000201040336300010042000010010002300000100000000000020000640641999100011100000000000000000000000000000200011]
[DEBUG] (06/12/2016 - 00:04:09) -  - [TRAMA GET CLIENT] --> RAW DATA[1400000000020000000000201030332630010042000010010002400000100096000000000000640641999100011100000000000000000000000000000200010]
[DEBUG] (06/12/2016 - 00:04:09) -  - [TRAMA GET CLIENT] --> RAW DATA[1400000000020000000000201020435100010042000010010002500000200096000000704000640641999100011100000000000000000000000000000200010]
[DEBUG] (06/12/2016 - 00:04:09) -  - [TRAMA GET CLIENT] --> RAW DATA[1400000000020000000000201010441810010042000010010002600000200096000000704000640641999100011100000000000000000000000000000200010]
[DEBUG] (06/12/2016 - 00:04:09) -  - [TRAMA SEND CLIENT] --> RAW DATA[130000000005400000000001001023683000001001004000230010000000000000000064064] TRAMABUFF[130000000005400000000001001023683000001001004000230010000000000000000064064]
[DEBUG] (06/12/2016 - 00:04:10) -  - [TRAMA GET CLIENT] --> RAW DATA[1400000000024000000000241220439350010010000010010000400000100061800000128000640641999100011100000000000000000000000000000200011]
[DEBUG] (06/12/2016 - 00:04:10) -  - [TRAMA GET CLIENT] --> RAW DATA[1400000000024000000000241210281060010010000010010000500000100055400000064000640641999100011100000000000000000000000000000200011]
[DEBUG] (06/12/2016 - 00:04:10) -  - [TRAMA GET CLIENT] --> RAW DATA[1400000000024000000000241200307910010010000010010000600000100061800000064000640641999100011100000000000000000000000000000200011]
[DEBUG] (06/12/2016 - 00:04:10) -  - [TRAMA GET CLIENT] --> RAW DATA[1400000000024000000000241190037990010010000010010000700000200061800000128000640641999100011100000000000000000000000000000200011]
[DEBUG] (06/12/2016 - 00:04:11) -  - [TRAMA GET CLIENT] --> RAW DATA[1400000000024000000000241180110910010010000010010000800000200055400000064000640641999100011100000000000000000000000000000200011]
[DEBUG] (06/12/2016 - 00:04:11) -  - [TRAMA GET CLIENT] --> RAW DATA[1400000000024000000000241170513310010010000010010000900000200061800000064000640641999100011100000000000000000000000000000200011]
[DEBUG] (06/12/2016 - 00:04:11) -  - [TRAMA GET CLIENT] --> RAW DATA[1400000000024000000000241160302820010010000010010001000000300061800000128000640641999100011100000000000000000000000000000200011]
[DEBUG] (06/12/2016 - 00:04:11) -  - [TRAMA GET CLIENT] --> RAW DATA[1400000000024000000000241150450870010010000010010001100000300055400000064000640641999100011100000000000000000000000000000200011]
[DEBUG] (06/12/2016 - 00:04:11) -  - [TRAMA GET CLIENT] --> RAW DATA[1400000000024000000000241140423860010010000010010001200000300061800000064000640641999100011100000000000000000000000000000200011]
[DEBUG] (06/12/2016 - 00:04:11) -  - [TRAMA GET CLIENT] --> RAW DATA[1400000000024000000000241130065890010020000010010001400000100074800000256000640641999100011100000000000000000000000000000200011]
[DEBUG] (06/12/2016 - 00:04:11) -  - [TRAMA SEND CLIENT] --> RAW DATA[130000000005500000000001001023683000001001004000230010000000000000000064064] TRAMABUFF[130000000005500000000001001023683000001001004000230010000000000000000064064]
[DEBUG] (06/12/2016 - 00:04:11) -  - [TRAMA GET CLIENT] --> RAW DATA[1400000000024000000000241120197870010020000010010001500000100074800000064000640641999100011100000000000000000000000000000200011]
[DEBUG] (06/12/2016 - 00:04:12) -  - [TRAMA GET CLIENT] --> RAW DATA[1400000000024000000000241110141400010020000010010001600000100055600000256000640641999100011100000000000000000000000000000200011]
[DEBUG] (06/12/2016 - 00:04:12) -  - [TRAMA GET CLIENT] --> RAW DATA[1400000000024000000000241100192290010020000010010001700000200074600000256000640641999100011100000000000000000000000000000200011]
[DEBUG] (06/12/2016 - 00:04:12) -  - [TRAMA GET CLIENT] --> RAW DATA[1400000000024000000000241090235380010020000010010001800000200074600000256000640641999100011100000000000000000000000000000200011]
[DEBUG] (06/12/2016 - 00:04:12) -  - [TRAMA GET CLIENT] --> RAW DATA[1400000000024000000000241080019670010020000010010001900000200055400000000000640641999100011100000000000000000000000000000200011]
[DEBUG] (06/12/2016 - 00:04:12) -  - [TRAMA GET CLIENT] --> RAW DATA[1400000000024000000000241070576890010020000010010002000000300074600000256000640641999100011100000000000000000000000000000200011]
[DEBUG] (06/12/2016 - 00:04:12) -  - [TRAMA GET CLIENT] --> RAW DATA[1400000000024000000000241060465110010020000010010002100000300074600000064000640641999100011100000000000000000000000000000200011]
[DEBUG] (06/12/2016 - 00:04:12) -  - [TRAMA GET CLIENT] --> RAW DATA[1400000000024000000000241050081360010020000010010002200000300055400000256000640641999100011100000000000000000000000000000200011]
[DEBUG] (06/12/2016 - 00:04:13) -  - [TRAMA GET CLIENT] --> RAW DATA[1400000000024000000000241040497180010042000010010002300000100002500000025000640641999100011100000000000000000000000000000200011]
[DEBUG] (06/12/2016 - 00:04:13) -  - [TRAMA GET CLIENT] --> RAW DATA[1400000000024000000000241030332630010042000010010002400000100096000000000000640641999100011100000000000000000000000000000200010]
[DEBUG] (06/12/2016 - 00:04:13) -  - [TRAMA GET CLIENT] --> RAW DATA[1400000000024000000000241020435100010042000010010002500000200096000000704000640641999100011100000000000000000000000000000200010]
[DEBUG] (06/12/2016 - 00:04:13) -  - [TRAMA GET CLIENT] --> RAW DATA[1400000000028000000000281220249120010010000010010000400000100062200000128000640641999100011100000000000000000000000000000200011]
[DEBUG] (06/12/2016 - 00:04:13) -  - [TRAMA GET CLIENT] --> RAW DATA[1400000000028000000000281210486020010010000010010000500000100055800000064000640641999100011100000000000000000000000000000200011]
[DEBUG] (06/12/2016 - 00:04:13) -  - [TRAMA GET CLIENT] --> RAW DATA[1400000000024000000000241010441810010042000010010002600000200096000000704000640641999100011100000000000000000000000000000200010]
[DEBUG] (06/12/2016 - 00:04:13) -  - [TRAMA GET CLIENT] --> RAW DATA[1400000000028000000000281200457040010010000010010000600000100062200000064000640641999100011100000000000000000000000000000200011]
[DEBUG] (06/12/2016 - 00:04:14) -  - [TRAMA SEND CLIENT] --> RAW DATA[130000000005600000000001001023683000001001004000230010000000000000000064064] TRAMABUFF[130000000005600000000001001023683000001001004000230010000000000000000064064]
[DEBUG] (06/12/2016 - 00:04:14) -  - [TRAMA GET CLIENT] --> RAW DATA[1400000000028000000000281190502000010010000010010000700000200062200000128000640641999100011100000000000000000000000000000200011]
[DEBUG] (06/12/2016 - 00:04:14) -  - [TRAMA GET CLIENT] --> RAW DATA[1400000000028000000000281180643230010010000010010000800000200055800000064000640641999100011100000000000000000000000000000200011]
[DEBUG] (06/12/2016 - 00:04:14) -  - [TRAMA GET CLIENT] --> RAW DATA[1400000000028000000000281170005880010010000010010000900000200062200000064000640641999100011100000000000000000000000000000200011]
[DEBUG] (06/12/2016 - 00:04:14) -  - [TRAMA GET CLIENT] --> RAW DATA[1400000000028000000000281160482610010010000010010001000000300062200000128000640641999100011100000000000000000000000000000200011]
[DEBUG] (06/12/2016 - 00:04:14) -  - [TRAMA GET CLIENT] --> RAW DATA[1400000000028000000000281150245910010010000010010001100000300055800000064000640641999100011100000000000000000000000000000200011]
[DEBUG] (06/12/2016 - 00:04:14) -  - [TRAMA GET CLIENT] --> RAW DATA[1400000000028000000000281140285090010010000010010001200000300062200000064000640641999100011100000000000000000000000000000200011]
[DEBUG] (06/12/2016 - 00:04:15) -  - [TRAMA GET CLIENT] --> RAW DATA[1400000000028000000000281130225430010020000010010001400000100075000000256000640641999100011100000000000000000000000000000200011]
[DEBUG] (06/12/2016 - 00:04:15) -  - [TRAMA GET CLIENT] --> RAW DATA[1400000000028000000000281120033210010020000010010001500000100075000000064000640641999100011100000000000000000000000000000200011]
[DEBUG] (06/12/2016 - 00:04:15) -  - [TRAMA GET CLIENT] --> RAW DATA[1400000000028000000000281110493640010020000010010001600000100055800000256000640641999100011100000000000000000000000000000200011]
[DEBUG] (06/12/2016 - 00:04:15) -  - [TRAMA GET CLIENT] --> RAW DATA[1400000000028000000000281100648390010020000010010001700000200075000000256000640641999100011100000000000000000000000000000200011]
[DEBUG] (06/12/2016 - 00:04:15) -  - [TRAMA GET CLIENT] --> RAW DATA[1400000000028000000000281090608400010020000010010001800000200075000000256000640641999100011100000000000000000000000000000200011]
[DEBUG] (06/12/2016 - 00:04:15) -  - [TRAMA GET CLIENT] --> RAW DATA[1400000000028000000000281080552310010020000010010001900000200055800000000000640641999100011100000000000000000000000000000200011]
[DEBUG] (06/12/2016 - 00:04:15) -  - [TRAMA GET CLIENT] --> RAW DATA[1400000000028000000000281070222750010020000010010002000000300075000000256000640641999100011100000000000000000000000000000200011]
[DEBUG] (06/12/2016 - 00:04:16) -  - [TRAMA GET CLIENT] --> RAW DATA[1400000000028000000000281060010130010020000010010002100000300075000000064000640641999100011100000000000000000000000000000200011]
[DEBUG] (06/12/2016 - 00:04:16) -  - [TRAMA GET CLIENT] --> RAW DATA[1400000000028000000000281050532080010020000010010002200000300055800000256000640641999100011100000000000000000000000000000200011]
[DEBUG] (06/12/2016 - 00:04:16) -  - [TRAMA SEND CLIENT] --> RAW DATA[130000000005700000000001001023683000001001004000230010000000000000000064064] TRAMABUFF[130000000005700000000001001023683000001001004000230010000000000000000064064]
[DEBUG] (06/12/2016 - 00:04:16) -  - [TRAMA GET CLIENT] --> RAW DATA[1400000000028000000000281040639460010042000010010002300000100005500000025000640641999100011100000000000000000000000000000200011]
[DEBUG] (06/12/2016 - 00:04:16) -  - [TRAMA GET CLIENT] --> RAW DATA[1400000000028000000000281030332630010042000010010002400000100096000000000000640641999100011100000000000000000000000000000200010]
[DEBUG] (06/12/2016 - 00:04:16) -  - [TRAMA GET CLIENT] --> RAW DATA[1400000000028000000000281020435100010042000010010002500000200096000000704000640641999100011100000000000000000000000000000200010]
[DEBUG] (06/12/2016 - 00:04:16) -  - [TRAMA GET CLIENT] --> RAW DATA[1400000000028000000000281010441810010042000010010002600000200096000000704000640641999100011100000000000000000000000000000200010]
[DEBUG] (06/12/2016 - 00:04:17) -  - [TRAMA GET CLIENT] --> RAW DATA[1400000000032000000000321220042110010010000010010000400000100068600000128000640641999100011100000000000000000000000000000200011]
[DEBUG] (06/12/2016 - 00:04:17) -  - [TRAMA GET CLIENT] --> RAW DATA[1400000000032000000000321210470830010010000010010000500000100062200000064000640641999100011100000000000000000000000000000200011]
[DEBUG] (06/12/2016 - 00:04:17) -  - [TRAMA GET CLIENT] --> RAW DATA[1400000000032000000000321200500910010010000010010000600000100068600000064000640641999100011100000000000000000000000000000200011]
[DEBUG] (06/12/2016 - 00:04:17) -  - [TRAMA GET CLIENT] --> RAW DATA[1400000000032000000000321190463950010010000010010000700000200068600000128000640641999100011100000000000000000000000000000200011]
[DEBUG] (06/12/2016 - 00:04:18) -  - [TRAMA GET CLIENT] --> RAW DATA[1400000000032000000000321180618100010010000010010000800000200062200000064000640641999100011100000000000000000000000000000200011]
[DEBUG] (06/12/2016 - 00:04:20) -  - [TRAMA SEND CLIENT] --> RAW DATA[130000000005800000000001001023683000001001004000230010000000000000000064064] TRAMABUFF[130000000005800000000001001023683000001001004000230010000000000000000064064]
[DEBUG] (06/12/2016 - 00:04:22) -  - [TRAMA SEND CLIENT] --> RAW DATA[130000000005900000000001001023683000001001004000230010000000000000000064064] TRAMABUFF[130000000005900000000001001023683000001001004000230010000000000000000064064]