
[INFO]  (25/10/2016 - 22:04:45) -  - LogEngine - INITIALIZED! to [DEBUG]  Channel [FILE] 
[INFO]  (25/10/2016 - 22:04:45) -  - ================ [SSNETWORKMANAGER-CLIENT - INI] ================
[INFO]  (25/10/2016 - 22:04:51) -  - [SSNETWORKMANAGER::Main] OPEN PORT (46000)
[INFO]  (25/10/2016 - 22:04:52) -  - [SSNETWORKMANAGER::Main] OPEN MAP (1)
[INFO]  (25/10/2016 - 22:04:52) -  - [SSNETWORKMANAGER::Main] OPEN SESSION (1)
[INFO]  (25/10/2016 - 22:04:52) -  - [CompressPacket::Init] LZO CONF SUCCESSFUL version [2.09], version_date [Feb 04 2015]
[DEBUG] (25/10/2016 - 22:04:52) -  - [SSNETWORKMANAGER::createEnvirontment] -- SET VARIABLES ON
[DEBUG] (25/10/2016 - 22:04:53) -  - [SSNETWORKMANAGER::initConnectionUDP] --> INITCONNNECTIONUDP DONE!
[INFO]  (25/10/2016 - 22:04:53) -  - [SSNETWORKMANAGER::establishCommunicationUDP] --> QRY_CONECTION TRAMASEND[1] TRAMAGET[0]
[WARN]  (25/10/2016 - 22:04:53) -  - [CompressPacket::Compress] CANNOT COMPRESS INPUT DATA SIZE [33], OUTPUT DATA SIZE [35]
[WARN]  (25/10/2016 - 22:04:53) -  - [SSNETWORKMANAGER::sendMsgToServerUPD] --> size_data_before_compression [33] size_data_after_compression [0] 
[DEBUG] (25/10/2016 - 22:04:53) -  - [SSNETWORKMANAGER::sendMsgToServerUDP] CLIENT MSG TO SERVER [010000000000100000000000001065535] size [33]
[WARN]  (25/10/2016 - 22:04:53) -  - [SSNETWORKMANAGER::getMsgFromServerUDP] --> SOCKET INACTIVE DURING [0] MS
[WARN]  (25/10/2016 - 22:04:53) -  - [SSNETWORKMANAGER::getMsgFromServerUDP] --> SOCKET INACTIVE DURING [4] MS
[WARN]  (25/10/2016 - 22:04:53) -  - [SSNETWORKMANAGER::getMsgFromServerUDP] --> SOCKET INACTIVE DURING [8] MS
[WARN]  (25/10/2016 - 22:04:53) -  - [SSNETWORKMANAGER::getMsgFromServerUDP] --> SOCKET INACTIVE DURING [20] MS
[WARN]  (25/10/2016 - 22:04:53) -  - [SSNETWORKMANAGER::getMsgFromServerUDP] --> SOCKET INACTIVE DURING [24] MS
[WARN]  (25/10/2016 - 22:04:53) -  - [SSNETWORKMANAGER::getMsgFromServerUDP] --> SOCKET INACTIVE DURING [36] MS
[WARN]  (25/10/2016 - 22:04:53) -  - [SSNETWORKMANAGER::getMsgFromServerUDP] --> SOCKET INACTIVE DURING [41] MS
[WARN]  (25/10/2016 - 22:04:53) -  - [SSNETWORKMANAGER::getMsgFromServerUDP] --> SOCKET INACTIVE DURING [46] MS
[WARN]  (25/10/2016 - 22:04:53) -  - [SSNETWORKMANAGER::getMsgFromServerUDP] --> SOCKET INACTIVE DURING [51] MS
[WARN]  (25/10/2016 - 22:04:53) -  - [SSNETWORKMANAGER::getMsgFromServerUDP] --> SOCKET INACTIVE DURING [55] MS
[WARN]  (25/10/2016 - 22:04:53) -  - [SSNETWORKMANAGER::getMsgFromServerUDP] --> SOCKET INACTIVE DURING [68] MS
[WARN]  (25/10/2016 - 22:04:53) -  - [SSNETWORKMANAGER::getMsgFromServerUDP] --> SOCKET INACTIVE DURING [72] MS
[WARN]  (25/10/2016 - 22:04:53) -  - [SSNETWORKMANAGER::getMsgFromServerUDP] --> SOCKET INACTIVE DURING [76] MS
[WARN]  (25/10/2016 - 22:04:53) -  - [SSNETWORKMANAGER::getMsgFromServerUDP] --> SOCKET INACTIVE DURING [82] MS
[WARN]  (25/10/2016 - 22:04:53) -  - [SSNETWORKMANAGER::getMsgFromServerUDP] --> SOCKET INACTIVE DURING [88] MS
[WARN]  (25/10/2016 - 22:04:53) -  - [SSNETWORKMANAGER::getMsgFromServerUDP] --> SOCKET INACTIVE DURING [92] MS
[WARN]  (25/10/2016 - 22:04:53) -  - [SSNETWORKMANAGER::getMsgFromServerUDP] --> SOCKET INACTIVE DURING [102] MS
[WARN]  (25/10/2016 - 22:04:53) -  - [SSNETWORKMANAGER::getMsgFromServerUDP] --> SOCKET INACTIVE DURING [106] MS
[WARN]  (25/10/2016 - 22:04:53) -  - [SSNETWORKMANAGER::getMsgFromServerUDP] --> SOCKET INACTIVE DURING [111] MS
[WARN]  (25/10/2016 - 22:04:53) -  - [SSNETWORKMANAGER::getMsgFromServerUDP] --> SOCKET INACTIVE DURING [117] MS
[WARN]  (25/10/2016 - 22:04:53) -  - [SSNETWORKMANAGER::getMsgFromServerUDP] --> SOCKET INACTIVE DURING [120] MS
[WARN]  (25/10/2016 - 22:04:53) -  - [SSNETWORKMANAGER::getMsgFromServerUDP] --> SOCKET INACTIVE DURING [127] MS
[WARN]  (25/10/2016 - 22:04:53) -  - [SSNETWORKMANAGER::getMsgFromServerUDP] --> SOCKET INACTIVE DURING [132] MS
[WARN]  (25/10/2016 - 22:04:53) -  - [SSNETWORKMANAGER::getMsgFromServerUDP] --> SOCKET INACTIVE DURING [136] MS
[WARN]  (25/10/2016 - 22:04:53) -  - [SSNETWORKMANAGER::getMsgFromServerUDP] --> SOCKET INACTIVE DURING [141] MS
[WARN]  (25/10/2016 - 22:04:53) -  - [SSNETWORKMANAGER::getMsgFromServerUDP] --> SOCKET INACTIVE DURING [147] MS
[WARN]  (25/10/2016 - 22:04:53) -  - [SSNETWORKMANAGER::getMsgFromServerUDP] --> SOCKET INACTIVE DURING [151] MS
[WARN]  (25/10/2016 - 22:04:53) -  - [SSNETWORKMANAGER::getMsgFromServerUDP] --> SOCKET INACTIVE DURING [155] MS
[WARN]  (25/10/2016 - 22:04:53) -  - [SSNETWORKMANAGER::getMsgFromServerUDP] --> SOCKET INACTIVE DURING [159] MS
[WARN]  (25/10/2016 - 22:04:53) -  - [SSNETWORKMANAGER::getMsgFromServerUDP] --> SOCKET INACTIVE DURING [165] MS
[WARN]  (25/10/2016 - 22:04:53) -  - [SSNETWORKMANAGER::getMsgFromServerUDP] --> SOCKET INACTIVE DURING [169] MS
[WARN]  (25/10/2016 - 22:04:53) -  - [SSNETWORKMANAGER::getMsgFromServerUDP] --> SOCKET INACTIVE DURING [173] MS
[WARN]  (25/10/2016 - 22:04:53) -  - [SSNETWORKMANAGER::getMsgFromServerUDP] --> SOCKET INACTIVE DURING [178] MS
[WARN]  (25/10/2016 - 22:04:53) -  - [SSNETWORKMANAGER::getMsgFromServerUDP] --> SOCKET INACTIVE DURING [183] MS
[WARN]  (25/10/2016 - 22:04:53) -  - [SSNETWORKMANAGER::getMsgFromServerUDP] --> SOCKET INACTIVE DURING [187] MS
[WARN]  (25/10/2016 - 22:04:53) -  - [SSNETWORKMANAGER::getMsgFromServerUDP] --> SOCKET INACTIVE DURING [191] MS
[WARN]  (25/10/2016 - 22:04:53) -  - [SSNETWORKMANAGER::getMsgFromServerUDP] --> SOCKET INACTIVE DURING [198] MS
[WARN]  (25/10/2016 - 22:04:53) -  - [SSNETWORKMANAGER::getMsgFromServerUDP] --> SOCKET INACTIVE DURING [203] MS
[WARN]  (25/10/2016 - 22:04:53) -  - [SSNETWORKMANAGER::getMsgFromServerUDP] --> SOCKET INACTIVE DURING [208] MS
[WARN]  (25/10/2016 - 22:04:53) -  - [SSNETWORKMANAGER::getMsgFromServerUDP] --> SOCKET INACTIVE DURING [214] MS
[WARN]  (25/10/2016 - 22:04:53) -  - [SSNETWORKMANAGER::getMsgFromServerUDP] --> SOCKET INACTIVE DURING [220] MS
[WARN]  (25/10/2016 - 22:04:53) -  - [SSNETWORKMANAGER::getMsgFromServerUDP] --> SOCKET INACTIVE DURING [225] MS
[WARN]  (25/10/2016 - 22:04:53) -  - [SSNETWORKMANAGER::getMsgFromServerUDP] --> SOCKET INACTIVE DURING [232] MS
[WARN]  (25/10/2016 - 22:04:53) -  - [SSNETWORKMANAGER::getMsgFromServerUDP] --> SOCKET INACTIVE DURING [236] MS
[WARN]  (25/10/2016 - 22:04:53) -  - [SSNETWORKMANAGER::getMsgFromServerUDP] --> SOCKET INACTIVE DURING [240] MS
[WARN]  (25/10/2016 - 22:04:53) -  - [SSNETWORKMANAGER::getMsgFromServerUDP] --> SOCKET INACTIVE DURING [246] MS
[WARN]  (25/10/2016 - 22:04:53) -  - [SSNETWORKMANAGER::getMsgFromServerUDP] --> SOCKET INACTIVE DURING [251] MS
[WARN]  (25/10/2016 - 22:04:53) -  - [SSNETWORKMANAGER::getMsgFromServerUDP] --> SOCKET INACTIVE DURING [255] MS
[WARN]  (25/10/2016 - 22:04:53) -  - [SSNETWORKMANAGER::getMsgFromServerUDP] --> SOCKET INACTIVE DURING [263] MS
[WARN]  (25/10/2016 - 22:04:53) -  - [SSNETWORKMANAGER::getMsgFromServerUDP] --> SOCKET INACTIVE DURING [269] MS
[WARN]  (25/10/2016 - 22:04:53) -  - [SSNETWORKMANAGER::getMsgFromServerUDP] --> SOCKET INACTIVE DURING [273] MS
[WARN]  (25/10/2016 - 22:04:53) -  - [SSNETWORKMANAGER::getMsgFromServerUDP] --> SOCKET INACTIVE DURING [278] MS
[WARN]  (25/10/2016 - 22:04:53) -  - [SSNETWORKMANAGER::getMsgFromServerUDP] --> SOCKET INACTIVE DURING [282] MS
[WARN]  (25/10/2016 - 22:04:53) -  - [SSNETWORKMANAGER::getMsgFromServerUDP] --> SOCKET INACTIVE DURING [287] MS
[WARN]  (25/10/2016 - 22:04:53) -  - [SSNETWORKMANAGER::getMsgFromServerUDP] --> SOCKET INACTIVE DURING [292] MS
[WARN]  (25/10/2016 - 22:04:53) -  - [SSNETWORKMANAGER::getMsgFromServerUDP] --> SOCKET INACTIVE DURING [297] MS
[WARN]  (25/10/2016 - 22:04:53) -  - [SSNETWORKMANAGER::getMsgFromServerUDP] --> SOCKET INACTIVE DURING [302] MS
[WARN]  (25/10/2016 - 22:04:53) -  - [SSNETWORKMANAGER::getMsgFromServerUDP] --> SOCKET INACTIVE DURING [307] MS
[WARN]  (25/10/2016 - 22:04:53) -  - [SSNETWORKMANAGER::getMsgFromServerUDP] --> SOCKET INACTIVE DURING [313] MS
[WARN]  (25/10/2016 - 22:04:53) -  - [SSNETWORKMANAGER::getMsgFromServerUDP] --> SOCKET INACTIVE DURING [317] MS
[WARN]  (25/10/2016 - 22:04:53) -  - [SSNETWORKMANAGER::getMsgFromServerUDP] --> SOCKET INACTIVE DURING [322] MS
[WARN]  (25/10/2016 - 22:04:53) -  - [SSNETWORKMANAGER::getMsgFromServerUDP] --> SOCKET INACTIVE DURING [325] MS
[WARN]  (25/10/2016 - 22:04:53) -  - [SSNETWORKMANAGER::getMsgFromServerUDP] --> SOCKET INACTIVE DURING [331] MS
[WARN]  (25/10/2016 - 22:04:53) -  - [SSNETWORKMANAGER::getMsgFromServerUDP] --> SOCKET INACTIVE DURING [335] MS
[WARN]  (25/10/2016 - 22:04:53) -  - [SSNETWORKMANAGER::getMsgFromServerUDP] --> SOCKET INACTIVE DURING [338] MS
[WARN]  (25/10/2016 - 22:04:53) -  - [SSNETWORKMANAGER::getMsgFromServerUDP] --> SOCKET INACTIVE DURING [343] MS
[WARN]  (25/10/2016 - 22:04:53) -  - [SSNETWORKMANAGER::getMsgFromServerUDP] --> SOCKET INACTIVE DURING [347] MS
[WARN]  (25/10/2016 - 22:04:53) -  - [SSNETWORKMANAGER::getMsgFromServerUDP] --> SOCKET INACTIVE DURING [351] MS
[WARN]  (25/10/2016 - 22:04:53) -  - [SSNETWORKMANAGER::getMsgFromServerUDP] --> SOCKET INACTIVE DURING [355] MS
[WARN]  (25/10/2016 - 22:04:53) -  - [SSNETWORKMANAGER::getMsgFromServerUDP] --> SOCKET INACTIVE DURING [359] MS
[WARN]  (25/10/2016 - 22:04:53) -  - [SSNETWORKMANAGER::getMsgFromServerUDP] --> SOCKET INACTIVE DURING [365] MS
[WARN]  (25/10/2016 - 22:04:53) -  - [SSNETWORKMANAGER::getMsgFromServerUDP] --> SOCKET INACTIVE DURING [370] MS
[WARN]  (25/10/2016 - 22:04:53) -  - [SSNETWORKMANAGER::getMsgFromServerUDP] --> SOCKET INACTIVE DURING [374] MS
[WARN]  (25/10/2016 - 22:04:53) -  - [SSNETWORKMANAGER::getMsgFromServerUDP] --> SOCKET INACTIVE DURING [380] MS
[WARN]  (25/10/2016 - 22:04:53) -  - [SSNETWORKMANAGER::getMsgFromServerUDP] --> SOCKET INACTIVE DURING [385] MS
[WARN]  (25/10/2016 - 22:04:53) -  - [SSNETWORKMANAGER::getMsgFromServerUDP] --> SOCKET INACTIVE DURING [390] MS
[WARN]  (25/10/2016 - 22:04:53) -  - [SSNETWORKMANAGER::getMsgFromServerUDP] --> SOCKET INACTIVE DURING [396] MS
[WARN]  (25/10/2016 - 22:04:53) -  - [SSNETWORKMANAGER::getMsgFromServerUDP] --> SOCKET INACTIVE DURING [402] MS
[WARN]  (25/10/2016 - 22:04:53) -  - [SSNETWORKMANAGER::getMsgFromServerUDP] --> SOCKET INACTIVE DURING [407] MS
[WARN]  (25/10/2016 - 22:04:53) -  - [SSNETWORKMANAGER::getMsgFromServerUDP] --> SOCKET INACTIVE DURING [412] MS
[WARN]  (25/10/2016 - 22:04:53) -  - [SSNETWORKMANAGER::getMsgFromServerUDP] --> SOCKET INACTIVE DURING [416] MS
[WARN]  (25/10/2016 - 22:04:53) -  - [SSNETWORKMANAGER::getMsgFromServerUDP] --> SOCKET INACTIVE DURING [420] MS
[WARN]  (25/10/2016 - 22:04:53) -  - [SSNETWORKMANAGER::getMsgFromServerUDP] --> SOCKET INACTIVE DURING [424] MS
[WARN]  (25/10/2016 - 22:04:53) -  - [SSNETWORKMANAGER::getMsgFromServerUDP] --> SOCKET INACTIVE DURING [431] MS
[WARN]  (25/10/2016 - 22:04:53) -  - [SSNETWORKMANAGER::getMsgFromServerUDP] --> SOCKET INACTIVE DURING [434] MS
[WARN]  (25/10/2016 - 22:04:53) -  - [SSNETWORKMANAGER::getMsgFromServerUDP] --> SOCKET INACTIVE DURING [438] MS
[WARN]  (25/10/2016 - 22:04:53) -  - [SSNETWORKMANAGER::getMsgFromServerUDP] --> SOCKET INACTIVE DURING [444] MS
[WARN]  (25/10/2016 - 22:04:53) -  - [SSNETWORKMANAGER::getMsgFromServerUDP] --> SOCKET INACTIVE DURING [449] MS
[WARN]  (25/10/2016 - 22:04:53) -  - [SSNETWORKMANAGER::getMsgFromServerUDP] --> SOCKET INACTIVE DURING [453] MS
[WARN]  (25/10/2016 - 22:04:53) -  - [SSNETWORKMANAGER::getMsgFromServerUDP] --> SOCKET INACTIVE DURING [457] MS
[WARN]  (25/10/2016 - 22:04:53) -  - [SSNETWORKMANAGER::getMsgFromServerUDP] --> SOCKET INACTIVE DURING [463] MS
[WARN]  (25/10/2016 - 22:04:53) -  - [SSNETWORKMANAGER::getMsgFromServerUDP] --> SOCKET INACTIVE DURING [467] MS
[WARN]  (25/10/2016 - 22:04:53) -  - [SSNETWORKMANAGER::getMsgFromServerUDP] --> SOCKET INACTIVE DURING [472] MS
[WARN]  (25/10/2016 - 22:04:53) -  - [SSNETWORKMANAGER::getMsgFromServerUDP] --> SOCKET INACTIVE DURING [475] MS
[WARN]  (25/10/2016 - 22:04:53) -  - [SSNETWORKMANAGER::getMsgFromServerUDP] --> SOCKET INACTIVE DURING [482] MS
[WARN]  (25/10/2016 - 22:04:53) -  - [SSNETWORKMANAGER::getMsgFromServerUDP] --> SOCKET INACTIVE DURING [487] MS
[WARN]  (25/10/2016 - 22:04:53) -  - [SSNETWORKMANAGER::getMsgFromServerUDP] --> SOCKET INACTIVE DURING [491] MS
[WARN]  (25/10/2016 - 22:04:53) -  - [SSNETWORKMANAGER::getMsgFromServerUDP] --> SOCKET INACTIVE DURING [499] MS
[WARN]  (25/10/2016 - 22:04:53) -  - [SSNETWORKMANAGER::getMsgFromServerUDP] --> SOCKET INACTIVE DURING [503] MS
[WARN]  (25/10/2016 - 22:04:53) -  - [SSNETWORKMANAGER::getMsgFromServerUDP] --> SOCKET INACTIVE DURING [507] MS
[WARN]  (25/10/2016 - 22:04:53) -  - [SSNETWORKMANAGER::getMsgFromServerUDP] --> SOCKET INACTIVE DURING [512] MS
[WARN]  (25/10/2016 - 22:04:53) -  - [SSNETWORKMANAGER::establishCommunicationUDP] --> ACK SERVER FAILED (CONNECTION FAILED)