
[INFO]  (26/09/2016 - 22:01:29) -  - LogEngine - INITIALIZED! to [DEBUG]  Channel [FILE] 
[INFO]  (26/09/2016 - 22:01:29) -  - ================ [SSNETWORKMANAGER-CLIENT - INI] ================
[INFO]  (26/09/2016 - 22:01:29) -  - [CompressPacket::Init] LZO CONF SUCCESSFUL version [2.09], version_date [Feb 04 2015]
[DEBUG] (26/09/2016 - 22:01:29) -  - [SSNETWORKMANAGER::createEnvirontment] -- SET VARIABLES ON
[DEBUG] (26/09/2016 - 22:01:29) -  - [SSNETWORKMANAGER::initConnectionUDP] --> INITCONNNECTIONUDP DONE!
[DEBUG] (26/09/2016 - 22:01:29) -  - [CompressPacket::Compress] INPUT DATA SIZE [135], OUTPUT DATA SIZE [49]
[WARN]  (26/09/2016 - 22:01:29) -  - [SSNETWORKMANAGER::sendMsgToServerUPD] --> size_data_before_compression [135] size_data_after_compression [8] 
[DEBUG] (26/09/2016 - 22:01:29) -  - [SSNETWORKMANAGER::sendMsgToServerUDP] CLIENT MSG TO SERVER [010000000000100000000001001042799000000000000000000000000000000000000000000000000000000000000000000000000000000000000000000000000000000] size [135]
[WARN]  (26/09/2016 - 22:01:29) -  - [SSNETWORKMANAGER::getMsgFromServerUDP] --> SOCKET INACTIVE DURING [0] MS
[WARN]  (26/09/2016 - 22:01:29) -  - [SSNETWORKMANAGER::getMsgFromServerUDP] --> SOCKET INACTIVE DURING [3] MS
[WARN]  (26/09/2016 - 22:01:29) -  - [SSNETWORKMANAGER::getMsgFromServerUDP] --> SOCKET INACTIVE DURING [5] MS
[WARN]  (26/09/2016 - 22:01:29) -  - [SSNETWORKMANAGER::getMsgFromServerUDP] --> SOCKET INACTIVE DURING [8] MS
[WARN]  (26/09/2016 - 22:01:29) -  - [SSNETWORKMANAGER::getMsgFromServerUDP] --> SOCKET INACTIVE DURING [12] MS
[WARN]  (26/09/2016 - 22:01:29) -  - [SSNETWORKMANAGER::getMsgFromServerUDP] --> SOCKET INACTIVE DURING [14] MS
[WARN]  (26/09/2016 - 22:01:29) -  - [SSNETWORKMANAGER::getMsgFromServerUDP] --> SOCKET INACTIVE DURING [18] MS
[WARN]  (26/09/2016 - 22:01:29) -  - [SSNETWORKMANAGER::getMsgFromServerUDP] --> SOCKET INACTIVE DURING [22] MS
[WARN]  (26/09/2016 - 22:01:29) -  - [SSNETWORKMANAGER::getMsgFromServerUDP] --> SOCKET INACTIVE DURING [25] MS
[WARN]  (26/09/2016 - 22:01:29) -  - [SSNETWORKMANAGER::getMsgFromServerUDP] --> SOCKET INACTIVE DURING [29] MS
[WARN]  (26/09/2016 - 22:01:29) -  - [SSNETWORKMANAGER::getMsgFromServerUDP] --> SOCKET INACTIVE DURING [33] MS
[WARN]  (26/09/2016 - 22:01:29) -  - [SSNETWORKMANAGER::getMsgFromServerUDP] --> SOCKET INACTIVE DURING [36] MS
[WARN]  (26/09/2016 - 22:01:29) -  - [SSNETWORKMANAGER::getMsgFromServerUDP] --> SOCKET INACTIVE DURING [40] MS
[WARN]  (26/09/2016 - 22:01:29) -  - [SSNETWORKMANAGER::getMsgFromServerUDP] --> SOCKET INACTIVE DURING [44] MS
[WARN]  (26/09/2016 - 22:01:29) -  - [SSNETWORKMANAGER::getMsgFromServerUDP] --> SOCKET INACTIVE DURING [47] MS
[WARN]  (26/09/2016 - 22:01:29) -  - [SSNETWORKMANAGER::getMsgFromServerUDP] --> SOCKET INACTIVE DURING [50] MS
[WARN]  (26/09/2016 - 22:01:29) -  - [SSNETWORKMANAGER::getMsgFromServerUDP] --> SOCKET INACTIVE DURING [53] MS
[WARN]  (26/09/2016 - 22:01:29) -  - [SSNETWORKMANAGER::getMsgFromServerUDP] --> SOCKET INACTIVE DURING [57] MS
[WARN]  (26/09/2016 - 22:01:29) -  - [SSNETWORKMANAGER::getMsgFromServerUDP] --> SOCKET INACTIVE DURING [61] MS
[WARN]  (26/09/2016 - 22:01:29) -  - [SSNETWORKMANAGER::getMsgFromServerUDP] --> SOCKET INACTIVE DURING [64] MS
[WARN]  (26/09/2016 - 22:01:29) -  - [SSNETWORKMANAGER::getMsgFromServerUDP] --> SOCKET INACTIVE DURING [67] MS
[WARN]  (26/09/2016 - 22:01:29) -  - [SSNETWORKMANAGER::getMsgFromServerUDP] --> SOCKET INACTIVE DURING [72] MS
[WARN]  (26/09/2016 - 22:01:29) -  - [SSNETWORKMANAGER::getMsgFromServerUDP] --> SOCKET INACTIVE DURING [76] MS
[WARN]  (26/09/2016 - 22:01:29) -  - [SSNETWORKMANAGER::getMsgFromServerUDP] --> SOCKET INACTIVE DURING [80] MS
[WARN]  (26/09/2016 - 22:01:29) -  - [SSNETWORKMANAGER::getMsgFromServerUDP] --> SOCKET INACTIVE DURING [84] MS
[WARN]  (26/09/2016 - 22:01:29) -  - [SSNETWORKMANAGER::getMsgFromServerUDP] --> SOCKET INACTIVE DURING [88] MS
[WARN]  (26/09/2016 - 22:01:29) -  - [SSNETWORKMANAGER::getMsgFromServerUDP] --> SOCKET INACTIVE DURING [91] MS
[WARN]  (26/09/2016 - 22:01:29) -  - [SSNETWORKMANAGER::getMsgFromServerUDP] --> SOCKET INACTIVE DURING [95] MS
[WARN]  (26/09/2016 - 22:01:29) -  - [SSNETWORKMANAGER::getMsgFromServerUDP] --> SOCKET INACTIVE DURING [99] MS
[WARN]  (26/09/2016 - 22:01:29) -  - [SSNETWORKMANAGER::getMsgFromServerUDP] --> SOCKET INACTIVE DURING [102] MS
[WARN]  (26/09/2016 - 22:01:29) -  - [SSNETWORKMANAGER::getMsgFromServerUDP] --> SOCKET INACTIVE DURING [106] MS
[WARN]  (26/09/2016 - 22:01:29) -  - [SSNETWORKMANAGER::getMsgFromServerUDP] --> SOCKET INACTIVE DURING [109] MS
[WARN]  (26/09/2016 - 22:01:29) -  - [SSNETWORKMANAGER::getMsgFromServerUDP] --> SOCKET INACTIVE DURING [113] MS
[WARN]  (26/09/2016 - 22:01:29) -  - [SSNETWORKMANAGER::getMsgFromServerUDP] --> SOCKET INACTIVE DURING [117] MS
[WARN]  (26/09/2016 - 22:01:29) -  - [SSNETWORKMANAGER::getMsgFromServerUDP] --> SOCKET INACTIVE DURING [120] MS
[WARN]  (26/09/2016 - 22:01:29) -  - [SSNETWORKMANAGER::getMsgFromServerUDP] --> SOCKET INACTIVE DURING [124] MS
[WARN]  (26/09/2016 - 22:01:29) -  - [SSNETWORKMANAGER::getMsgFromServerUDP] --> SOCKET INACTIVE DURING [128] MS
[WARN]  (26/09/2016 - 22:01:29) -  - [SSNETWORKMANAGER::getMsgFromServerUDP] --> SOCKET INACTIVE DURING [132] MS
[WARN]  (26/09/2016 - 22:01:29) -  - [SSNETWORKMANAGER::getMsgFromServerUDP] --> SOCKET INACTIVE DURING [135] MS
[WARN]  (26/09/2016 - 22:01:29) -  - [SSNETWORKMANAGER::getMsgFromServerUDP] --> SOCKET INACTIVE DURING [138] MS
[WARN]  (26/09/2016 - 22:01:29) -  - [SSNETWORKMANAGER::getMsgFromServerUDP] --> SOCKET INACTIVE DURING [142] MS
[WARN]  (26/09/2016 - 22:01:29) -  - [SSNETWORKMANAGER::getMsgFromServerUDP] --> SOCKET INACTIVE DURING [146] MS
[WARN]  (26/09/2016 - 22:01:29) -  - [SSNETWORKMANAGER::getMsgFromServerUDP] --> SOCKET INACTIVE DURING [150] MS
[WARN]  (26/09/2016 - 22:01:29) -  - [SSNETWORKMANAGER::getMsgFromServerUDP] --> SOCKET INACTIVE DURING [153] MS
[WARN]  (26/09/2016 - 22:01:29) -  - [SSNETWORKMANAGER::getMsgFromServerUDP] --> SOCKET INACTIVE DURING [158] MS
[WARN]  (26/09/2016 - 22:01:29) -  - [SSNETWORKMANAGER::getMsgFromServerUDP] --> SOCKET INACTIVE DURING [162] MS
[WARN]  (26/09/2016 - 22:01:29) -  - [SSNETWORKMANAGER::getMsgFromServerUDP] --> SOCKET INACTIVE DURING [165] MS
[WARN]  (26/09/2016 - 22:01:29) -  - [SSNETWORKMANAGER::getMsgFromServerUDP] --> SOCKET INACTIVE DURING [169] MS
[WARN]  (26/09/2016 - 22:01:29) -  - [SSNETWORKMANAGER::getMsgFromServerUDP] --> SOCKET INACTIVE DURING [172] MS
[WARN]  (26/09/2016 - 22:01:29) -  - [SSNETWORKMANAGER::getMsgFromServerUDP] --> SOCKET INACTIVE DURING [175] MS
[WARN]  (26/09/2016 - 22:01:29) -  - [SSNETWORKMANAGER::getMsgFromServerUDP] --> SOCKET INACTIVE DURING [179] MS
[WARN]  (26/09/2016 - 22:01:29) -  - [SSNETWORKMANAGER::getMsgFromServerUDP] --> SOCKET INACTIVE DURING [183] MS
[WARN]  (26/09/2016 - 22:01:29) -  - [SSNETWORKMANAGER::getMsgFromServerUDP] --> SOCKET INACTIVE DURING [186] MS
[WARN]  (26/09/2016 - 22:01:29) -  - [SSNETWORKMANAGER::getMsgFromServerUDP] --> SOCKET INACTIVE DURING [189] MS
[WARN]  (26/09/2016 - 22:01:29) -  - [SSNETWORKMANAGER::getMsgFromServerUDP] --> SOCKET INACTIVE DURING [197] MS
[WARN]  (26/09/2016 - 22:01:30) -  - [SSNETWORKMANAGER::getMsgFromServerUDP] --> SOCKET INACTIVE DURING [201] MS
[WARN]  (26/09/2016 - 22:01:30) -  - [SSNETWORKMANAGER::getMsgFromServerUDP] --> SOCKET INACTIVE DURING [204] MS
[WARN]  (26/09/2016 - 22:01:30) -  - [SSNETWORKMANAGER::getMsgFromServerUDP] --> SOCKET INACTIVE DURING [207] MS
[WARN]  (26/09/2016 - 22:01:30) -  - [SSNETWORKMANAGER::getMsgFromServerUDP] --> SOCKET INACTIVE DURING [213] MS
[WARN]  (26/09/2016 - 22:01:30) -  - [SSNETWORKMANAGER::getMsgFromServerUDP] --> SOCKET INACTIVE DURING [216] MS
[WARN]  (26/09/2016 - 22:01:30) -  - [SSNETWORKMANAGER::getMsgFromServerUDP] --> SOCKET INACTIVE DURING [220] MS
[WARN]  (26/09/2016 - 22:01:30) -  - [SSNETWORKMANAGER::getMsgFromServerUDP] --> SOCKET INACTIVE DURING [224] MS
[WARN]  (26/09/2016 - 22:01:30) -  - [SSNETWORKMANAGER::getMsgFromServerUDP] --> SOCKET INACTIVE DURING [227] MS
[WARN]  (26/09/2016 - 22:01:30) -  - [SSNETWORKMANAGER::getMsgFromServerUDP] --> SOCKET INACTIVE DURING [231] MS
[WARN]  (26/09/2016 - 22:01:30) -  - [SSNETWORKMANAGER::getMsgFromServerUDP] --> SOCKET INACTIVE DURING [235] MS
[WARN]  (26/09/2016 - 22:01:30) -  - [SSNETWORKMANAGER::getMsgFromServerUDP] --> SOCKET INACTIVE DURING [238] MS
[WARN]  (26/09/2016 - 22:01:30) -  - [SSNETWORKMANAGER::getMsgFromServerUDP] --> SOCKET INACTIVE DURING [241] MS
[WARN]  (26/09/2016 - 22:01:30) -  - [SSNETWORKMANAGER::getMsgFromServerUDP] --> SOCKET INACTIVE DURING [245] MS
[WARN]  (26/09/2016 - 22:01:30) -  - [SSNETWORKMANAGER::getMsgFromServerUDP] --> SOCKET INACTIVE DURING [249] MS
[WARN]  (26/09/2016 - 22:01:30) -  - [SSNETWORKMANAGER::getMsgFromServerUDP] --> SOCKET INACTIVE DURING [252] MS
[WARN]  (26/09/2016 - 22:01:30) -  - [SSNETWORKMANAGER::getMsgFromServerUDP] --> SOCKET INACTIVE DURING [256] MS
[WARN]  (26/09/2016 - 22:01:30) -  - [SSNETWORKMANAGER::getMsgFromServerUDP] --> SOCKET INACTIVE DURING [260] MS
[WARN]  (26/09/2016 - 22:01:30) -  - [SSNETWORKMANAGER::getMsgFromServerUDP] --> SOCKET INACTIVE DURING [263] MS
[WARN]  (26/09/2016 - 22:01:30) -  - [SSNETWORKMANAGER::getMsgFromServerUDP] --> SOCKET INACTIVE DURING [267] MS
[WARN]  (26/09/2016 - 22:01:30) -  - [SSNETWORKMANAGER::getMsgFromServerUDP] --> SOCKET INACTIVE DURING [270] MS
[WARN]  (26/09/2016 - 22:01:30) -  - [SSNETWORKMANAGER::getMsgFromServerUDP] --> SOCKET INACTIVE DURING [274] MS
[WARN]  (26/09/2016 - 22:01:30) -  - [SSNETWORKMANAGER::getMsgFromServerUDP] --> SOCKET INACTIVE DURING [278] MS
[WARN]  (26/09/2016 - 22:01:30) -  - [SSNETWORKMANAGER::getMsgFromServerUDP] --> SOCKET INACTIVE DURING [281] MS
[WARN]  (26/09/2016 - 22:01:30) -  - [SSNETWORKMANAGER::getMsgFromServerUDP] --> SOCKET INACTIVE DURING [285] MS
[WARN]  (26/09/2016 - 22:01:30) -  - [SSNETWORKMANAGER::getMsgFromServerUDP] --> SOCKET INACTIVE DURING [288] MS
[WARN]  (26/09/2016 - 22:01:30) -  - [SSNETWORKMANAGER::getMsgFromServerUDP] --> SOCKET INACTIVE DURING [293] MS
[WARN]  (26/09/2016 - 22:01:30) -  - [SSNETWORKMANAGER::getMsgFromServerUDP] --> SOCKET INACTIVE DURING [297] MS
[WARN]  (26/09/2016 - 22:01:30) -  - [SSNETWORKMANAGER::getMsgFromServerUDP] --> SOCKET INACTIVE DURING [300] MS
[WARN]  (26/09/2016 - 22:01:30) -  - [SSNETWORKMANAGER::getMsgFromServerUDP] --> SOCKET INACTIVE DURING [305] MS
[WARN]  (26/09/2016 - 22:01:30) -  - [SSNETWORKMANAGER::getMsgFromServerUDP] --> SOCKET INACTIVE DURING [313] MS
[WARN]  (26/09/2016 - 22:01:30) -  - [SSNETWORKMANAGER::getMsgFromServerUDP] --> SOCKET INACTIVE DURING [317] MS
[WARN]  (26/09/2016 - 22:01:30) -  - [SSNETWORKMANAGER::getMsgFromServerUDP] --> SOCKET INACTIVE DURING [320] MS
[WARN]  (26/09/2016 - 22:01:30) -  - [SSNETWORKMANAGER::getMsgFromServerUDP] --> SOCKET INACTIVE DURING [323] MS
[WARN]  (26/09/2016 - 22:01:30) -  - [SSNETWORKMANAGER::getMsgFromServerUDP] --> SOCKET INACTIVE DURING [327] MS
[WARN]  (26/09/2016 - 22:01:30) -  - [SSNETWORKMANAGER::getMsgFromServerUDP] --> SOCKET INACTIVE DURING [331] MS
[WARN]  (26/09/2016 - 22:01:30) -  - [SSNETWORKMANAGER::getMsgFromServerUDP] --> SOCKET INACTIVE DURING [335] MS
[WARN]  (26/09/2016 - 22:01:30) -  - [SSNETWORKMANAGER::getMsgFromServerUDP] --> SOCKET INACTIVE DURING [338] MS
[WARN]  (26/09/2016 - 22:01:30) -  - [SSNETWORKMANAGER::getMsgFromServerUDP] --> SOCKET INACTIVE DURING [341] MS
[WARN]  (26/09/2016 - 22:01:30) -  - [SSNETWORKMANAGER::getMsgFromServerUDP] --> SOCKET INACTIVE DURING [345] MS
[WARN]  (26/09/2016 - 22:01:30) -  - [SSNETWORKMANAGER::getMsgFromServerUDP] --> SOCKET INACTIVE DURING [348] MS
[WARN]  (26/09/2016 - 22:01:30) -  - [SSNETWORKMANAGER::getMsgFromServerUDP] --> SOCKET INACTIVE DURING [352] MS
[WARN]  (26/09/2016 - 22:01:30) -  - [SSNETWORKMANAGER::getMsgFromServerUDP] --> SOCKET INACTIVE DURING [355] MS
[WARN]  (26/09/2016 - 22:01:30) -  - [SSNETWORKMANAGER::getMsgFromServerUDP] --> SOCKET INACTIVE DURING [359] MS
[WARN]  (26/09/2016 - 22:01:30) -  - [SSNETWORKMANAGER::getMsgFromServerUDP] --> SOCKET INACTIVE DURING [363] MS
[WARN]  (26/09/2016 - 22:01:30) -  - [SSNETWORKMANAGER::getMsgFromServerUDP] --> SOCKET INACTIVE DURING [367] MS
[WARN]  (26/09/2016 - 22:01:30) -  - [SSNETWORKMANAGER::getMsgFromServerUDP] --> SOCKET INACTIVE DURING [370] MS
[WARN]  (26/09/2016 - 22:01:30) -  - [SSNETWORKMANAGER::getMsgFromServerUDP] --> SOCKET INACTIVE DURING [374] MS
[WARN]  (26/09/2016 - 22:01:30) -  - [SSNETWORKMANAGER::getMsgFromServerUDP] --> SOCKET INACTIVE DURING [378] MS
[WARN]  (26/09/2016 - 22:01:30) -  - [SSNETWORKMANAGER::getMsgFromServerUDP] --> SOCKET INACTIVE DURING [382] MS
[WARN]  (26/09/2016 - 22:01:30) -  - [SSNETWORKMANAGER::getMsgFromServerUDP] --> SOCKET INACTIVE DURING [386] MS
[WARN]  (26/09/2016 - 22:01:30) -  - [SSNETWORKMANAGER::getMsgFromServerUDP] --> SOCKET INACTIVE DURING [390] MS
[WARN]  (26/09/2016 - 22:01:30) -  - [SSNETWORKMANAGER::getMsgFromServerUDP] --> SOCKET INACTIVE DURING [393] MS
[WARN]  (26/09/2016 - 22:01:30) -  - [SSNETWORKMANAGER::getMsgFromServerUDP] --> SOCKET INACTIVE DURING [397] MS
[WARN]  (26/09/2016 - 22:01:30) -  - [SSNETWORKMANAGER::getMsgFromServerUDP] --> SOCKET INACTIVE DURING [401] MS
[WARN]  (26/09/2016 - 22:01:30) -  - [SSNETWORKMANAGER::getMsgFromServerUDP] --> SOCKET INACTIVE DURING [404] MS
[WARN]  (26/09/2016 - 22:01:30) -  - [SSNETWORKMANAGER::getMsgFromServerUDP] --> SOCKET INACTIVE DURING [408] MS
[WARN]  (26/09/2016 - 22:01:30) -  - [SSNETWORKMANAGER::getMsgFromServerUDP] --> SOCKET INACTIVE DURING [412] MS
[WARN]  (26/09/2016 - 22:01:30) -  - [SSNETWORKMANAGER::getMsgFromServerUDP] --> SOCKET INACTIVE DURING [415] MS
[WARN]  (26/09/2016 - 22:01:30) -  - [SSNETWORKMANAGER::getMsgFromServerUDP] --> SOCKET INACTIVE DURING [420] MS
[WARN]  (26/09/2016 - 22:01:30) -  - [SSNETWORKMANAGER::getMsgFromServerUDP] --> SOCKET INACTIVE DURING [423] MS
[WARN]  (26/09/2016 - 22:01:30) -  - [SSNETWORKMANAGER::getMsgFromServerUDP] --> SOCKET INACTIVE DURING [427] MS
[WARN]  (26/09/2016 - 22:01:30) -  - [SSNETWORKMANAGER::getMsgFromServerUDP] --> SOCKET INACTIVE DURING [431] MS
[WARN]  (26/09/2016 - 22:01:30) -  - [SSNETWORKMANAGER::getMsgFromServerUDP] --> SOCKET INACTIVE DURING [434] MS
[WARN]  (26/09/2016 - 22:01:30) -  - [SSNETWORKMANAGER::getMsgFromServerUDP] --> SOCKET INACTIVE DURING [439] MS
[WARN]  (26/09/2016 - 22:01:30) -  - [SSNETWORKMANAGER::getMsgFromServerUDP] --> SOCKET INACTIVE DURING [443] MS
[WARN]  (26/09/2016 - 22:01:30) -  - [SSNETWORKMANAGER::getMsgFromServerUDP] --> SOCKET INACTIVE DURING [447] MS
[WARN]  (26/09/2016 - 22:01:30) -  - [SSNETWORKMANAGER::getMsgFromServerUDP] --> SOCKET INACTIVE DURING [450] MS
[WARN]  (26/09/2016 - 22:01:30) -  - [SSNETWORKMANAGER::getMsgFromServerUDP] --> SOCKET INACTIVE DURING [454] MS
[WARN]  (26/09/2016 - 22:01:30) -  - [SSNETWORKMANAGER::getMsgFromServerUDP] --> SOCKET INACTIVE DURING [457] MS
[WARN]  (26/09/2016 - 22:01:30) -  - [SSNETWORKMANAGER::getMsgFromServerUDP] --> SOCKET INACTIVE DURING [462] MS
[WARN]  (26/09/2016 - 22:01:30) -  - [SSNETWORKMANAGER::getMsgFromServerUDP] --> SOCKET INACTIVE DURING [465] MS
[WARN]  (26/09/2016 - 22:01:30) -  - [SSNETWORKMANAGER::getMsgFromServerUDP] --> SOCKET INACTIVE DURING [469] MS
[WARN]  (26/09/2016 - 22:01:30) -  - [SSNETWORKMANAGER::getMsgFromServerUDP] --> SOCKET INACTIVE DURING [473] MS
[WARN]  (26/09/2016 - 22:01:30) -  - [SSNETWORKMANAGER::getMsgFromServerUDP] --> SOCKET INACTIVE DURING [477] MS
[WARN]  (26/09/2016 - 22:01:30) -  - [SSNETWORKMANAGER::getMsgFromServerUDP] --> SOCKET INACTIVE DURING [481] MS
[WARN]  (26/09/2016 - 22:01:30) -  - [SSNETWORKMANAGER::getMsgFromServerUDP] --> SOCKET INACTIVE DURING [485] MS
[WARN]  (26/09/2016 - 22:01:30) -  - [SSNETWORKMANAGER::getMsgFromServerUDP] --> SOCKET INACTIVE DURING [489] MS
[WARN]  (26/09/2016 - 22:01:30) -  - [SSNETWORKMANAGER::getMsgFromServerUDP] --> SOCKET INACTIVE DURING [492] MS
[WARN]  (26/09/2016 - 22:01:30) -  - [SSNETWORKMANAGER::getMsgFromServerUDP] --> SOCKET INACTIVE DURING [496] MS
[WARN]  (26/09/2016 - 22:01:30) -  - [SSNETWORKMANAGER::getMsgFromServerUDP] --> SOCKET INACTIVE DURING [500] MS
[WARN]  (26/09/2016 - 22:01:30) -  - [SSNETWORKMANAGER::establishCommunicationUDP] --> ACK SERVER FAILED (CONNECTION FAILED)